{"meta": {"format": 3, "version": "7.10.0", "timestamp": "2025-09-06T14:06:34.302728", "branch_coverage": true, "show_contexts": false}, "files": {"lukhas/__init__.py": {"executed_lines": [1], "summary": {"covered_lines": 0, "num_statements": 0, "percent_covered": 100.0, "percent_covered_display": "100", "missing_lines": 0, "excluded_lines": 0, "num_branches": 0, "num_partial_branches": 0, "covered_branches": 0, "missing_branches": 0}, "missing_lines": [], "excluded_lines": [], "executed_branches": [], "missing_branches": [], "functions": {"": {"executed_lines": [1], "summary": {"covered_lines": 0, "num_statements": 0, "percent_covered": 100.0, "percent_covered_display": "100", "missing_lines": 0, "excluded_lines": 0, "num_branches": 0, "num_partial_branches": 0, "covered_branches": 0, "missing_branches": 0}, "missing_lines": [], "excluded_lines": [], "executed_branches": [], "missing_branches": []}}, "classes": {"": {"executed_lines": [1], "summary": {"covered_lines": 0, "num_statements": 0, "percent_covered": 100.0, "percent_covered_display": "100", "missing_lines": 0, "excluded_lines": 0, "num_branches": 0, "num_partial_branches": 0, "covered_branches": 0, "missing_branches": 0}, "missing_lines": [], "excluded_lines": [], "executed_branches": [], "missing_branches": []}}}, "lukhas/agents/__init__.py": {"executed_lines": [], "summary": {"covered_lines": 0, "num_statements": 36, "percent_covered": 0.0, "percent_covered_display": "0", "missing_lines": 36, "excluded_lines": 0, "num_branches": 10, "num_partial_branches": 0, "covered_branches": 0, "missing_branches": 10}, "missing_lines": [16, 17, 18, 19, 22, 23, 24, 27, 28, 35, 36, 37, 38, 41, 42, 43, 53, 56, 57, 58, 65, 68, 69, 70, 76, 78, 81, 83, 84, 93, 94, 106, 107, 116, 117, 126], "excluded_lines": [], "executed_branches": [], "missing_branches": [[23, 24], [23, 27], [83, 84], [83, 93], [93, 94], [93, 106], [106, 107], [106, 116], [116, 117], [116, 126]], "functions": {"": {"executed_lines": [], "summary": {"covered_lines": 0, "num_statements": 36, "percent_covered": 0.0, "percent_covered_display": "0", "missing_lines": 36, "excluded_lines": 0, "num_branches": 10, "num_partial_branches": 0, "covered_branches": 0, "missing_branches": 10}, "missing_lines": [16, 17, 18, 19, 22, 23, 24, 27, 28, 35, 36, 37, 38, 41, 42, 43, 53, 56, 57, 58, 65, 68, 69, 70, 76, 78, 81, 83, 84, 93, 94, 106, 107, 116, 117, 126], "excluded_lines": [], "executed_branches": [], "missing_branches": [[23, 24], [23, 27], [83, 84], [83, 93], [93, 94], [93, 106], [106, 107], [106, 116], [116, 117], [116, 126]]}}, "classes": {"": {"executed_lines": [], "summary": {"covered_lines": 0, "num_statements": 36, "percent_covered": 0.0, "percent_covered_display": "0", "missing_lines": 36, "excluded_lines": 0, "num_branches": 10, "num_partial_branches": 0, "covered_branches": 0, "missing_branches": 10}, "missing_lines": [16, 17, 18, 19, 22, 23, 24, 27, 28, 35, 36, 37, 38, 41, 42, 43, 53, 56, 57, 58, 65, 68, 69, 70, 76, 78, 81, 83, 84, 93, 94, 106, 107, 116, 117, 126], "excluded_lines": [], "executed_branches": [], "missing_branches": [[23, 24], [23, 27], [83, 84], [83, 93], [93, 94], [93, 106], [106, 107], [106, 116], [116, 117], [116, 126]]}}}, "lukhas/api/__init__.py": {"executed_lines": [], "summary": {"covered_lines": 0, "num_statements": 10, "percent_covered": 0.0, "percent_covered_display": "0", "missing_lines": 10, "excluded_lines": 0, "num_branches": 2, "num_partial_branches": 0, "covered_branches": 0, "missing_branches": 2}, "missing_lines": [19, 20, 21, 24, 25, 26, 29, 31, 33, 34], "excluded_lines": [], "executed_branches": [], "missing_branches": [[25, 26], [25, 29]], "functions": {"": {"executed_lines": [], "summary": {"covered_lines": 0, "num_statements": 10, "percent_covered": 0.0, "percent_covered_display": "0", "missing_lines": 10, "excluded_lines": 0, "num_branches": 2, "num_partial_branches": 0, "covered_branches": 0, "missing_branches": 2}, "missing_lines": [19, 20, 21, 24, 25, 26, 29, 31, 33, 34], "excluded_lines": [], "executed_branches": [], "missing_branches": [[25, 26], [25, 29]]}}, "classes": {"": {"executed_lines": [], "summary": {"covered_lines": 0, "num_statements": 10, "percent_covered": 0.0, "percent_covered_display": "0", "missing_lines": 10, "excluded_lines": 0, "num_branches": 2, "num_partial_branches": 0, "covered_branches": 0, "missing_branches": 2}, "missing_lines": [19, 20, 21, 24, 25, 26, 29, 31, 33, 34], "excluded_lines": [], "executed_branches": [], "missing_branches": [[25, 26], [25, 29]]}}}, "lukhas/bio/__init__.py": {"executed_lines": [], "summary": {"covered_lines": 0, "num_statements": 6, "percent_covered": 0.0, "percent_covered_display": "0", "missing_lines": 6, "excluded_lines": 0, "num_branches": 0, "num_partial_branches": 0, "covered_branches": 0, "missing_branches": 0}, "missing_lines": [9, 16, 19, 20, 21, 24], "excluded_lines": [], "executed_branches": [], "missing_branches": [], "functions": {"": {"executed_lines": [], "summary": {"covered_lines": 0, "num_statements": 6, "percent_covered": 0.0, "percent_covered_display": "0", "missing_lines": 6, "excluded_lines": 0, "num_branches": 0, "num_partial_branches": 0, "covered_branches": 0, "missing_branches": 0}, "missing_lines": [9, 16, 19, 20, 21, 24], "excluded_lines": [], "executed_branches": [], "missing_branches": []}}, "classes": {"": {"executed_lines": [], "summary": {"covered_lines": 0, "num_statements": 6, "percent_covered": 0.0, "percent_covered_display": "0", "missing_lines": 6, "excluded_lines": 0, "num_branches": 0, "num_partial_branches": 0, "covered_branches": 0, "missing_branches": 0}, "missing_lines": [9, 16, 19, 20, 21, 24], "excluded_lines": [], "executed_branches": [], "missing_branches": []}}}, "lukhas/bio/core/__init__.py": {"executed_lines": [], "summary": {"covered_lines": 0, "num_statements": 2, "percent_covered": 0.0, "percent_covered_display": "0", "missing_lines": 2, "excluded_lines": 0, "num_branches": 0, "num_partial_branches": 0, "covered_branches": 0, "missing_branches": 0}, "missing_lines": [7, 16], "excluded_lines": [], "executed_branches": [], "missing_branches": [], "functions": {"": {"executed_lines": [], "summary": {"covered_lines": 0, "num_statements": 2, "percent_covered": 0.0, "percent_covered_display": "0", "missing_lines": 2, "excluded_lines": 0, "num_branches": 0, "num_partial_branches": 0, "covered_branches": 0, "missing_branches": 0}, "missing_lines": [7, 16], "excluded_lines": [], "executed_branches": [], "missing_branches": []}}, "classes": {"": {"executed_lines": [], "summary": {"covered_lines": 0, "num_statements": 2, "percent_covered": 0.0, "percent_covered_display": "0", "missing_lines": 2, "excluded_lines": 0, "num_branches": 0, "num_partial_branches": 0, "covered_branches": 0, "missing_branches": 0}, "missing_lines": [7, 16], "excluded_lines": [], "executed_branches": [], "missing_branches": []}}}, "lukhas/bio/core/bio_symbolic.py": {"executed_lines": [], "summary": {"covered_lines": 0, "num_statements": 140, "percent_covered": 0.0, "percent_covered_display": "0", "missing_lines": 140, "excluded_lines": 0, "num_branches": 38, "num_partial_branches": 0, "covered_branches": 0, "missing_branches": 38}, "missing_lines": [10, 11, 12, 13, 15, 18, 22, 23, 24, 25, 28, 29, 30, 31, 34, 35, 36, 37, 38, 41, 42, 43, 44, 47, 48, 49, 50, 53, 54, 55, 58, 64, 65, 66, 67, 68, 69, 71, 72, 74, 84, 86, 87, 88, 89, 90, 91, 92, 93, 94, 95, 96, 97, 99, 101, 103, 104, 107, 108, 109, 110, 111, 112, 114, 116, 124, 126, 129, 130, 131, 132, 133, 134, 136, 138, 145, 147, 149, 157, 159, 166, 168, 169, 171, 178, 180, 188, 190, 193, 194, 195, 196, 197, 198, 200, 202, 209, 211, 213, 219, 221, 228, 230, 236, 247, 248, 250, 253, 254, 256, 258, 269, 276, 278, 285, 291, 292, 293, 294, 296, 306, 308, 309, 310, 313, 315, 322, 324, 326, 336, 338, 339, 340, 341, 343, 344, 346, 350, 351, 355], "excluded_lines": [], "executed_branches": [], "missing_branches": [[86, 87], [86, 88], [88, 89], [88, 90], [90, 91], [90, 92], [92, 93], [92, 94], [94, 95], [94, 96], [96, 97], [96, 99], [107, 108], [107, 109], [109, 110], [109, 111], [111, 112], [111, 114], [129, 130], [129, 131], [131, 132], [131, 133], [133, 134], [133, 136], [193, 194], [193, 195], [195, 196], [195, 197], [197, 198], [197, 200], [308, 309], [308, 313], [338, 339], [338, 343], [340, 338], [340, 341], [343, 344], [343, 346]], "functions": {"BioSymbolic.__init__": {"executed_lines": [], "summary": {"covered_lines": 0, "num_statements": 7, "percent_covered": 0.0, "percent_covered_display": "0", "missing_lines": 7, "excluded_lines": 0, "num_branches": 0, "num_partial_branches": 0, "covered_branches": 0, "missing_branches": 0}, "missing_lines": [65, 66, 67, 68, 69, 71, 72], "excluded_lines": [], "executed_branches": [], "missing_branches": []}, "BioSymbolic.process": {"executed_lines": [], "summary": {"covered_lines": 0, "num_statements": 14, "percent_covered": 0.0, "percent_covered_display": "0", "missing_lines": 14, "excluded_lines": 0, "num_branches": 12, "num_partial_branches": 0, "covered_branches": 0, "missing_branches": 12}, "missing_lines": [84, 86, 87, 88, 89, 90, 91, 92, 93, 94, 95, 96, 97, 99], "excluded_lines": [], "executed_branches": [], "missing_branches": [[86, 87], [86, 88], [88, 89], [88, 90], [90, 91], [90, 92], [92, 93], [92, 94], [94, 95], [94, 96], [96, 97], [96, 99]]}, "BioSymbolic.process_rhythm": {"executed_lines": [], "summary": {"covered_lines": 0, "num_statements": 10, "percent_covered": 0.0, "percent_covered_display": "0", "missing_lines": 10, "excluded_lines": 0, "num_branches": 6, "num_partial_branches": 0, "covered_branches": 0, "missing_branches": 6}, "missing_lines": [103, 104, 107, 108, 109, 110, 111, 112, 114, 116], "excluded_lines": [], "executed_branches": [], "missing_branches": [[107, 108], [107, 109], [109, 110], [109, 111], [111, 112], [111, 114]]}, "BioSymbolic.process_energy": {"executed_lines": [], "summary": {"covered_lines": 0, "num_statements": 9, "percent_covered": 0.0, "percent_covered_display": "0", "missing_lines": 9, "excluded_lines": 0, "num_branches": 6, "num_partial_branches": 0, "covered_branches": 0, "missing_branches": 6}, "missing_lines": [126, 129, 130, 131, 132, 133, 134, 136, 138], "excluded_lines": [], "executed_branches": [], "missing_branches": [[129, 130], [129, 131], [131, 132], [131, 133], [133, 134], [133, 136]]}, "BioSymbolic.process_dna": {"executed_lines": [], "summary": {"covered_lines": 0, "num_statements": 4, "percent_covered": 0.0, "percent_covered_display": "0", "missing_lines": 4, "excluded_lines": 0, "num_branches": 0, "num_partial_branches": 0, "covered_branches": 0, "missing_branches": 0}, "missing_lines": [147, 149, 157, 159], "excluded_lines": [], "executed_branches": [], "missing_branches": []}, "BioSymbolic.process_stress": {"executed_lines": [], "summary": {"covered_lines": 0, "num_statements": 5, "percent_covered": 0.0, "percent_covered_display": "0", "missing_lines": 5, "excluded_lines": 0, "num_branches": 0, "num_partial_branches": 0, "covered_branches": 0, "missing_branches": 0}, "missing_lines": [168, 169, 171, 178, 180], "excluded_lines": [], "executed_branches": [], "missing_branches": []}, "BioSymbolic.process_homeostasis": {"executed_lines": [], "summary": {"covered_lines": 0, "num_statements": 9, "percent_covered": 0.0, "percent_covered_display": "0", "missing_lines": 9, "excluded_lines": 0, "num_branches": 6, "num_partial_branches": 0, "covered_branches": 0, "missing_branches": 6}, "missing_lines": [190, 193, 194, 195, 196, 197, 198, 200, 202], "excluded_lines": [], "executed_branches": [], "missing_branches": [[193, 194], [193, 195], [195, 196], [195, 197], [197, 198], [197, 200]]}, "BioSymbolic.process_dream": {"executed_lines": [], "summary": {"covered_lines": 0, "num_statements": 4, "percent_covered": 0.0, "percent_covered_display": "0", "missing_lines": 4, "excluded_lines": 0, "num_branches": 0, "num_partial_branches": 0, "covered_branches": 0, "missing_branches": 0}, "missing_lines": [211, 213, 219, 221], "excluded_lines": [], "executed_branches": [], "missing_branches": []}, "BioSymbolic.process_generic": {"executed_lines": [], "summary": {"covered_lines": 0, "num_statements": 1, "percent_covered": 0.0, "percent_covered_display": "0", "missing_lines": 1, "excluded_lines": 0, "num_branches": 0, "num_partial_branches": 0, "covered_branches": 0, "missing_branches": 0}, "missing_lines": [230], "excluded_lines": [], "executed_branches": [], "missing_branches": []}, "BioSymbolic.calculate_coherence": {"executed_lines": [], "summary": {"covered_lines": 0, "num_statements": 6, "percent_covered": 0.0, "percent_covered_display": "0", "missing_lines": 6, "excluded_lines": 0, "num_branches": 0, "num_partial_branches": 0, "covered_branches": 0, "missing_branches": 0}, "missing_lines": [247, 248, 250, 253, 254, 256], "excluded_lines": [], "executed_branches": [], "missing_branches": []}, "BioSymbolic.integrate": {"executed_lines": [], "summary": {"covered_lines": 0, "num_statements": 3, "percent_covered": 0.0, "percent_covered_display": "0", "missing_lines": 3, "excluded_lines": 0, "num_branches": 0, "num_partial_branches": 0, "covered_branches": 0, "missing_branches": 0}, "missing_lines": [269, 276, 278], "excluded_lines": [], "executed_branches": [], "missing_branches": []}, "BioSymbolicOrchestrator.__init__": {"executed_lines": [], "summary": {"covered_lines": 0, "num_statements": 3, "percent_covered": 0.0, "percent_covered_display": "0", "missing_lines": 3, "excluded_lines": 0, "num_branches": 0, "num_partial_branches": 0, "covered_branches": 0, "missing_branches": 0}, "missing_lines": [292, 293, 294], "excluded_lines": [], "executed_branches": [], "missing_branches": []}, "BioSymbolicOrchestrator.orchestrate": {"executed_lines": [], "summary": {"covered_lines": 0, "num_statements": 8, "percent_covered": 0.0, "percent_covered_display": "0", "missing_lines": 8, "excluded_lines": 0, "num_branches": 2, "num_partial_branches": 0, "covered_branches": 0, "missing_branches": 2}, "missing_lines": [306, 308, 309, 310, 313, 315, 322, 324], "excluded_lines": [], "executed_branches": [], "missing_branches": [[308, 309], [308, 313]]}, "BioSymbolicOrchestrator.get_dominant_glyph": {"executed_lines": [], "summary": {"covered_lines": 0, "num_statements": 8, "percent_covered": 0.0, "percent_covered_display": "0", "missing_lines": 8, "excluded_lines": 0, "num_branches": 6, "num_partial_branches": 0, "covered_branches": 0, "missing_branches": 6}, "missing_lines": [336, 338, 339, 340, 341, 343, 344, 346], "excluded_lines": [], "executed_branches": [], "missing_branches": [[338, 339], [338, 343], [340, 338], [340, 341], [343, 344], [343, 346]]}, "": {"executed_lines": [], "summary": {"covered_lines": 0, "num_statements": 49, "percent_covered": 0.0, "percent_covered_display": "0", "missing_lines": 49, "excluded_lines": 0, "num_branches": 0, "num_partial_branches": 0, "covered_branches": 0, "missing_branches": 0}, "missing_lines": [10, 11, 12, 13, 15, 18, 22, 23, 24, 25, 28, 29, 30, 31, 34, 35, 36, 37, 38, 41, 42, 43, 44, 47, 48, 49, 50, 53, 54, 55, 58, 64, 74, 101, 124, 145, 166, 188, 209, 228, 236, 258, 285, 291, 296, 326, 350, 351, 355], "excluded_lines": [], "executed_branches": [], "missing_branches": []}}, "classes": {"SymbolicGlyph": {"executed_lines": [], "summary": {"covered_lines": 0, "num_statements": 0, "percent_covered": 100.0, "percent_covered_display": "100", "missing_lines": 0, "excluded_lines": 0, "num_branches": 0, "num_partial_branches": 0, "covered_branches": 0, "missing_branches": 0}, "missing_lines": [], "excluded_lines": [], "executed_branches": [], "missing_branches": []}, "BioSymbolic": {"executed_lines": [], "summary": {"covered_lines": 0, "num_statements": 72, "percent_covered": 0.0, "percent_covered_display": "0", "missing_lines": 72, "excluded_lines": 0, "num_branches": 30, "num_partial_branches": 0, "covered_branches": 0, "missing_branches": 30}, "missing_lines": [65, 66, 67, 68, 69, 71, 72, 84, 86, 87, 88, 89, 90, 91, 92, 93, 94, 95, 96, 97, 99, 103, 104, 107, 108, 109, 110, 111, 112, 114, 116, 126, 129, 130, 131, 132, 133, 134, 136, 138, 147, 149, 157, 159, 168, 169, 171, 178, 180, 190, 193, 194, 195, 196, 197, 198, 200, 202, 211, 213, 219, 221, 230, 247, 248, 250, 253, 254, 256, 269, 276, 278], "excluded_lines": [], "executed_branches": [], "missing_branches": [[86, 87], [86, 88], [88, 89], [88, 90], [90, 91], [90, 92], [92, 93], [92, 94], [94, 95], [94, 96], [96, 97], [96, 99], [107, 108], [107, 109], [109, 110], [109, 111], [111, 112], [111, 114], [129, 130], [129, 131], [131, 132], [131, 133], [133, 134], [133, 136], [193, 194], [193, 195], [195, 196], [195, 197], [197, 198], [197, 200]]}, "BioSymbolicOrchestrator": {"executed_lines": [], "summary": {"covered_lines": 0, "num_statements": 19, "percent_covered": 0.0, "percent_covered_display": "0", "missing_lines": 19, "excluded_lines": 0, "num_branches": 8, "num_partial_branches": 0, "covered_branches": 0, "missing_branches": 8}, "missing_lines": [292, 293, 294, 306, 308, 309, 310, 313, 315, 322, 324, 336, 338, 339, 340, 341, 343, 344, 346], "excluded_lines": [], "executed_branches": [], "missing_branches": [[308, 309], [308, 313], [338, 339], [338, 343], [340, 338], [340, 341], [343, 344], [343, 346]]}, "": {"executed_lines": [], "summary": {"covered_lines": 0, "num_statements": 49, "percent_covered": 0.0, "percent_covered_display": "0", "missing_lines": 49, "excluded_lines": 0, "num_branches": 0, "num_partial_branches": 0, "covered_branches": 0, "missing_branches": 0}, "missing_lines": [10, 11, 12, 13, 15, 18, 22, 23, 24, 25, 28, 29, 30, 31, 34, 35, 36, 37, 38, 41, 42, 43, 44, 47, 48, 49, 50, 53, 54, 55, 58, 64, 74, 101, 124, 145, 166, 188, 209, 228, 236, 258, 285, 291, 296, 326, 350, 351, 355], "excluded_lines": [], "executed_branches": [], "missing_branches": []}}}, "lukhas/bio/utilities.py": {"executed_lines": [], "summary": {"covered_lines": 0, "num_statements": 91, "percent_covered": 0.0, "percent_covered_display": "0", "missing_lines": 91, "excluded_lines": 0, "num_branches": 28, "num_partial_branches": 0, "covered_branches": 0, "missing_branches": 28}, "missing_lines": [9, 10, 11, 12, 14, 17, 23, 24, 35, 36, 37, 39, 40, 52, 53, 54, 56, 57, 69, 70, 71, 73, 74, 85, 86, 89, 90, 91, 93, 94, 95, 96, 97, 98, 100, 101, 102, 103, 104, 105, 106, 107, 109, 111, 112, 125, 127, 133, 135, 136, 148, 149, 150, 152, 153, 164, 165, 167, 168, 169, 171, 172, 174, 175, 177, 179, 180, 192, 193, 196, 197, 199, 200, 215, 216, 219, 221, 225, 227, 230, 242, 243, 246, 249, 250, 253, 256, 257, 258, 260, 264], "excluded_lines": [], "executed_branches": [], "missing_branches": [[85, 86], [85, 109], [86, 89], [86, 91], [91, 93], [91, 98], [93, 94], [93, 109], [98, 100], [98, 109], [100, 101], [100, 109], [103, 104], [103, 105], [164, 165], [164, 167], [167, 168], [167, 177], [168, 169], [168, 171], [174, 175], [174, 177], [192, 193], [192, 196], [242, 243], [242, 246], [256, 257], [256, 260]], "functions": {"BioUtilities.calculate_energy_cost": {"executed_lines": [], "summary": {"covered_lines": 0, "num_statements": 3, "percent_covered": 0.0, "percent_covered_display": "0", "missing_lines": 3, "excluded_lines": 0, "num_branches": 0, "num_partial_branches": 0, "covered_branches": 0, "missing_branches": 0}, "missing_lines": [35, 36, 37], "excluded_lines": [], "executed_branches": [], "missing_branches": []}, "BioUtilities.apply_homeostasis": {"executed_lines": [], "summary": {"covered_lines": 0, "num_statements": 3, "percent_covered": 0.0, "percent_covered_display": "0", "missing_lines": 3, "excluded_lines": 0, "num_branches": 0, "num_partial_branches": 0, "covered_branches": 0, "missing_branches": 0}, "missing_lines": [52, 53, 54], "excluded_lines": [], "executed_branches": [], "missing_branches": []}, "BioUtilities.calculate_adaptation_rate": {"executed_lines": [], "summary": {"covered_lines": 0, "num_statements": 3, "percent_covered": 0.0, "percent_covered_display": "0", "missing_lines": 3, "excluded_lines": 0, "num_branches": 0, "num_partial_branches": 0, "covered_branches": 0, "missing_branches": 0}, "missing_lines": [69, 70, 71], "excluded_lines": [], "executed_branches": [], "missing_branches": []}, "BioUtilities.apply_mutation": {"executed_lines": [], "summary": {"covered_lines": 0, "num_statements": 20, "percent_covered": 0.0, "percent_covered_display": "0", "missing_lines": 20, "excluded_lines": 0, "num_branches": 14, "num_partial_branches": 0, "covered_branches": 0, "missing_branches": 14}, "missing_lines": [85, 86, 89, 90, 91, 93, 94, 95, 96, 97, 98, 100, 101, 102, 103, 104, 105, 106, 107, 109], "excluded_lines": [], "executed_branches": [], "missing_branches": [[85, 86], [85, 109], [86, 89], [86, 91], [91, 93], [91, 98], [93, 94], [93, 109], [98, 100], [98, 109], [100, 101], [100, 109], [103, 104], [103, 105]]}, "BioUtilities.calculate_fitness": {"executed_lines": [], "summary": {"covered_lines": 0, "num_statements": 3, "percent_covered": 0.0, "percent_covered_display": "0", "missing_lines": 3, "excluded_lines": 0, "num_branches": 0, "num_partial_branches": 0, "covered_branches": 0, "missing_branches": 0}, "missing_lines": [125, 127, 133], "excluded_lines": [], "executed_branches": [], "missing_branches": []}, "BioUtilities.apply_circadian_rhythm": {"executed_lines": [], "summary": {"covered_lines": 0, "num_statements": 3, "percent_covered": 0.0, "percent_covered_display": "0", "missing_lines": 3, "excluded_lines": 0, "num_branches": 0, "num_partial_branches": 0, "covered_branches": 0, "missing_branches": 0}, "missing_lines": [148, 149, 150], "excluded_lines": [], "executed_branches": [], "missing_branches": []}, "BioUtilities.calculate_swarm_consensus": {"executed_lines": [], "summary": {"covered_lines": 0, "num_statements": 10, "percent_covered": 0.0, "percent_covered_display": "0", "missing_lines": 10, "excluded_lines": 0, "num_branches": 8, "num_partial_branches": 0, "covered_branches": 0, "missing_branches": 8}, "missing_lines": [164, 165, 167, 168, 169, 171, 172, 174, 175, 177], "excluded_lines": [], "executed_branches": [], "missing_branches": [[164, 165], [164, 167], [167, 168], [167, 177], [168, 169], [168, 171], [174, 175], [174, 177]]}, "BioUtilities.generate_growth_pattern": {"executed_lines": [], "summary": {"covered_lines": 0, "num_statements": 4, "percent_covered": 0.0, "percent_covered_display": "0", "missing_lines": 4, "excluded_lines": 0, "num_branches": 2, "num_partial_branches": 0, "covered_branches": 0, "missing_branches": 2}, "missing_lines": [192, 193, 196, 197], "excluded_lines": [], "executed_branches": [], "missing_branches": [[192, 193], [192, 196]]}, "BioUtilities.calculate_symbiosis_benefit": {"executed_lines": [], "summary": {"covered_lines": 0, "num_statements": 4, "percent_covered": 0.0, "percent_covered_display": "0", "missing_lines": 4, "excluded_lines": 0, "num_branches": 0, "num_partial_branches": 0, "covered_branches": 0, "missing_branches": 0}, "missing_lines": [215, 216, 219, 221], "excluded_lines": [], "executed_branches": [], "missing_branches": []}, "calculate_bio_energy": {"executed_lines": [], "summary": {"covered_lines": 0, "num_statements": 1, "percent_covered": 0.0, "percent_covered_display": "0", "missing_lines": 1, "excluded_lines": 0, "num_branches": 0, "num_partial_branches": 0, "covered_branches": 0, "missing_branches": 0}, "missing_lines": [227], "excluded_lines": [], "executed_branches": [], "missing_branches": []}, "apply_evolution": {"executed_lines": [], "summary": {"covered_lines": 0, "num_statements": 10, "percent_covered": 0.0, "percent_covered_display": "0", "missing_lines": 10, "excluded_lines": 0, "num_branches": 4, "num_partial_branches": 0, "covered_branches": 0, "missing_branches": 4}, "missing_lines": [242, 243, 246, 249, 250, 253, 256, 257, 258, 260], "excluded_lines": [], "executed_branches": [], "missing_branches": [[242, 243], [242, 246], [256, 257], [256, 260]]}, "": {"executed_lines": [], "summary": {"covered_lines": 0, "num_statements": 27, "percent_covered": 0.0, "percent_covered_display": "0", "missing_lines": 27, "excluded_lines": 0, "num_branches": 0, "num_partial_branches": 0, "covered_branches": 0, "missing_branches": 0}, "missing_lines": [9, 10, 11, 12, 14, 17, 23, 24, 39, 40, 56, 57, 73, 74, 111, 112, 135, 136, 152, 153, 179, 180, 199, 200, 225, 230, 264], "excluded_lines": [], "executed_branches": [], "missing_branches": []}}, "classes": {"BioUtilities": {"executed_lines": [], "summary": {"covered_lines": 0, "num_statements": 53, "percent_covered": 0.0, "percent_covered_display": "0", "missing_lines": 53, "excluded_lines": 0, "num_branches": 24, "num_partial_branches": 0, "covered_branches": 0, "missing_branches": 24}, "missing_lines": [35, 36, 37, 52, 53, 54, 69, 70, 71, 85, 86, 89, 90, 91, 93, 94, 95, 96, 97, 98, 100, 101, 102, 103, 104, 105, 106, 107, 109, 125, 127, 133, 148, 149, 150, 164, 165, 167, 168, 169, 171, 172, 174, 175, 177, 192, 193, 196, 197, 215, 216, 219, 221], "excluded_lines": [], "executed_branches": [], "missing_branches": [[85, 86], [85, 109], [86, 89], [86, 91], [91, 93], [91, 98], [93, 94], [93, 109], [98, 100], [98, 109], [100, 101], [100, 109], [103, 104], [103, 105], [164, 165], [164, 167], [167, 168], [167, 177], [168, 169], [168, 171], [174, 175], [174, 177], [192, 193], [192, 196]]}, "": {"executed_lines": [], "summary": {"covered_lines": 0, "num_statements": 38, "percent_covered": 0.0, "percent_covered_display": "0", "missing_lines": 38, "excluded_lines": 0, "num_branches": 4, "num_partial_branches": 0, "covered_branches": 0, "missing_branches": 4}, "missing_lines": [9, 10, 11, 12, 14, 17, 23, 24, 39, 40, 56, 57, 73, 74, 111, 112, 135, 136, 152, 153, 179, 180, 199, 200, 225, 227, 230, 242, 243, 246, 249, 250, 253, 256, 257, 258, 260, 264], "excluded_lines": [], "executed_branches": [], "missing_branches": [[242, 243], [242, 246], [256, 257], [256, 260]]}}}, "lukhas/branding_bridge.py": {"executed_lines": [1, 21, 22, 23, 24, 25, 27, 32, 33, 35, 36, 39, 40, 41, 44, 59, 92, 97, 111, 139, 152, 157, 160, 161, 162, 163, 167, 173, 174, 175, 177, 183, 184, 185, 187, 188, 189, 190, 191, 194, 195, 203, 221, 259, 265, 300, 329, 351, 371, 395, 415, 435, 438, 446, 455, 460, 465, 478, 483, 488, 493, 498, 503, 509], "summary": {"covered_lines": 61, "num_statements": 220, "percent_covered": 22.26277372262774, "percent_covered_display": "22", "missing_lines": 159, "excluded_lines": 0, "num_branches": 54, "num_partial_branches": 0, "covered_branches": 0, "missing_branches": 54}, "missing_lines": [94, 103, 116, 117, 119, 120, 123, 124, 126, 127, 129, 130, 133, 134, 136, 141, 142, 145, 146, 147, 148, 149, 154, 168, 169, 170, 178, 179, 180, 209, 212, 213, 214, 215, 216, 219, 223, 224, 226, 228, 229, 230, 232, 234, 235, 236, 237, 238, 239, 240, 241, 243, 244, 245, 246, 247, 248, 249, 251, 252, 253, 255, 256, 257, 261, 262, 263, 271, 275, 276, 295, 296, 298, 302, 303, 305, 306, 308, 309, 310, 311, 312, 313, 315, 316, 317, 318, 319, 320, 322, 331, 332, 334, 336, 337, 339, 340, 341, 343, 344, 345, 346, 347, 348, 349, 353, 355, 357, 358, 359, 360, 361, 363, 364, 365, 366, 367, 369, 373, 375, 376, 377, 378, 379, 381, 382, 383, 384, 385, 387, 388, 397, 398, 399, 400, 401, 403, 404, 405, 406, 407, 409, 417, 441, 442, 443, 449, 450, 451, 457, 462, 470, 475, 480, 485, 490, 495, 500, 505], "excluded_lines": [], "executed_branches": [], "missing_branches": [[116, 117], [116, 119], [123, 124], [123, 126], [126, 127], [126, 129], [129, 130], [129, 133], [133, 134], [133, 136], [141, 142], [141, 145], [223, 224], [223, 226], [229, 230], [229, 232], [234, 235], [234, 243], [243, 244], [243, 251], [261, 262], [261, 263], [295, 296], [295, 298], [302, 303], [302, 305], [308, 309], [308, 315], [315, 316], [315, 322], [331, 332], [331, 334], [336, 337], [336, 339], [340, 341], [340, 343], [357, 358], [357, 363], [363, 364], [363, 369], [375, 376], [375, 381], [381, 382], [381, 387], [397, 398], [397, 403], [404, 405], [404, 406], [406, 407], [406, 409], [441, 442], [441, 443], [449, 450], [449, 451]], "functions": {"_get_system_signature": {"executed_lines": [], "summary": {"covered_lines": 0, "num_statements": 1, "percent_covered": 0.0, "percent_covered_display": "0", "missing_lines": 1, "excluded_lines": 0, "num_branches": 0, "num_partial_branches": 0, "covered_branches": 0, "missing_branches": 0}, "missing_lines": [94], "excluded_lines": [], "executed_branches": [], "missing_branches": []}, "get_trinity_description": {"executed_lines": [], "summary": {"covered_lines": 0, "num_statements": 1, "percent_covered": 0.0, "percent_covered_display": "0", "missing_lines": 1, "excluded_lines": 0, "num_branches": 0, "num_partial_branches": 0, "covered_branches": 0, "missing_branches": 0}, "missing_lines": [103], "excluded_lines": [], "executed_branches": [], "missing_branches": []}, "validate_branding_compliance": {"executed_lines": [], "summary": {"covered_lines": 0, "num_statements": 13, "percent_covered": 0.0, "percent_covered_display": "0", "missing_lines": 13, "excluded_lines": 0, "num_branches": 10, "num_partial_branches": 0, "covered_branches": 0, "missing_branches": 10}, "missing_lines": [116, 117, 119, 120, 123, 124, 126, 127, 129, 130, 133, 134, 136], "excluded_lines": [], "executed_branches": [], "missing_branches": [[116, 117], [116, 119], [123, 124], [123, 126], [126, 127], [126, 129], [129, 130], [129, 133], [133, 134], [133, 136]]}, "normalize_output": {"executed_lines": [], "summary": {"covered_lines": 0, "num_statements": 7, "percent_covered": 0.0, "percent_covered_display": "0", "missing_lines": 7, "excluded_lines": 0, "num_branches": 2, "num_partial_branches": 0, "covered_branches": 0, "missing_branches": 2}, "missing_lines": [141, 142, 145, 146, 147, 148, 149], "excluded_lines": [], "executed_branches": [], "missing_branches": [[141, 142], [141, 145]]}, "normalize_chunk": {"executed_lines": [], "summary": {"covered_lines": 0, "num_statements": 1, "percent_covered": 0.0, "percent_covered_display": "0", "missing_lines": 1, "excluded_lines": 0, "num_branches": 0, "num_partial_branches": 0, "covered_branches": 0, "missing_branches": 0}, "missing_lines": [154], "excluded_lines": [], "executed_branches": [], "missing_branches": []}, "LUKHASBrandingBridge.__init__": {"executed_lines": [], "summary": {"covered_lines": 0, "num_statements": 7, "percent_covered": 0.0, "percent_covered_display": "0", "missing_lines": 7, "excluded_lines": 0, "num_branches": 0, "num_partial_branches": 0, "covered_branches": 0, "missing_branches": 0}, "missing_lines": [209, 212, 213, 214, 215, 216, 219], "excluded_lines": [], "executed_branches": [], "missing_branches": []}, "LUKHASBrandingBridge.initialize": {"executed_lines": [], "summary": {"covered_lines": 0, "num_statements": 28, "percent_covered": 0.0, "percent_covered_display": "0", "missing_lines": 28, "excluded_lines": 0, "num_branches": 8, "num_partial_branches": 0, "covered_branches": 0, "missing_branches": 8}, "missing_lines": [223, 224, 226, 228, 229, 230, 232, 234, 235, 236, 237, 238, 239, 240, 241, 243, 244, 245, 246, 247, 248, 249, 251, 252, 253, 255, 256, 257], "excluded_lines": [], "executed_branches": [], "missing_branches": [[223, 224], [223, 226], [229, 230], [229, 232], [234, 235], [234, 243], [243, 244], [243, 251]]}, "LUKHASBrandingBridge.get_system_signature": {"executed_lines": [], "summary": {"covered_lines": 0, "num_statements": 3, "percent_covered": 0.0, "percent_covered_display": "0", "missing_lines": 3, "excluded_lines": 0, "num_branches": 2, "num_partial_branches": 0, "covered_branches": 0, "missing_branches": 2}, "missing_lines": [261, 262, 263], "excluded_lines": [], "executed_branches": [], "missing_branches": [[261, 262], [261, 263]]}, "LUKHASBrandingBridge.get_constellation_context": {"executed_lines": [], "summary": {"covered_lines": 0, "num_statements": 6, "percent_covered": 0.0, "percent_covered_display": "0", "missing_lines": 6, "excluded_lines": 0, "num_branches": 2, "num_partial_branches": 0, "covered_branches": 0, "missing_branches": 2}, "missing_lines": [271, 275, 276, 295, 296, 298], "excluded_lines": [], "executed_branches": [], "missing_branches": [[295, 296], [295, 298]]}, "LUKHASBrandingBridge.validate_output": {"executed_lines": [], "summary": {"covered_lines": 0, "num_statements": 17, "percent_covered": 0.0, "percent_covered_display": "0", "missing_lines": 17, "excluded_lines": 0, "num_branches": 6, "num_partial_branches": 0, "covered_branches": 0, "missing_branches": 6}, "missing_lines": [302, 303, 305, 306, 308, 309, 310, 311, 312, 313, 315, 316, 317, 318, 319, 320, 322], "excluded_lines": [], "executed_branches": [], "missing_branches": [[302, 303], [302, 305], [308, 309], [308, 315], [315, 316], [315, 322]]}, "LUKHASBrandingBridge.normalize_output": {"executed_lines": [], "summary": {"covered_lines": 0, "num_statements": 15, "percent_covered": 0.0, "percent_covered_display": "0", "missing_lines": 15, "excluded_lines": 0, "num_branches": 6, "num_partial_branches": 0, "covered_branches": 0, "missing_branches": 6}, "missing_lines": [331, 332, 334, 336, 337, 339, 340, 341, 343, 344, 345, 346, 347, 348, 349], "excluded_lines": [], "executed_branches": [], "missing_branches": [[331, 332], [331, 334], [336, 337], [336, 339], [340, 341], [340, 343]]}, "LUKHASBrandingBridge.get_brand_voice": {"executed_lines": [], "summary": {"covered_lines": 0, "num_statements": 13, "percent_covered": 0.0, "percent_covered_display": "0", "missing_lines": 13, "excluded_lines": 0, "num_branches": 4, "num_partial_branches": 0, "covered_branches": 0, "missing_branches": 4}, "missing_lines": [353, 355, 357, 358, 359, 360, 361, 363, 364, 365, 366, 367, 369], "excluded_lines": [], "executed_branches": [], "missing_branches": [[357, 358], [357, 363], [363, 364], [363, 369]]}, "LUKHASBrandingBridge.generate_branded_content": {"executed_lines": [], "summary": {"covered_lines": 0, "num_statements": 13, "percent_covered": 0.0, "percent_covered_display": "0", "missing_lines": 13, "excluded_lines": 0, "num_branches": 4, "num_partial_branches": 0, "covered_branches": 0, "missing_branches": 4}, "missing_lines": [373, 375, 376, 377, 378, 379, 381, 382, 383, 384, 385, 387, 388], "excluded_lines": [], "executed_branches": [], "missing_branches": [[375, 376], [375, 381], [381, 382], [381, 387]]}, "LUKHASBrandingBridge.monitor_brand_drift": {"executed_lines": [], "summary": {"covered_lines": 0, "num_statements": 11, "percent_covered": 0.0, "percent_covered_display": "0", "missing_lines": 11, "excluded_lines": 0, "num_branches": 6, "num_partial_branches": 0, "covered_branches": 0, "missing_branches": 6}, "missing_lines": [397, 398, 399, 400, 401, 403, 404, 405, 406, 407, 409], "excluded_lines": [], "executed_branches": [], "missing_branches": [[397, 398], [397, 403], [404, 405], [404, 406], [406, 407], [406, 409]]}, "LUKHASBrandingBridge.get_brand_status": {"executed_lines": [], "summary": {"covered_lines": 0, "num_statements": 1, "percent_covered": 0.0, "percent_covered_display": "0", "missing_lines": 1, "excluded_lines": 0, "num_branches": 0, "num_partial_branches": 0, "covered_branches": 0, "missing_branches": 0}, "missing_lines": [417], "excluded_lines": [], "executed_branches": [], "missing_branches": []}, "initialize_branding": {"executed_lines": [], "summary": {"covered_lines": 0, "num_statements": 3, "percent_covered": 0.0, "percent_covered_display": "0", "missing_lines": 3, "excluded_lines": 0, "num_branches": 2, "num_partial_branches": 0, "covered_branches": 0, "missing_branches": 2}, "missing_lines": [441, 442, 443], "excluded_lines": [], "executed_branches": [], "missing_branches": [[441, 442], [441, 443]]}, "get_bridge": {"executed_lines": [], "summary": {"covered_lines": 0, "num_statements": 3, "percent_covered": 0.0, "percent_covered_display": "0", "missing_lines": 3, "excluded_lines": 0, "num_branches": 2, "num_partial_branches": 0, "covered_branches": 0, "missing_branches": 2}, "missing_lines": [449, 450, 451], "excluded_lines": [], "executed_branches": [], "missing_branches": [[449, 450], [449, 451]]}, "get_system_signature": {"executed_lines": [], "summary": {"covered_lines": 0, "num_statements": 1, "percent_covered": 0.0, "percent_covered_display": "0", "missing_lines": 1, "excluded_lines": 0, "num_branches": 0, "num_partial_branches": 0, "covered_branches": 0, "missing_branches": 0}, "missing_lines": [457], "excluded_lines": [], "executed_branches": [], "missing_branches": []}, "get_constellation_context": {"executed_lines": [], "summary": {"covered_lines": 0, "num_statements": 1, "percent_covered": 0.0, "percent_covered_display": "0", "missing_lines": 1, "excluded_lines": 0, "num_branches": 0, "num_partial_branches": 0, "covered_branches": 0, "missing_branches": 0}, "missing_lines": [462], "excluded_lines": [], "executed_branches": [], "missing_branches": []}, "get_trinity_context": {"executed_lines": [], "summary": {"covered_lines": 0, "num_statements": 2, "percent_covered": 0.0, "percent_covered_display": "0", "missing_lines": 2, "excluded_lines": 0, "num_branches": 0, "num_partial_branches": 0, "covered_branches": 0, "missing_branches": 0}, "missing_lines": [470, 475], "excluded_lines": [], "executed_branches": [], "missing_branches": []}, "validate_output": {"executed_lines": [], "summary": {"covered_lines": 0, "num_statements": 1, "percent_covered": 0.0, "percent_covered_display": "0", "missing_lines": 1, "excluded_lines": 0, "num_branches": 0, "num_partial_branches": 0, "covered_branches": 0, "missing_branches": 0}, "missing_lines": [480], "excluded_lines": [], "executed_branches": [], "missing_branches": []}, "normalize_output_text": {"executed_lines": [], "summary": {"covered_lines": 0, "num_statements": 1, "percent_covered": 0.0, "percent_covered_display": "0", "missing_lines": 1, "excluded_lines": 0, "num_branches": 0, "num_partial_branches": 0, "covered_branches": 0, "missing_branches": 0}, "missing_lines": [485], "excluded_lines": [], "executed_branches": [], "missing_branches": []}, "get_brand_voice": {"executed_lines": [], "summary": {"covered_lines": 0, "num_statements": 1, "percent_covered": 0.0, "percent_covered_display": "0", "missing_lines": 1, "excluded_lines": 0, "num_branches": 0, "num_partial_branches": 0, "covered_branches": 0, "missing_branches": 0}, "missing_lines": [490], "excluded_lines": [], "executed_branches": [], "missing_branches": []}, "generate_branded_content": {"executed_lines": [], "summary": {"covered_lines": 0, "num_statements": 1, "percent_covered": 0.0, "percent_covered_display": "0", "missing_lines": 1, "excluded_lines": 0, "num_branches": 0, "num_partial_branches": 0, "covered_branches": 0, "missing_branches": 0}, "missing_lines": [495], "excluded_lines": [], "executed_branches": [], "missing_branches": []}, "monitor_brand_drift": {"executed_lines": [], "summary": {"covered_lines": 0, "num_statements": 1, "percent_covered": 0.0, "percent_covered_display": "0", "missing_lines": 1, "excluded_lines": 0, "num_branches": 0, "num_partial_branches": 0, "covered_branches": 0, "missing_branches": 0}, "missing_lines": [500], "excluded_lines": [], "executed_branches": [], "missing_branches": []}, "get_brand_status": {"executed_lines": [], "summary": {"covered_lines": 0, "num_statements": 1, "percent_covered": 0.0, "percent_covered_display": "0", "missing_lines": 1, "excluded_lines": 0, "num_branches": 0, "num_partial_branches": 0, "covered_branches": 0, "missing_branches": 0}, "missing_lines": [505], "excluded_lines": [], "executed_branches": [], "missing_branches": []}, "": {"executed_lines": [1, 21, 22, 23, 24, 25, 27, 32, 33, 35, 36, 39, 40, 41, 44, 59, 92, 97, 111, 139, 152, 157, 160, 161, 162, 163, 167, 173, 174, 175, 177, 183, 184, 185, 187, 188, 189, 190, 191, 194, 195, 203, 221, 259, 265, 300, 329, 351, 371, 395, 415, 435, 438, 446, 455, 460, 465, 478, 483, 488, 493, 498, 503, 509], "summary": {"covered_lines": 61, "num_statements": 67, "percent_covered": 91.04477611940298, "percent_covered_display": "91", "missing_lines": 6, "excluded_lines": 0, "num_branches": 0, "num_partial_branches": 0, "covered_branches": 0, "missing_branches": 0}, "missing_lines": [168, 169, 170, 178, 179, 180], "excluded_lines": [], "executed_branches": [], "missing_branches": []}}, "classes": {"BrandContext": {"executed_lines": [], "summary": {"covered_lines": 0, "num_statements": 0, "percent_covered": 100.0, "percent_covered_display": "100", "missing_lines": 0, "excluded_lines": 0, "num_branches": 0, "num_partial_branches": 0, "covered_branches": 0, "missing_branches": 0}, "missing_lines": [], "excluded_lines": [], "executed_branches": [], "missing_branches": []}, "LUKHASBrandingBridge": {"executed_lines": [], "summary": {"covered_lines": 0, "num_statements": 114, "percent_covered": 0.0, "percent_covered_display": "0", "missing_lines": 114, "excluded_lines": 0, "num_branches": 38, "num_partial_branches": 0, "covered_branches": 0, "missing_branches": 38}, "missing_lines": [209, 212, 213, 214, 215, 216, 219, 223, 224, 226, 228, 229, 230, 232, 234, 235, 236, 237, 238, 239, 240, 241, 243, 244, 245, 246, 247, 248, 249, 251, 252, 253, 255, 256, 257, 261, 262, 263, 271, 275, 276, 295, 296, 298, 302, 303, 305, 306, 308, 309, 310, 311, 312, 313, 315, 316, 317, 318, 319, 320, 322, 331, 332, 334, 336, 337, 339, 340, 341, 343, 344, 345, 346, 347, 348, 349, 353, 355, 357, 358, 359, 360, 361, 363, 364, 365, 366, 367, 369, 373, 375, 376, 377, 378, 379, 381, 382, 383, 384, 385, 387, 388, 397, 398, 399, 400, 401, 403, 404, 405, 406, 407, 409, 417], "excluded_lines": [], "executed_branches": [], "missing_branches": [[223, 224], [223, 226], [229, 230], [229, 232], [234, 235], [234, 243], [243, 244], [243, 251], [261, 262], [261, 263], [295, 296], [295, 298], [302, 303], [302, 305], [308, 309], [308, 315], [315, 316], [315, 322], [331, 332], [331, 334], [336, 337], [336, 339], [340, 341], [340, 343], [357, 358], [357, 363], [363, 364], [363, 369], [375, 376], [375, 381], [381, 382], [381, 387], [397, 398], [397, 403], [404, 405], [404, 406], [406, 407], [406, 409]]}, "": {"executed_lines": [1, 21, 22, 23, 24, 25, 27, 32, 33, 35, 36, 39, 40, 41, 44, 59, 92, 97, 111, 139, 152, 157, 160, 161, 162, 163, 167, 173, 174, 175, 177, 183, 184, 185, 187, 188, 189, 190, 191, 194, 195, 203, 221, 259, 265, 300, 329, 351, 371, 395, 415, 435, 438, 446, 455, 460, 465, 478, 483, 488, 493, 498, 503, 509], "summary": {"covered_lines": 61, "num_statements": 106, "percent_covered": 50.0, "percent_covered_display": "50", "missing_lines": 45, "excluded_lines": 0, "num_branches": 16, "num_partial_branches": 0, "covered_branches": 0, "missing_branches": 16}, "missing_lines": [94, 103, 116, 117, 119, 120, 123, 124, 126, 127, 129, 130, 133, 134, 136, 141, 142, 145, 146, 147, 148, 149, 154, 168, 169, 170, 178, 179, 180, 441, 442, 443, 449, 450, 451, 457, 462, 470, 475, 480, 485, 490, 495, 500, 505], "excluded_lines": [], "executed_branches": [], "missing_branches": [[116, 117], [116, 119], [123, 124], [123, 126], [126, 127], [126, 129], [129, 130], [129, 133], [133, 134], [133, 136], [141, 142], [141, 145], [441, 442], [441, 443], [449, 450], [449, 451]]}}}, "lukhas/bridge/__init__.py": {"executed_lines": [3, 19, 20, 21, 24, 25, 26, 29, 30, 35, 38, 39, 42, 43, 46, 49, 61, 78, 79, 82, 90], "summary": {"covered_lines": 20, "num_statements": 34, "percent_covered": 52.63157894736842, "percent_covered_display": "53", "missing_lines": 14, "excluded_lines": 0, "num_branches": 4, "num_partial_branches": 0, "covered_branches": 0, "missing_branches": 4}, "missing_lines": [31, 32, 52, 53, 54, 56, 57, 58, 63, 83, 84, 85, 86, 87], "excluded_lines": [], "executed_branches": [], "missing_branches": [[52, 53], [52, 58], [53, 54], [53, 56]], "functions": {"get_bridge_wrapper": {"executed_lines": [], "summary": {"covered_lines": 0, "num_statements": 6, "percent_covered": 0.0, "percent_covered_display": "0", "missing_lines": 6, "excluded_lines": 0, "num_branches": 4, "num_partial_branches": 0, "covered_branches": 0, "missing_branches": 4}, "missing_lines": [52, 53, 54, 56, 57, 58], "excluded_lines": [], "executed_branches": [], "missing_branches": [[52, 53], [52, 58], [53, 54], [53, 56]]}, "get_bridge_status": {"executed_lines": [], "summary": {"covered_lines": 0, "num_statements": 1, "percent_covered": 0.0, "percent_covered_display": "0", "missing_lines": 1, "excluded_lines": 0, "num_branches": 0, "num_partial_branches": 0, "covered_branches": 0, "missing_branches": 0}, "missing_lines": [63], "excluded_lines": [], "executed_branches": [], "missing_branches": []}, "": {"executed_lines": [3, 19, 20, 21, 24, 25, 26, 29, 30, 35, 38, 39, 42, 43, 46, 49, 61, 78, 79, 82, 90], "summary": {"covered_lines": 20, "num_statements": 27, "percent_covered": 74.07407407407408, "percent_covered_display": "74", "missing_lines": 7, "excluded_lines": 0, "num_branches": 0, "num_partial_branches": 0, "covered_branches": 0, "missing_branches": 0}, "missing_lines": [31, 32, 83, 84, 85, 86, 87], "excluded_lines": [], "executed_branches": [], "missing_branches": []}}, "classes": {"": {"executed_lines": [3, 19, 20, 21, 24, 25, 26, 29, 30, 35, 38, 39, 42, 43, 46, 49, 61, 78, 79, 82, 90], "summary": {"covered_lines": 20, "num_statements": 34, "percent_covered": 52.63157894736842, "percent_covered_display": "53", "missing_lines": 14, "excluded_lines": 0, "num_branches": 4, "num_partial_branches": 0, "covered_branches": 0, "missing_branches": 4}, "missing_lines": [31, 32, 52, 53, 54, 56, 57, 58, 63, 83, 84, 85, 86, 87], "excluded_lines": [], "executed_branches": [], "missing_branches": [[52, 53], [52, 58], [53, 54], [53, 56]]}}}, "lukhas/bridge/bridge_wrapper.py": {"executed_lines": [3, 11, 12, 13, 14, 15, 17, 18, 20, 23, 24, 26, 33, 34, 65, 111, 147, 148, 172, 173, 199, 200, 202, 209, 210, 259, 272, 302, 303, 308, 313, 314, 338, 339, 365, 366, 392, 407, 418, 421, 430], "summary": {"covered_lines": 37, "num_statements": 195, "percent_covered": 15.481171548117155, "percent_covered_display": "15", "missing_lines": 158, "excluded_lines": 0, "num_branches": 44, "num_partial_branches": 0, "covered_branches": 0, "missing_branches": 44}, "missing_lines": [27, 28, 29, 30, 31, 36, 37, 38, 40, 42, 45, 47, 49, 57, 58, 60, 61, 62, 63, 67, 70, 71, 72, 75, 76, 77, 80, 81, 82, 85, 86, 87, 90, 91, 92, 95, 96, 97, 100, 101, 102, 105, 106, 107, 109, 113, 116, 117, 118, 121, 122, 123, 126, 127, 128, 131, 132, 133, 136, 137, 138, 141, 142, 143, 145, 150, 151, 152, 154, 156, 165, 175, 176, 177, 179, 181, 190, 203, 204, 212, 213, 215, 217, 218, 219, 220, 222, 223, 224, 225, 227, 230, 233, 234, 235, 236, 239, 241, 252, 254, 255, 256, 257, 261, 263, 265, 267, 269, 270, 274, 275, 283, 285, 286, 287, 289, 290, 292, 309, 310, 311, 316, 318, 320, 321, 322, 328, 330, 331, 333, 334, 335, 336, 341, 342, 344, 345, 347, 358, 360, 361, 362, 363, 368, 369, 371, 372, 374, 385, 387, 388, 389, 390, 394, 409, 424, 425, 426], "excluded_lines": [], "executed_branches": [], "missing_branches": [[36, 37], [36, 40], [71, 72], [71, 75], [81, 82], [81, 85], [91, 92], [91, 95], [101, 102], [101, 105], [117, 118], [117, 121], [127, 128], [127, 131], [137, 138], [137, 141], [151, 152], [151, 154], [154, 156], [154, 165], [176, 177], [176, 179], [179, 181], [179, 190], [212, 213], [212, 215], [218, 219], [218, 230], [234, 235], [234, 239], [235, 234], [235, 236], [274, 275], [274, 283], [285, 286], [285, 289], [320, 321], [320, 330], [341, 342], [341, 344], [368, 369], [368, 371], [424, 425], [424, 426]], "functions": {"ExternalServiceIntegration.__init__": {"executed_lines": [], "summary": {"covered_lines": 0, "num_statements": 5, "percent_covered": 0.0, "percent_covered_display": "0", "missing_lines": 5, "excluded_lines": 0, "num_branches": 0, "num_partial_branches": 0, "covered_branches": 0, "missing_branches": 0}, "missing_lines": [27, 28, 29, 30, 31], "excluded_lines": [], "executed_branches": [], "missing_branches": []}, "ExternalServiceIntegration.initialize_services": {"executed_lines": [], "summary": {"covered_lines": 0, "num_statements": 14, "percent_covered": 0.0, "percent_covered_display": "0", "missing_lines": 14, "excluded_lines": 0, "num_branches": 2, "num_partial_branches": 0, "covered_branches": 0, "missing_branches": 2}, "missing_lines": [36, 37, 38, 40, 42, 45, 47, 49, 57, 58, 60, 61, 62, 63], "excluded_lines": [], "executed_branches": [], "missing_branches": [[36, 37], [36, 40]]}, "ExternalServiceIntegration._initialize_llm_providers": {"executed_lines": [], "summary": {"covered_lines": 0, "num_statements": 26, "percent_covered": 0.0, "percent_covered_display": "0", "missing_lines": 26, "excluded_lines": 0, "num_branches": 8, "num_partial_branches": 0, "covered_branches": 0, "missing_branches": 8}, "missing_lines": [67, 70, 71, 72, 75, 76, 77, 80, 81, 82, 85, 86, 87, 90, 91, 92, 95, 96, 97, 100, 101, 102, 105, 106, 107, 109], "excluded_lines": [], "executed_branches": [], "missing_branches": [[71, 72], [71, 75], [81, 82], [81, 85], [91, 92], [91, 95], [101, 102], [101, 105]]}, "ExternalServiceIntegration._initialize_service_adapters": {"executed_lines": [], "summary": {"covered_lines": 0, "num_statements": 20, "percent_covered": 0.0, "percent_covered_display": "0", "missing_lines": 20, "excluded_lines": 0, "num_branches": 6, "num_partial_branches": 0, "covered_branches": 0, "missing_branches": 6}, "missing_lines": [113, 116, 117, 118, 121, 122, 123, 126, 127, 128, 131, 132, 133, 136, 137, 138, 141, 142, 143, 145], "excluded_lines": [], "executed_branches": [], "missing_branches": [[117, 118], [117, 121], [127, 128], [127, 131], [137, 138], [137, 141]]}, "ExternalServiceIntegration.call_llm_provider": {"executed_lines": [], "summary": {"covered_lines": 0, "num_statements": 6, "percent_covered": 0.0, "percent_covered_display": "0", "missing_lines": 6, "excluded_lines": 0, "num_branches": 4, "num_partial_branches": 0, "covered_branches": 0, "missing_branches": 4}, "missing_lines": [150, 151, 152, 154, 156, 165], "excluded_lines": [], "executed_branches": [], "missing_branches": [[151, 152], [151, 154], [154, 156], [154, 165]]}, "ExternalServiceIntegration.call_service_adapter": {"executed_lines": [], "summary": {"covered_lines": 0, "num_statements": 6, "percent_covered": 0.0, "percent_covered_display": "0", "missing_lines": 6, "excluded_lines": 0, "num_branches": 4, "num_partial_branches": 0, "covered_branches": 0, "missing_branches": 4}, "missing_lines": [175, 176, 177, 179, 181, 190], "excluded_lines": [], "executed_branches": [], "missing_branches": [[176, 177], [176, 179], [179, 181], [179, 190]]}, "MultiModelOrchestrator.__init__": {"executed_lines": [], "summary": {"covered_lines": 0, "num_statements": 2, "percent_covered": 0.0, "percent_covered_display": "0", "missing_lines": 2, "excluded_lines": 0, "num_branches": 0, "num_partial_branches": 0, "covered_branches": 0, "missing_branches": 0}, "missing_lines": [203, 204], "excluded_lines": [], "executed_branches": [], "missing_branches": []}, "MultiModelOrchestrator.consensus_process": {"executed_lines": [], "summary": {"covered_lines": 0, "num_statements": 24, "percent_covered": 0.0, "percent_covered_display": "0", "missing_lines": 24, "excluded_lines": 0, "num_branches": 8, "num_partial_branches": 0, "covered_branches": 0, "missing_branches": 8}, "missing_lines": [212, 213, 215, 217, 218, 219, 220, 222, 223, 224, 225, 227, 230, 233, 234, 235, 236, 239, 241, 252, 254, 255, 256, 257], "excluded_lines": [], "executed_branches": [], "missing_branches": [[212, 213], [212, 215], [218, 219], [218, 230], [234, 235], [234, 239], [235, 234], [235, 236]]}, "MultiModelOrchestrator._process_with_model": {"executed_lines": [], "summary": {"covered_lines": 0, "num_statements": 6, "percent_covered": 0.0, "percent_covered_display": "0", "missing_lines": 6, "excluded_lines": 0, "num_branches": 0, "num_partial_branches": 0, "covered_branches": 0, "missing_branches": 0}, "missing_lines": [261, 263, 265, 267, 269, 270], "excluded_lines": [], "executed_branches": [], "missing_branches": []}, "MultiModelOrchestrator._synthesize_consensus": {"executed_lines": [], "summary": {"covered_lines": 0, "num_statements": 9, "percent_covered": 0.0, "percent_covered_display": "0", "missing_lines": 9, "excluded_lines": 0, "num_branches": 4, "num_partial_branches": 0, "covered_branches": 0, "missing_branches": 4}, "missing_lines": [274, 275, 283, 285, 286, 287, 289, 290, 292], "excluded_lines": [], "executed_branches": [], "missing_branches": [[274, 275], [274, 283], [285, 286], [285, 289]]}, "BridgeWrapper.__init__": {"executed_lines": [], "summary": {"covered_lines": 0, "num_statements": 3, "percent_covered": 0.0, "percent_covered_display": "0", "missing_lines": 3, "excluded_lines": 0, "num_branches": 0, "num_partial_branches": 0, "covered_branches": 0, "missing_branches": 0}, "missing_lines": [309, 310, 311], "excluded_lines": [], "executed_branches": [], "missing_branches": []}, "BridgeWrapper.initialize": {"executed_lines": [], "summary": {"covered_lines": 0, "num_statements": 12, "percent_covered": 0.0, "percent_covered_display": "0", "missing_lines": 12, "excluded_lines": 0, "num_branches": 2, "num_partial_branches": 0, "covered_branches": 0, "missing_branches": 2}, "missing_lines": [316, 318, 320, 321, 322, 328, 330, 331, 333, 334, 335, 336], "excluded_lines": [], "executed_branches": [], "missing_branches": [[320, 321], [320, 330]]}, "BridgeWrapper.multi_model_query": {"executed_lines": [], "summary": {"covered_lines": 0, "num_statements": 10, "percent_covered": 0.0, "percent_covered_display": "0", "missing_lines": 10, "excluded_lines": 0, "num_branches": 2, "num_partial_branches": 0, "covered_branches": 0, "missing_branches": 2}, "missing_lines": [341, 342, 344, 345, 347, 358, 360, 361, 362, 363], "excluded_lines": [], "executed_branches": [], "missing_branches": [[341, 342], [341, 344]]}, "BridgeWrapper.service_operation": {"executed_lines": [], "summary": {"covered_lines": 0, "num_statements": 10, "percent_covered": 0.0, "percent_covered_display": "0", "missing_lines": 10, "excluded_lines": 0, "num_branches": 2, "num_partial_branches": 0, "covered_branches": 0, "missing_branches": 2}, "missing_lines": [368, 369, 371, 372, 374, 385, 387, 388, 389, 390], "excluded_lines": [], "executed_branches": [], "missing_branches": [[368, 369], [368, 371]]}, "BridgeWrapper.get_status": {"executed_lines": [], "summary": {"covered_lines": 0, "num_statements": 1, "percent_covered": 0.0, "percent_covered_display": "0", "missing_lines": 1, "excluded_lines": 0, "num_branches": 0, "num_partial_branches": 0, "covered_branches": 0, "missing_branches": 0}, "missing_lines": [394], "excluded_lines": [], "executed_branches": [], "missing_branches": []}, "BridgeWrapper.get_supported_providers": {"executed_lines": [], "summary": {"covered_lines": 0, "num_statements": 1, "percent_covered": 0.0, "percent_covered_display": "0", "missing_lines": 1, "excluded_lines": 0, "num_branches": 0, "num_partial_branches": 0, "covered_branches": 0, "missing_branches": 0}, "missing_lines": [409], "excluded_lines": [], "executed_branches": [], "missing_branches": []}, "get_bridge_wrapper": {"executed_lines": [], "summary": {"covered_lines": 0, "num_statements": 3, "percent_covered": 0.0, "percent_covered_display": "0", "missing_lines": 3, "excluded_lines": 0, "num_branches": 2, "num_partial_branches": 0, "covered_branches": 0, "missing_branches": 2}, "missing_lines": [424, 425, 426], "excluded_lines": [], "executed_branches": [], "missing_branches": [[424, 425], [424, 426]]}, "": {"executed_lines": [3, 11, 12, 13, 14, 15, 17, 18, 20, 23, 24, 26, 33, 34, 65, 111, 147, 148, 172, 173, 199, 200, 202, 209, 210, 259, 272, 302, 303, 308, 313, 314, 338, 339, 365, 366, 392, 407, 418, 421, 430], "summary": {"covered_lines": 37, "num_statements": 37, "percent_covered": 100.0, "percent_covered_display": "100", "missing_lines": 0, "excluded_lines": 0, "num_branches": 0, "num_partial_branches": 0, "covered_branches": 0, "missing_branches": 0}, "missing_lines": [], "excluded_lines": [], "executed_branches": [], "missing_branches": []}}, "classes": {"ExternalServiceIntegration": {"executed_lines": [], "summary": {"covered_lines": 0, "num_statements": 77, "percent_covered": 0.0, "percent_covered_display": "0", "missing_lines": 77, "excluded_lines": 0, "num_branches": 24, "num_partial_branches": 0, "covered_branches": 0, "missing_branches": 24}, "missing_lines": [27, 28, 29, 30, 31, 36, 37, 38, 40, 42, 45, 47, 49, 57, 58, 60, 61, 62, 63, 67, 70, 71, 72, 75, 76, 77, 80, 81, 82, 85, 86, 87, 90, 91, 92, 95, 96, 97, 100, 101, 102, 105, 106, 107, 109, 113, 116, 117, 118, 121, 122, 123, 126, 127, 128, 131, 132, 133, 136, 137, 138, 141, 142, 143, 145, 150, 151, 152, 154, 156, 165, 175, 176, 177, 179, 181, 190], "excluded_lines": [], "executed_branches": [], "missing_branches": [[36, 37], [36, 40], [71, 72], [71, 75], [81, 82], [81, 85], [91, 92], [91, 95], [101, 102], [101, 105], [117, 118], [117, 121], [127, 128], [127, 131], [137, 138], [137, 141], [151, 152], [151, 154], [154, 156], [154, 165], [176, 177], [176, 179], [179, 181], [179, 190]]}, "MultiModelOrchestrator": {"executed_lines": [], "summary": {"covered_lines": 0, "num_statements": 41, "percent_covered": 0.0, "percent_covered_display": "0", "missing_lines": 41, "excluded_lines": 0, "num_branches": 12, "num_partial_branches": 0, "covered_branches": 0, "missing_branches": 12}, "missing_lines": [203, 204, 212, 213, 215, 217, 218, 219, 220, 222, 223, 224, 225, 227, 230, 233, 234, 235, 236, 239, 241, 252, 254, 255, 256, 257, 261, 263, 265, 267, 269, 270, 274, 275, 283, 285, 286, 287, 289, 290, 292], "excluded_lines": [], "executed_branches": [], "missing_branches": [[212, 213], [212, 215], [218, 219], [218, 230], [234, 235], [234, 239], [235, 234], [235, 236], [274, 275], [274, 283], [285, 286], [285, 289]]}, "BridgeWrapper": {"executed_lines": [], "summary": {"covered_lines": 0, "num_statements": 37, "percent_covered": 0.0, "percent_covered_display": "0", "missing_lines": 37, "excluded_lines": 0, "num_branches": 6, "num_partial_branches": 0, "covered_branches": 0, "missing_branches": 6}, "missing_lines": [309, 310, 311, 316, 318, 320, 321, 322, 328, 330, 331, 333, 334, 335, 336, 341, 342, 344, 345, 347, 358, 360, 361, 362, 363, 368, 369, 371, 372, 374, 385, 387, 388, 389, 390, 394, 409], "excluded_lines": [], "executed_branches": [], "missing_branches": [[320, 321], [320, 330], [341, 342], [341, 344], [368, 369], [368, 371]]}, "": {"executed_lines": [3, 11, 12, 13, 14, 15, 17, 18, 20, 23, 24, 26, 33, 34, 65, 111, 147, 148, 172, 173, 199, 200, 202, 209, 210, 259, 272, 302, 303, 308, 313, 314, 338, 339, 365, 366, 392, 407, 418, 421, 430], "summary": {"covered_lines": 37, "num_statements": 40, "percent_covered": 88.0952380952381, "percent_covered_display": "88", "missing_lines": 3, "excluded_lines": 0, "num_branches": 2, "num_partial_branches": 0, "covered_branches": 0, "missing_branches": 2}, "missing_lines": [424, 425, 426], "excluded_lines": [], "executed_branches": [], "missing_branches": [[424, 425], [424, 426]]}}}, "lukhas/bridge/llm_wrappers/__init__.py": {"executed_lines": [1, 11, 12, 13, 16, 17, 18, 19, 22, 25, 26, 29, 30, 37, 47, 48, 49, 50, 51, 52, 53, 56, 57, 63, 64, 65, 66, 68, 69, 73, 78, 87, 88, 95, 102], "summary": {"covered_lines": 34, "num_statements": 45, "percent_covered": 77.55102040816327, "percent_covered_display": "78", "missing_lines": 11, "excluded_lines": 0, "num_branches": 4, "num_partial_branches": 0, "covered_branches": 4, "missing_branches": 0}, "missing_lines": [38, 39, 40, 41, 42, 43, 74, 75, 76, 99, 100], "excluded_lines": [], "executed_branches": [[57, 63], [57, 68], [65, 57], [65, 66]], "missing_branches": [], "functions": {"_load_optional": {"executed_lines": [48, 49, 50, 51, 52, 53], "summary": {"covered_lines": 6, "num_statements": 6, "percent_covered": 100.0, "percent_covered_display": "100", "missing_lines": 0, "excluded_lines": 0, "num_branches": 0, "num_partial_branches": 0, "covered_branches": 0, "missing_branches": 0}, "missing_lines": [], "excluded_lines": [], "executed_branches": [], "missing_branches": []}, "": {"executed_lines": [1, 11, 12, 13, 16, 17, 18, 19, 22, 25, 26, 29, 30, 37, 47, 56, 57, 63, 64, 65, 66, 68, 69, 73, 78, 87, 88, 95, 102], "summary": {"covered_lines": 28, "num_statements": 39, "percent_covered": 74.4186046511628, "percent_covered_display": "74", "missing_lines": 11, "excluded_lines": 0, "num_branches": 4, "num_partial_branches": 0, "covered_branches": 4, "missing_branches": 0}, "missing_lines": [38, 39, 40, 41, 42, 43, 74, 75, 76, 99, 100], "excluded_lines": [], "executed_branches": [[57, 63], [57, 68], [65, 57], [65, 66]], "missing_branches": []}}, "classes": {"": {"executed_lines": [1, 11, 12, 13, 16, 17, 18, 19, 22, 25, 26, 29, 30, 37, 47, 48, 49, 50, 51, 52, 53, 56, 57, 63, 64, 65, 66, 68, 69, 73, 78, 87, 88, 95, 102], "summary": {"covered_lines": 34, "num_statements": 45, "percent_covered": 77.55102040816327, "percent_covered_display": "78", "missing_lines": 11, "excluded_lines": 0, "num_branches": 4, "num_partial_branches": 0, "covered_branches": 4, "missing_branches": 0}, "missing_lines": [38, 39, 40, 41, 42, 43, 74, 75, 76, 99, 100], "excluded_lines": [], "executed_branches": [[57, 63], [57, 68], [65, 57], [65, 66]], "missing_branches": []}}}, "lukhas/bridge/llm_wrappers/anthropic_wrapper.py": {"executed_lines": [1, 10, 12, 15, 18, 56, 57, 59, 66], "summary": {"covered_lines": 7, "num_statements": 26, "percent_covered": 25.0, "percent_covered_display": "25", "missing_lines": 19, "excluded_lines": 0, "num_branches": 2, "num_partial_branches": 0, "covered_branches": 0, "missing_branches": 2}, "missing_lines": [22, 23, 25, 27, 28, 30, 31, 34, 35, 36, 37, 39, 45, 47, 48, 50, 52, 61, 62], "excluded_lines": [], "executed_branches": [], "missing_branches": [[22, 23], [22, 52]], "functions": {"_get_anthropic_wrapper_class": {"executed_lines": [], "summary": {"covered_lines": 0, "num_statements": 17, "percent_covered": 0.0, "percent_covered_display": "0", "missing_lines": 17, "excluded_lines": 0, "num_branches": 2, "num_partial_branches": 0, "covered_branches": 0, "missing_branches": 2}, "missing_lines": [22, 23, 25, 27, 28, 30, 31, 34, 35, 36, 37, 39, 45, 47, 48, 50, 52], "excluded_lines": [], "executed_branches": [], "missing_branches": [[22, 23], [22, 52]]}, "AnthropicWrapper.__new__": {"executed_lines": [], "summary": {"covered_lines": 0, "num_statements": 2, "percent_covered": 0.0, "percent_covered_display": "0", "missing_lines": 2, "excluded_lines": 0, "num_branches": 0, "num_partial_branches": 0, "covered_branches": 0, "missing_branches": 0}, "missing_lines": [61, 62], "excluded_lines": [], "executed_branches": [], "missing_branches": []}, "": {"executed_lines": [1, 10, 12, 15, 18, 56, 57, 59, 66], "summary": {"covered_lines": 7, "num_statements": 7, "percent_covered": 100.0, "percent_covered_display": "100", "missing_lines": 0, "excluded_lines": 0, "num_branches": 0, "num_partial_branches": 0, "covered_branches": 0, "missing_branches": 0}, "missing_lines": [], "excluded_lines": [], "executed_branches": [], "missing_branches": []}}, "classes": {"AnthropicWrapper": {"executed_lines": [], "summary": {"covered_lines": 0, "num_statements": 2, "percent_covered": 0.0, "percent_covered_display": "0", "missing_lines": 2, "excluded_lines": 0, "num_branches": 0, "num_partial_branches": 0, "covered_branches": 0, "missing_branches": 0}, "missing_lines": [61, 62], "excluded_lines": [], "executed_branches": [], "missing_branches": []}, "": {"executed_lines": [1, 10, 12, 15, 18, 56, 57, 59, 66], "summary": {"covered_lines": 7, "num_statements": 24, "percent_covered": 26.923076923076923, "percent_covered_display": "27", "missing_lines": 17, "excluded_lines": 0, "num_branches": 2, "num_partial_branches": 0, "covered_branches": 0, "missing_branches": 2}, "missing_lines": [22, 23, 25, 27, 28, 30, 31, 34, 35, 36, 37, 39, 45, 47, 48, 50, 52], "excluded_lines": [], "executed_branches": [], "missing_branches": [[22, 23], [22, 52]]}}}, "lukhas/bridge/llm_wrappers/openai_modulated_service.py": {"executed_lines": [1, 10, 11, 12, 13, 17, 20, 21, 23, 27, 28, 33, 34, 44, 75, 147, 164, 190, 222, 233, 237, 249], "summary": {"covered_lines": 20, "num_statements": 74, "percent_covered": 23.25581395348837, "percent_covered_display": "23", "missing_lines": 54, "excluded_lines": 0, "num_branches": 12, "num_partial_branches": 0, "covered_branches": 0, "missing_branches": 12}, "missing_lines": [24, 25, 29, 30, 60, 61, 63, 70, 71, 73, 98, 99, 101, 103, 106, 115, 116, 122, 125, 126, 128, 130, 132, 133, 134, 136, 153, 156, 157, 160, 162, 166, 167, 174, 175, 177, 205, 206, 208, 209, 211, 218, 219, 220, 228, 235, 239, 241, 251, 253, 254, 256, 262, 263], "excluded_lines": [], "executed_branches": [], "missing_branches": [[60, 61], [60, 63], [115, 116], [115, 122], [156, 157], [156, 160], [166, 167], [166, 174], [208, 209], [208, 211], [253, 254], [253, 256]], "functions": {"OpenAIModulatedService.__init__": {"executed_lines": [], "summary": {"covered_lines": 0, "num_statements": 6, "percent_covered": 0.0, "percent_covered_display": "0", "missing_lines": 6, "excluded_lines": 0, "num_branches": 2, "num_partial_branches": 0, "covered_branches": 0, "missing_branches": 2}, "missing_lines": [60, 61, 63, 70, 71, 73], "excluded_lines": [], "executed_branches": [], "missing_branches": [[60, 61], [60, 63]]}, "OpenAIModulatedService.generate": {"executed_lines": [], "summary": {"covered_lines": 0, "num_statements": 16, "percent_covered": 0.0, "percent_covered_display": "0", "missing_lines": 16, "excluded_lines": 0, "num_branches": 2, "num_partial_branches": 0, "covered_branches": 0, "missing_branches": 2}, "missing_lines": [98, 99, 101, 103, 106, 115, 116, 122, 125, 126, 128, 130, 132, 133, 134, 136], "excluded_lines": [], "executed_branches": [], "missing_branches": [[115, 116], [115, 122]]}, "OpenAIModulatedService._build_messages": {"executed_lines": [], "summary": {"covered_lines": 0, "num_statements": 5, "percent_covered": 0.0, "percent_covered_display": "0", "missing_lines": 5, "excluded_lines": 0, "num_branches": 2, "num_partial_branches": 0, "covered_branches": 0, "missing_branches": 2}, "missing_lines": [153, 156, 157, 160, 162], "excluded_lines": [], "executed_branches": [], "missing_branches": [[156, 157], [156, 160]]}, "OpenAIModulatedService._normalize_response": {"executed_lines": [], "summary": {"covered_lines": 0, "num_statements": 5, "percent_covered": 0.0, "percent_covered_display": "0", "missing_lines": 5, "excluded_lines": 0, "num_branches": 2, "num_partial_branches": 0, "covered_branches": 0, "missing_branches": 2}, "missing_lines": [166, 167, 174, 175, 177], "excluded_lines": [], "executed_branches": [], "missing_branches": [[166, 167], [166, 174]]}, "OpenAIModulatedService.embed": {"executed_lines": [], "summary": {"covered_lines": 0, "num_statements": 8, "percent_covered": 0.0, "percent_covered_display": "0", "missing_lines": 8, "excluded_lines": 0, "num_branches": 2, "num_partial_branches": 0, "covered_branches": 0, "missing_branches": 2}, "missing_lines": [205, 206, 208, 209, 211, 218, 219, 220], "excluded_lines": [], "executed_branches": [], "missing_branches": [[208, 209], [208, 211]]}, "OpenAIModulatedService.create_conversation": {"executed_lines": [], "summary": {"covered_lines": 0, "num_statements": 1, "percent_covered": 0.0, "percent_covered_display": "0", "missing_lines": 1, "excluded_lines": 0, "num_branches": 0, "num_partial_branches": 0, "covered_branches": 0, "missing_branches": 0}, "missing_lines": [228], "excluded_lines": [], "executed_branches": [], "missing_branches": []}, "OpenAIModulatedService.clear_conversation": {"executed_lines": [], "summary": {"covered_lines": 0, "num_statements": 1, "percent_covered": 0.0, "percent_covered_display": "0", "missing_lines": 1, "excluded_lines": 0, "num_branches": 0, "num_partial_branches": 0, "covered_branches": 0, "missing_branches": 0}, "missing_lines": [235], "excluded_lines": [], "executed_branches": [], "missing_branches": []}, "OpenAIModulatedService.get_metrics": {"executed_lines": [], "summary": {"covered_lines": 0, "num_statements": 2, "percent_covered": 0.0, "percent_covered_display": "0", "missing_lines": 2, "excluded_lines": 0, "num_branches": 0, "num_partial_branches": 0, "covered_branches": 0, "missing_branches": 0}, "missing_lines": [239, 241], "excluded_lines": [], "executed_branches": [], "missing_branches": []}, "OpenAIModulatedService.health_check": {"executed_lines": [], "summary": {"covered_lines": 0, "num_statements": 6, "percent_covered": 0.0, "percent_covered_display": "0", "missing_lines": 6, "excluded_lines": 0, "num_branches": 2, "num_partial_branches": 0, "covered_branches": 0, "missing_branches": 2}, "missing_lines": [251, 253, 254, 256, 262, 263], "excluded_lines": [], "executed_branches": [], "missing_branches": [[253, 254], [253, 256]]}, "": {"executed_lines": [1, 10, 11, 12, 13, 17, 20, 21, 23, 27, 28, 33, 34, 44, 75, 147, 164, 190, 222, 233, 237, 249], "summary": {"covered_lines": 20, "num_statements": 24, "percent_covered": 83.33333333333333, "percent_covered_display": "83", "missing_lines": 4, "excluded_lines": 0, "num_branches": 0, "num_partial_branches": 0, "covered_branches": 0, "missing_branches": 0}, "missing_lines": [24, 25, 29, 30], "excluded_lines": [], "executed_branches": [], "missing_branches": []}}, "classes": {"OpenAIModulatedService": {"executed_lines": [], "summary": {"covered_lines": 0, "num_statements": 50, "percent_covered": 0.0, "percent_covered_display": "0", "missing_lines": 50, "excluded_lines": 0, "num_branches": 12, "num_partial_branches": 0, "covered_branches": 0, "missing_branches": 12}, "missing_lines": [60, 61, 63, 70, 71, 73, 98, 99, 101, 103, 106, 115, 116, 122, 125, 126, 128, 130, 132, 133, 134, 136, 153, 156, 157, 160, 162, 166, 167, 174, 175, 177, 205, 206, 208, 209, 211, 218, 219, 220, 228, 235, 239, 241, 251, 253, 254, 256, 262, 263], "excluded_lines": [], "executed_branches": [], "missing_branches": [[60, 61], [60, 63], [115, 116], [115, 122], [156, 157], [156, 160], [166, 167], [166, 174], [208, 209], [208, 211], [253, 254], [253, 256]]}, "": {"executed_lines": [1, 10, 11, 12, 13, 17, 20, 21, 23, 27, 28, 33, 34, 44, 75, 147, 164, 190, 222, 233, 237, 249], "summary": {"covered_lines": 20, "num_statements": 24, "percent_covered": 83.33333333333333, "percent_covered_display": "83", "missing_lines": 4, "excluded_lines": 0, "num_branches": 0, "num_partial_branches": 0, "covered_branches": 0, "missing_branches": 0}, "missing_lines": [24, 25, 29, 30], "excluded_lines": [], "executed_branches": [], "missing_branches": []}}}, "lukhas/bridge/llm_wrappers/unified_openai_client.py": {"executed_lines": [1, 8, 9, 10, 11, 12, 13, 14, 16, 19, 20, 22, 47, 48, 50, 57, 58, 59, 61, 62, 63, 64, 65, 67, 75, 76, 77, 79, 80, 81, 82, 83, 85, 96, 110, 111, 116, 173, 201, 205, 206, 297, 345, 394, 401, 410, 411, 412], "summary": {"covered_lines": 44, "num_statements": 152, "percent_covered": 22.68041237113402, "percent_covered_display": "23", "missing_lines": 108, "excluded_lines": 0, "num_branches": 42, "num_partial_branches": 0, "covered_branches": 0, "missing_branches": 42}, "missing_lines": [23, 25, 27, 29, 31, 32, 34, 36, 38, 40, 41, 43, 51, 53, 54, 69, 87, 88, 91, 92, 94, 98, 101, 102, 105, 107, 137, 138, 139, 143, 144, 145, 146, 147, 148, 150, 151, 154, 160, 161, 162, 163, 165, 166, 169, 171, 190, 191, 193, 199, 203, 227, 230, 231, 233, 234, 235, 236, 238, 240, 242, 245, 252, 253, 254, 256, 259, 260, 261, 262, 263, 264, 266, 293, 294, 295, 303, 305, 306, 307, 315, 316, 317, 329, 330, 332, 335, 336, 337, 338, 339, 341, 342, 343, 362, 363, 369, 390, 391, 392, 396, 397, 398, 399, 403, 404, 405, 406], "excluded_lines": [], "executed_branches": [], "missing_branches": [[91, 92], [91, 94], [101, 102], [101, 105], [137, 138], [137, 143], [150, 151], [150, 154], [160, 161], [160, 162], [162, 163], [162, 165], [190, 191], [190, 193], [230, 231], [230, 242], [231, 233], [231, 240], [234, 235], [234, 238], [253, 254], [253, 256], [259, 260], [259, 266], [261, 262], [261, 266], [263, 264], [263, 266], [306, 307], [306, 335], [315, 316], [315, 332], [329, 330], [329, 332], [335, -297], [335, 336], [337, -297], [337, 338], [396, 397], [396, 399], [404, 405], [404, 406]], "functions": {"ConversationMessage.to_openai_format": {"executed_lines": [], "summary": {"covered_lines": 0, "num_statements": 1, "percent_covered": 0.0, "percent_covered_display": "0", "missing_lines": 1, "excluded_lines": 0, "num_branches": 0, "num_partial_branches": 0, "covered_branches": 0, "missing_branches": 0}, "missing_lines": [69], "excluded_lines": [], "executed_branches": [], "missing_branches": []}, "ConversationState.add_message": {"executed_lines": [], "summary": {"covered_lines": 0, "num_statements": 5, "percent_covered": 0.0, "percent_covered_display": "0", "missing_lines": 5, "excluded_lines": 0, "num_branches": 2, "num_partial_branches": 0, "covered_branches": 0, "missing_branches": 2}, "missing_lines": [87, 88, 91, 92, 94], "excluded_lines": [], "executed_branches": [], "missing_branches": [[91, 92], [91, 94]]}, "ConversationState.to_openai_messages": {"executed_lines": [], "summary": {"covered_lines": 0, "num_statements": 5, "percent_covered": 0.0, "percent_covered_display": "0", "missing_lines": 5, "excluded_lines": 0, "num_branches": 2, "num_partial_branches": 0, "covered_branches": 0, "missing_branches": 2}, "missing_lines": [98, 101, 102, 105, 107], "excluded_lines": [], "executed_branches": [], "missing_branches": [[101, 102], [101, 105]]}, "UnifiedOpenAIClient.__init__": {"executed_lines": [], "summary": {"covered_lines": 0, "num_statements": 20, "percent_covered": 0.0, "percent_covered_display": "0", "missing_lines": 20, "excluded_lines": 0, "num_branches": 8, "num_partial_branches": 0, "covered_branches": 0, "missing_branches": 8}, "missing_lines": [137, 138, 139, 143, 144, 145, 146, 147, 148, 150, 151, 154, 160, 161, 162, 163, 165, 166, 169, 171], "excluded_lines": [], "executed_branches": [], "missing_branches": [[137, 138], [137, 143], [150, 151], [150, 154], [160, 161], [160, 162], [162, 163], [162, 165]]}, "UnifiedOpenAIClient.create_conversation": {"executed_lines": [], "summary": {"covered_lines": 0, "num_statements": 4, "percent_covered": 0.0, "percent_covered_display": "0", "missing_lines": 4, "excluded_lines": 0, "num_branches": 2, "num_partial_branches": 0, "covered_branches": 0, "missing_branches": 2}, "missing_lines": [190, 191, 193, 199], "excluded_lines": [], "executed_branches": [], "missing_branches": [[190, 191], [190, 193]]}, "UnifiedOpenAIClient.get_conversation": {"executed_lines": [], "summary": {"covered_lines": 0, "num_statements": 1, "percent_covered": 0.0, "percent_covered_display": "0", "missing_lines": 1, "excluded_lines": 0, "num_branches": 0, "num_partial_branches": 0, "covered_branches": 0, "missing_branches": 0}, "missing_lines": [203], "excluded_lines": [], "executed_branches": [], "missing_branches": []}, "UnifiedOpenAIClient.chat_completion": {"executed_lines": [], "summary": {"covered_lines": 0, "num_statements": 25, "percent_covered": 0.0, "percent_covered_display": "0", "missing_lines": 25, "excluded_lines": 0, "num_branches": 14, "num_partial_branches": 0, "covered_branches": 0, "missing_branches": 14}, "missing_lines": [227, 230, 231, 233, 234, 235, 236, 238, 240, 242, 245, 252, 253, 254, 256, 259, 260, 261, 262, 263, 264, 266, 293, 294, 295], "excluded_lines": [], "executed_branches": [], "missing_branches": [[230, 231], [230, 242], [231, 233], [231, 240], [234, 235], [234, 238], [253, 254], [253, 256], [259, 260], [259, 266], [261, 262], [261, 266], [263, 264], [263, 266]]}, "UnifiedOpenAIClient._stream_chat_completion": {"executed_lines": [], "summary": {"covered_lines": 0, "num_statements": 18, "percent_covered": 0.0, "percent_covered_display": "0", "missing_lines": 18, "excluded_lines": 0, "num_branches": 10, "num_partial_branches": 0, "covered_branches": 0, "missing_branches": 10}, "missing_lines": [303, 305, 306, 307, 315, 316, 317, 329, 330, 332, 335, 336, 337, 338, 339, 341, 342, 343], "excluded_lines": [], "executed_branches": [], "missing_branches": [[306, 307], [306, 335], [315, 316], [315, 332], [329, 330], [329, 332], [335, -297], [335, 336], [337, -297], [337, 338]]}, "UnifiedOpenAIClient.embeddings": {"executed_lines": [], "summary": {"covered_lines": 0, "num_statements": 6, "percent_covered": 0.0, "percent_covered_display": "0", "missing_lines": 6, "excluded_lines": 0, "num_branches": 0, "num_partial_branches": 0, "covered_branches": 0, "missing_branches": 0}, "missing_lines": [362, 363, 369, 390, 391, 392], "excluded_lines": [], "executed_branches": [], "missing_branches": []}, "UnifiedOpenAIClient.clear_conversation": {"executed_lines": [], "summary": {"covered_lines": 0, "num_statements": 4, "percent_covered": 0.0, "percent_covered_display": "0", "missing_lines": 4, "excluded_lines": 0, "num_branches": 2, "num_partial_branches": 0, "covered_branches": 0, "missing_branches": 2}, "missing_lines": [396, 397, 398, 399], "excluded_lines": [], "executed_branches": [], "missing_branches": [[396, 397], [396, 399]]}, "UnifiedOpenAIClient.get_conversation_history": {"executed_lines": [], "summary": {"covered_lines": 0, "num_statements": 4, "percent_covered": 0.0, "percent_covered_display": "0", "missing_lines": 4, "excluded_lines": 0, "num_branches": 2, "num_partial_branches": 0, "covered_branches": 0, "missing_branches": 2}, "missing_lines": [403, 404, 405, 406], "excluded_lines": [], "executed_branches": [], "missing_branches": [[404, 405], [404, 406]]}, "": {"executed_lines": [1, 8, 9, 10, 11, 12, 13, 14, 16, 19, 20, 22, 47, 48, 50, 57, 58, 59, 61, 62, 63, 64, 65, 67, 75, 76, 77, 79, 80, 81, 82, 83, 85, 96, 110, 111, 116, 173, 201, 205, 206, 297, 345, 394, 401, 410, 411, 412], "summary": {"covered_lines": 44, "num_statements": 59, "percent_covered": 74.57627118644068, "percent_covered_display": "75", "missing_lines": 15, "excluded_lines": 0, "num_branches": 0, "num_partial_branches": 0, "covered_branches": 0, "missing_branches": 0}, "missing_lines": [23, 25, 27, 29, 31, 32, 34, 36, 38, 40, 41, 43, 51, 53, 54], "excluded_lines": [], "executed_branches": [], "missing_branches": []}}, "classes": {"ConversationMessage": {"executed_lines": [], "summary": {"covered_lines": 0, "num_statements": 1, "percent_covered": 0.0, "percent_covered_display": "0", "missing_lines": 1, "excluded_lines": 0, "num_branches": 0, "num_partial_branches": 0, "covered_branches": 0, "missing_branches": 0}, "missing_lines": [69], "excluded_lines": [], "executed_branches": [], "missing_branches": []}, "ConversationState": {"executed_lines": [], "summary": {"covered_lines": 0, "num_statements": 10, "percent_covered": 0.0, "percent_covered_display": "0", "missing_lines": 10, "excluded_lines": 0, "num_branches": 4, "num_partial_branches": 0, "covered_branches": 0, "missing_branches": 4}, "missing_lines": [87, 88, 91, 92, 94, 98, 101, 102, 105, 107], "excluded_lines": [], "executed_branches": [], "missing_branches": [[91, 92], [91, 94], [101, 102], [101, 105]]}, "UnifiedOpenAIClient": {"executed_lines": [], "summary": {"covered_lines": 0, "num_statements": 82, "percent_covered": 0.0, "percent_covered_display": "0", "missing_lines": 82, "excluded_lines": 0, "num_branches": 38, "num_partial_branches": 0, "covered_branches": 0, "missing_branches": 38}, "missing_lines": [137, 138, 139, 143, 144, 145, 146, 147, 148, 150, 151, 154, 160, 161, 162, 163, 165, 166, 169, 171, 190, 191, 193, 199, 203, 227, 230, 231, 233, 234, 235, 236, 238, 240, 242, 245, 252, 253, 254, 256, 259, 260, 261, 262, 263, 264, 266, 293, 294, 295, 303, 305, 306, 307, 315, 316, 317, 329, 330, 332, 335, 336, 337, 338, 339, 341, 342, 343, 362, 363, 369, 390, 391, 392, 396, 397, 398, 399, 403, 404, 405, 406], "excluded_lines": [], "executed_branches": [], "missing_branches": [[137, 138], [137, 143], [150, 151], [150, 154], [160, 161], [160, 162], [162, 163], [162, 165], [190
[...]
es": [135], "excluded_lines": [], "executed_branches": [], "missing_branches": []}, "register_vivox_srm": {"executed_lines": [], "summary": {"covered_lines": 0, "num_statements": 1, "percent_covered": 0.0, "percent_covered_display": "0", "missing_lines": 1, "excluded_lines": 0, "num_branches": 0, "num_partial_branches": 0, "covered_branches": 0, "missing_branches": 0}, "missing_lines": [140], "excluded_lines": [], "executed_branches": [], "missing_branches": []}, "register_simulation_branch_class": {"executed_lines": [], "summary": {"covered_lines": 0, "num_statements": 1, "percent_covered": 0.0, "percent_covered_display": "0", "missing_lines": 1, "excluded_lines": 0, "num_branches": 0, "num_partial_branches": 0, "covered_branches": 0, "missing_branches": 0}, "missing_lines": [145], "excluded_lines": [], "executed_branches": [], "missing_branches": []}, "VivoxWrapper.__init__": {"executed_lines": [], "summary": {"covered_lines": 0, "num_statements": 9, "percent_covered": 0.0, "percent_covered_display": "0", "missing_lines": 9, "excluded_lines": 0, "num_branches": 4, "num_partial_branches": 0, "covered_branches": 0, "missing_branches": 4}, "missing_lines": [227, 228, 229, 230, 231, 234, 235, 238, 239], "excluded_lines": [], "executed_branches": [], "missing_branches": [[234, 235], [234, 238], [238, -225], [238, 239]]}, "VivoxWrapper._initialize_candidate_system": {"executed_lines": [], "summary": {"covered_lines": 0, "num_statements": 20, "percent_covered": 0.0, "percent_covered_display": "0", "missing_lines": 20, "excluded_lines": 0, "num_branches": 16, "num_partial_branches": 0, "covered_branches": 0, "missing_branches": 16}, "missing_lines": [243, 246, 247, 248, 249, 251, 252, 253, 254, 256, 257, 258, 259, 261, 262, 263, 264, 266, 268, 270], "excluded_lines": [], "executed_branches": [], "missing_branches": [[246, 247], [246, 251], [248, 249], [248, 251], [251, 252], [251, 256], [253, 254], [253, 256], [256, 257], [256, 261], [258, 259], [258, 261], [261, 262], [261, 266], [263, 264], [263, 266]]}, "VivoxWrapper.initialize_consciousness": {"executed_lines": [], "summary": {"covered_lines": 0, "num_statements": 18, "percent_covered": 0.0, "percent_covered_display": "0", "missing_lines": 18, "excluded_lines": 0, "num_branches": 10, "num_partial_branches": 0, "covered_branches": 0, "missing_branches": 10}, "missing_lines": [284, 287, 288, 290, 292, 293, 294, 295, 298, 300, 306, 307, 318, 319, 321, 339, 341, 342], "excluded_lines": [], "executed_branches": [], "missing_branches": [[287, 288], [287, 290], [292, 293], [292, 298], [294, 295], [294, 298], [298, 300], [298, 339], [306, 307], [306, 318]]}, "VivoxWrapper.update_awareness_state": {"executed_lines": [], "summary": {"covered_lines": 0, "num_statements": 24, "percent_covered": 0.0, "percent_covered_display": "0", "missing_lines": 24, "excluded_lines": 0, "num_branches": 14, "num_partial_branches": 0, "covered_branches": 0, "missing_branches": 14}, "missing_lines": [356, 358, 359, 361, 363, 364, 365, 366, 369, 370, 371, 372, 375, 376, 381, 384, 387, 388, 389, 390, 392, 406, 408, 409], "excluded_lines": [], "executed_branches": [], "missing_branches": [[358, 359], [358, 361], [363, 364], [363, 369], [365, 366], [365, 369], [369, 370], [369, 375], [371, 372], [371, 375], [375, 376], [375, 406], [388, 389], [388, 392]]}, "VivoxWrapper.process_memory_access": {"executed_lines": [], "summary": {"covered_lines": 0, "num_statements": 21, "percent_covered": 0.0, "percent_covered_display": "0", "missing_lines": 21, "excluded_lines": 0, "num_branches": 12, "num_partial_branches": 0, "covered_branches": 0, "missing_branches": 12}, "missing_lines": [423, 425, 426, 428, 430, 431, 432, 433, 436, 438, 439, 445, 456, 458, 472, 473, 475, 487, 490, 492, 493], "excluded_lines": [], "executed_branches": [], "missing_branches": [[425, 426], [425, 428], [430, 431], [430, 436], [432, 433], [432, 436], [436, 438], [436, 490], [438, 439], [438, 472], [472, 473], [472, 487]]}, "VivoxWrapper.reflect_on_state": {"executed_lines": [], "summary": {"covered_lines": 0, "num_statements": 19, "percent_covered": 0.0, "percent_covered_display": "0", "missing_lines": 19, "excluded_lines": 0, "num_branches": 10, "num_partial_branches": 0, "covered_branches": 0, "missing_branches": 10}, "missing_lines": [507, 509, 510, 512, 514, 515, 516, 517, 520, 522, 525, 528, 537, 538, 539, 547, 559, 561, 562], "excluded_lines": [], "executed_branches": [], "missing_branches": [[509, 510], [509, 512], [514, 515], [514, 520], [516, 517], [516, 520], [520, 522], [520, 559], [538, 539], [538, 547]]}, "VivoxWrapper.get_vivox_state": {"executed_lines": [], "summary": {"covered_lines": 0, "num_statements": 1, "percent_covered": 0.0, "percent_covered_display": "0", "missing_lines": 1, "excluded_lines": 0, "num_branches": 0, "num_partial_branches": 0, "covered_branches": 0, "missing_branches": 0}, "missing_lines": [575], "excluded_lines": [], "executed_branches": [], "missing_branches": []}, "VivoxWrapper._integrate_with_memory": {"executed_lines": [], "summary": {"covered_lines": 0, "num_statements": 7, "percent_covered": 0.0, "percent_covered_display": "0", "missing_lines": 7, "excluded_lines": 0, "num_branches": 2, "num_partial_branches": 0, "covered_branches": 0, "missing_branches": 2}, "missing_lines": [621, 622, 624, 626, 637, 643, 644], "excluded_lines": [], "executed_branches": [], "missing_branches": [[621, 622], [621, 624]]}, "VivoxWrapper._dry_run_initialization_response": {"executed_lines": [], "summary": {"covered_lines": 0, "num_statements": 1, "percent_covered": 0.0, "percent_covered_display": "0", "missing_lines": 1, "excluded_lines": 0, "num_branches": 0, "num_partial_branches": 0, "covered_branches": 0, "missing_branches": 0}, "missing_lines": [650], "excluded_lines": [], "executed_branches": [], "missing_branches": []}, "VivoxWrapper._dry_run_awareness_response": {"executed_lines": [], "summary": {"covered_lines": 0, "num_statements": 1, "percent_covered": 0.0, "percent_covered_display": "0", "missing_lines": 1, "excluded_lines": 0, "num_branches": 0, "num_partial_branches": 0, "covered_branches": 0, "missing_branches": 0}, "missing_lines": [664], "excluded_lines": [], "executed_branches": [], "missing_branches": []}, "VivoxWrapper._dry_run_memory_response": {"executed_lines": [], "summary": {"covered_lines": 0, "num_statements": 1, "percent_covered": 0.0, "percent_covered_display": "0", "missing_lines": 1, "excluded_lines": 0, "num_branches": 0, "num_partial_branches": 0, "covered_branches": 0, "missing_branches": 0}, "missing_lines": [678], "excluded_lines": [], "executed_branches": [], "missing_branches": []}, "VivoxWrapper._dry_run_reflection_response": {"executed_lines": [], "summary": {"covered_lines": 0, "num_statements": 1, "percent_covered": 0.0, "percent_covered_display": "0", "missing_lines": 1, "excluded_lines": 0, "num_branches": 0, "num_partial_branches": 0, "covered_branches": 0, "missing_branches": 0}, "missing_lines": [692], "excluded_lines": [], "executed_branches": [], "missing_branches": []}, "VivoxWrapper._fallback_initialization_response": {"executed_lines": [], "summary": {"covered_lines": 0, "num_statements": 2, "percent_covered": 0.0, "percent_covered_display": "0", "missing_lines": 2, "excluded_lines": 0, "num_branches": 0, "num_partial_branches": 0, "covered_branches": 0, "missing_branches": 0}, "missing_lines": [710, 711], "excluded_lines": [], "executed_branches": [], "missing_branches": []}, "VivoxWrapper._fallback_awareness_response": {"executed_lines": [], "summary": {"covered_lines": 0, "num_statements": 2, "percent_covered": 0.0, "percent_covered_display": "0", "missing_lines": 2, "excluded_lines": 0, "num_branches": 0, "num_partial_branches": 0, "covered_branches": 0, "missing_branches": 0}, "missing_lines": [723, 724], "excluded_lines": [], "executed_branches": [], "missing_branches": []}, "VivoxWrapper._fallback_memory_response": {"executed_lines": [], "summary": {"covered_lines": 0, "num_statements": 2, "percent_covered": 0.0, "percent_covered_display": "0", "missing_lines": 2, "excluded_lines": 0, "num_branches": 0, "num_partial_branches": 0, "covered_branches": 0, "missing_branches": 0}, "missing_lines": [736, 737], "excluded_lines": [], "executed_branches": [], "missing_branches": []}, "VivoxWrapper._fallback_reflection_response": {"executed_lines": [], "summary": {"covered_lines": 0, "num_statements": 2, "percent_covered": 0.0, "percent_covered_display": "0", "missing_lines": 2, "excluded_lines": 0, "num_branches": 0, "num_partial_branches": 0, "covered_branches": 0, "missing_branches": 0}, "missing_lines": [749, 750], "excluded_lines": [], "executed_branches": [], "missing_branches": []}, "VivoxWrapper._blocked_response": {"executed_lines": [], "summary": {"covered_lines": 0, "num_statements": 1, "percent_covered": 0.0, "percent_covered_display": "0", "missing_lines": 1, "excluded_lines": 0, "num_branches": 0, "num_partial_branches": 0, "covered_branches": 0, "missing_branches": 0}, "missing_lines": [762], "excluded_lines": [], "executed_branches": [], "missing_branches": []}, "VivoxWrapper._drift_blocked_response": {"executed_lines": [], "summary": {"covered_lines": 0, "num_statements": 1, "percent_covered": 0.0, "percent_covered_display": "0", "missing_lines": 1, "excluded_lines": 0, "num_branches": 0, "num_partial_branches": 0, "covered_branches": 0, "missing_branches": 0}, "missing_lines": [774], "excluded_lines": [], "executed_branches": [], "missing_branches": []}, "VivoxWrapper._error_response": {"executed_lines": [], "summary": {"covered_lines": 0, "num_statements": 1, "percent_covered": 0.0, "percent_covered_display": "0", "missing_lines": 1, "excluded_lines": 0, "num_branches": 0, "num_partial_branches": 0, "covered_branches": 0, "missing_branches": 0}, "missing_lines": [787], "excluded_lines": [], "executed_branches": [], "missing_branches": []}, "VivoxWrapper._create_simulation_branches": {"executed_lines": [], "summary": {"covered_lines": 0, "num_statements": 9, "percent_covered": 0.0, "percent_covered_display": "0", "missing_lines": 9, "excluded_lines": 0, "num_branches": 4, "num_partial_branches": 0, "covered_branches": 0, "missing_branches": 4}, "missing_lines": [797, 799, 802, 803, 804, 811, 814, 821, 823], "excluded_lines": [], "executed_branches": [], "missing_branches": [[802, 803], [802, 814], [803, 804], [803, 823]]}, "VivoxWrapper._validate_ethics": {"executed_lines": [], "summary": {"covered_lines": 0, "num_statements": 5, "percent_covered": 0.0, "percent_covered_display": "0", "missing_lines": 5, "excluded_lines": 0, "num_branches": 4, "num_partial_branches": 0, "covered_branches": 0, "missing_branches": 4}, "missing_lines": [831, 832, 840, 841, 848], "excluded_lines": [], "executed_branches": [], "missing_branches": [[831, 832], [831, 840], [840, 841], [840, 848]]}, "VivoxWrapper._detect_drift": {"executed_lines": [], "summary": {"covered_lines": 0, "num_statements": 4, "percent_covered": 0.0, "percent_covered_display": "0", "missing_lines": 4, "excluded_lines": 0, "num_branches": 0, "num_partial_branches": 0, "covered_branches": 0, "missing_branches": 0}, "missing_lines": [861, 862, 865, 867], "excluded_lines": [], "executed_branches": [], "missing_branches": []}, "get_vivox_manager": {"executed_lines": [], "summary": {"covered_lines": 0, "num_statements": 3, "percent_covered": 0.0, "percent_covered_display": "0", "missing_lines": 3, "excluded_lines": 0, "num_branches": 2, "num_partial_branches": 0, "covered_branches": 0, "missing_branches": 2}, "missing_lines": [877, 878, 879], "excluded_lines": [], "executed_branches": [], "missing_branches": [[877, 878], [877, 879]]}, "": {"executed_lines": [], "summary": {"covered_lines": 0, "num_statements": 131, "percent_covered": 0.0, "percent_covered_display": "0", "missing_lines": 131, "excluded_lines": 12, "num_branches": 0, "num_partial_branches": 0, "covered_branches": 0, "missing_branches": 0}, "missing_lines": [18, 19, 20, 21, 22, 23, 25, 26, 28, 29, 31, 32, 34, 35, 37, 39, 41, 42, 44, 45, 47, 48, 49, 50, 51, 53, 54, 55, 56, 57, 58, 59, 60, 62, 64, 65, 67, 68, 69, 72, 73, 74, 75, 76, 77, 78, 82, 89, 95, 101, 107, 110, 114, 123, 128, 133, 138, 143, 148, 151, 152, 153, 156, 159, 160, 161, 162, 165, 166, 169, 170, 171, 172, 173, 174, 175, 176, 177, 178, 181, 182, 185, 186, 187, 188, 189, 190, 191, 192, 193, 194, 195, 198, 199, 202, 203, 204, 205, 206, 207, 208, 211, 225, 241, 272, 273, 344, 345, 411, 412, 495, 496, 564, 565, 619, 648, 662, 676, 690, 708, 721, 734, 747, 760, 772, 785, 794, 825, 855, 871, 874], "excluded_lines": [84, 87, 88, 91, 93, 94, 97, 99, 100, 103, 105, 106], "executed_branches": [], "missing_branches": []}}, "classes": {"VIVOXMemoryExpansion": {"executed_lines": [], "summary": {"covered_lines": 0, "num_statements": 0, "percent_covered": 100.0, "percent_covered_display": "100", "missing_lines": 0, "excluded_lines": 2, "num_branches": 0, "num_partial_branches": 0, "covered_branches": 0, "missing_branches": 0}, "missing_lines": [], "excluded_lines": [85, 86], "executed_branches": [], "missing_branches": []}, "VIVOXMoralAlignmentEngine": {"executed_lines": [], "summary": {"covered_lines": 0, "num_statements": 0, "percent_covered": 100.0, "percent_covered_display": "100", "missing_lines": 0, "excluded_lines": 1, "num_branches": 0, "num_partial_branches": 0, "covered_branches": 0, "missing_branches": 0}, "missing_lines": [], "excluded_lines": [92], "executed_branches": [], "missing_branches": []}, "VIVOXConsciousnessInterpretationLayer": {"executed_lines": [], "summary": {"covered_lines": 0, "num_statements": 0, "percent_covered": 100.0, "percent_covered_display": "100", "missing_lines": 0, "excluded_lines": 1, "num_branches": 0, "num_partial_branches": 0, "covered_branches": 0, "missing_branches": 0}, "missing_lines": [], "excluded_lines": [98], "executed_branches": [], "missing_branches": []}, "VIVOXSelfReflectiveMemory": {"executed_lines": [], "summary": {"covered_lines": 0, "num_statements": 0, "percent_covered": 100.0, "percent_covered_display": "100", "missing_lines": 0, "excluded_lines": 1, "num_branches": 0, "num_partial_branches": 0, "covered_branches": 0, "missing_branches": 0}, "missing_lines": [], "excluded_lines": [104], "executed_branches": [], "missing_branches": []}, "SimulationBranch": {"executed_lines": [], "summary": {"covered_lines": 0, "num_statements": 0, "percent_covered": 100.0, "percent_covered_display": "100", "missing_lines": 0, "excluded_lines": 0, "num_branches": 0, "num_partial_branches": 0, "covered_branches": 0, "missing_branches": 0}, "missing_lines": [], "excluded_lines": [], "executed_branches": [], "missing_branches": []}, "SafetyMode": {"executed_lines": [], "summary": {"covered_lines": 0, "num_statements": 0, "percent_covered": 100.0, "percent_covered_display": "100", "missing_lines": 0, "excluded_lines": 0, "num_branches": 0, "num_partial_branches": 0, "covered_branches": 0, "missing_branches": 0}, "missing_lines": [], "excluded_lines": [], "executed_branches": [], "missing_branches": []}, "ConsciousnessLevel": {"executed_lines": [], "summary": {"covered_lines": 0, "num_statements": 0, "percent_covered": 100.0, "percent_covered_display": "100", "missing_lines": 0, "excluded_lines": 0, "num_branches": 0, "num_partial_branches": 0, "covered_branches": 0, "missing_branches": 0}, "missing_lines": [], "excluded_lines": [], "executed_branches": [], "missing_branches": []}, "VivoxConfig": {"executed_lines": [], "summary": {"covered_lines": 0, "num_statements": 0, "percent_covered": 100.0, "percent_covered_display": "100", "missing_lines": 0, "excluded_lines": 0, "num_branches": 0, "num_partial_branches": 0, "covered_branches": 0, "missing_branches": 0}, "missing_lines": [], "excluded_lines": [], "executed_branches": [], "missing_branches": []}, "VivoxState": {"executed_lines": [], "summary": {"covered_lines": 0, "num_statements": 0, "percent_covered": 100.0, "percent_covered_display": "100", "missing_lines": 0, "excluded_lines": 0, "num_branches": 0, "num_partial_branches": 0, "covered_branches": 0, "missing_branches": 0}, "missing_lines": [], "excluded_lines": [], "executed_branches": [], "missing_branches": []}, "ConsciousExperience": {"executed_lines": [], "summary": {"covered_lines": 0, "num_statements": 0, "percent_covered": 100.0, "percent_covered_display": "100", "missing_lines": 0, "excluded_lines": 0, "num_branches": 0, "num_partial_branches": 0, "covered_branches": 0, "missing_branches": 0}, "missing_lines": [], "excluded_lines": [], "executed_branches": [], "missing_branches": []}, "VivoxWrapper": {"executed_lines": [], "summary": {"covered_lines": 0, "num_statements": 152, "percent_covered": 0.0, "percent_covered_display": "0", "missing_lines": 152, "excluded_lines": 0, "num_branches": 76, "num_partial_branches": 0, "covered_branches": 0, "missing_branches": 76}, "missing_lines": [227, 228, 229, 230, 231, 234, 235, 238, 239, 243, 246, 247, 248, 249, 251, 252, 253, 254, 256, 257, 258, 259, 261, 262, 263, 264, 266, 268, 270, 284, 287, 288, 290, 292, 293, 294, 295, 298, 300, 306, 307, 318, 319, 321, 339, 341, 342, 356, 358, 359, 361, 363, 364, 365, 366, 369, 370, 371, 372, 375, 376, 381, 384, 387, 388, 389, 390, 392, 406, 408, 409, 423, 425, 426, 428, 430, 431, 432, 433, 436, 438, 439, 445, 456, 458, 472, 473, 475, 487, 490, 492, 493, 507, 509, 510, 512, 514, 515, 516, 517, 520, 522, 525, 528, 537, 538, 539, 547, 559, 561, 562, 575, 621, 622, 624, 626, 637, 643, 644, 650, 664, 678, 692, 710, 711, 723, 724, 736, 737, 749, 750, 762, 774, 787, 797, 799, 802, 803, 804, 811, 814, 821, 823, 831, 832, 840, 841, 848, 861, 862, 865, 867], "excluded_lines": [], "executed_branches": [], "missing_branches": [[234, 235], [234, 238], [238, -225], [238, 239], [246, 247], [246, 251], [248, 249], [248, 251], [251, 252], [251, 256], [253, 254], [253, 256], [256, 257], [256, 261], [258, 259], [258, 261], [261, 262], [261, 266], [263, 264], [263, 266], [287, 288], [287, 290], [292, 293], [292, 298], [294, 295], [294, 298], [298, 300], [298, 339], [306, 307], [306, 318], [358, 359], [358, 361], [363, 364], [363, 369], [365, 366], [365, 369], [369, 370], [369, 375], [371, 372], [371, 375], [375, 376], [375, 406], [388, 389], [388, 392], [425, 426], [425, 428], [430, 431], [430, 436], [432, 433], [432, 436], [436, 438], [436, 490], [438, 439], [438, 472], [472, 473], [472, 487], [509, 510], [509, 512], [514, 515], [514, 520], [516, 517], [516, 520], [520, 522], [520, 559], [538, 539], [538, 547], [621, 622], [621, 624], [802, 803], [802, 814], [803, 804], [803, 823], [831, 832], [831, 840], [840, 841], [840, 848]]}, "": {"executed_lines": [], "summary": {"covered_lines": 0, "num_statements": 139, "percent_covered": 0.0, "percent_covered_display": "0", "missing_lines": 139, "excluded_lines": 12, "num_branches": 2, "num_partial_branches": 0, "covered_branches": 0, "missing_branches": 2}, "missing_lines": [18, 19, 20, 21, 22, 23, 25, 26, 28, 29, 31, 32, 34, 35, 37, 39, 41, 42, 44, 45, 47, 48, 49, 50, 51, 53, 54, 55, 56, 57, 58, 59, 60, 62, 64, 65, 67, 68, 69, 72, 73, 74, 75, 76, 77, 78, 82, 89, 95, 101, 107, 110, 114, 123, 125, 128, 130, 133, 135, 138, 140, 143, 145, 148, 151, 152, 153, 156, 159, 160, 161, 162, 165, 166, 169, 170, 171, 172, 173, 174, 175, 176, 177, 178, 181, 182, 185, 186, 187, 188, 189, 190, 191, 192, 193, 194, 195, 198, 199, 202, 203, 204, 205, 206, 207, 208, 211, 225, 241, 272, 273, 344, 345, 411, 412, 495, 496, 564, 565, 619, 648, 662, 676, 690, 708, 721, 734, 747, 760, 772, 785, 794, 825, 855, 871, 874, 877, 878, 879], "excluded_lines": [84, 87, 88, 91, 93, 94, 97, 99, 100, 103, 105, 106], "executed_branches": [], "missing_branches": [[877, 878], [877, 879]]}}}}, "totals": {"covered_lines": 1817, "num_statements": 11968, "percent_covered": 12.686263885125982, "percent_covered_display": "13", "missing_lines": 10151, "excluded_lines": 66, "num_branches": 2796, "num_partial_branches": 36, "covered_branches": 56, "missing_branches": 2740}}