<?xml version="1.0" encoding="utf-8"?><testsuites name="pytest tests"><testsuite name="pytest" errors="5" failures="0" skipped="0" tests="5" time="0.471" timestamp="2025-08-31T16:48:24.682552+01:00" hostname="g.local"><testcase classname="" name="tests.candidate.bridge.orchestration.test_multi_ai_orchestrator" time="0.000"><error message="collection failure">ImportError while importing test module '/Users/agi_dev/LOCAL-REPOS/Lukhas/tests/candidate/bridge/orchestration/test_multi_ai_orchestrator.py'.
Hint: make sure your test modules/packages have valid Python names.
Traceback:
candidate/bridge/orchestration/__init__.py:13: in &lt;module&gt;
    from .multi_ai_orchestrator import MultiAIOrchestrator
candidate/bridge/orchestration/multi_ai_orchestrator.py:6: in &lt;module&gt;
    from candidate.bridge.llm_wrappers.unified_openai_client import UnifiedOpenAIClient
candidate/bridge/llm_wrappers/unified_openai_client.py:42: in &lt;module&gt;
    from openai import AsyncOpenAI, OpenAI
E   ModuleNotFoundError: No module named 'openai'

During handling of the above exception, another exception occurred:
tests/candidate/bridge/orchestration/test_multi_ai_orchestrator.py:6: in &lt;module&gt;
    from candidate.bridge.orchestration.multi_ai_orchestrator import ModelOrchestrator
candidate/bridge/orchestration/__init__.py:16: in &lt;module&gt;
    from .multi_ai_orchestrator import ModelOrchestrator as MultiAIOrchestrator
candidate/bridge/orchestration/multi_ai_orchestrator.py:6: in &lt;module&gt;
    from candidate.bridge.llm_wrappers.unified_openai_client import UnifiedOpenAIClient
candidate/bridge/llm_wrappers/unified_openai_client.py:42: in &lt;module&gt;
    from openai import AsyncOpenAI, OpenAI
E   ModuleNotFoundError: No module named 'openai'</error></testcase><testcase classname="" name="tests.candidate.tools.test_tool_executor" time="0.000"><error message="collection failure">ImportError while importing test module '/Users/agi_dev/LOCAL-REPOS/Lukhas/tests/candidate/tools/test_tool_executor.py'.
Hint: make sure your test modules/packages have valid Python names.
Traceback:
tests/candidate/tools/test_tool_executor.py:6: in &lt;module&gt;
    from candidate.tools.tool_executor import ToolExecutor
candidate/tools/tool_executor.py:21: in &lt;module&gt;
    import aiohttp
E   ModuleNotFoundError: No module named 'aiohttp'</error></testcase><testcase classname="" name="tests.consent.test_api" time="0.000"><error message="collection failure">ImportError while importing test module '/Users/agi_dev/LOCAL-REPOS/Lukhas/tests/consent/test_api.py'.
Hint: make sure your test modules/packages have valid Python names.
Traceback:
tests/consent/test_api.py:6: in &lt;module&gt;
    from consent.api import ConsentService, get_consent_service, router
consent/api.py:24: in &lt;module&gt;
    from .service import (
consent/service.py:24: in &lt;module&gt;
    import asyncpg
E   ModuleNotFoundError: No module named 'asyncpg'</error></testcase><testcase classname="" name="tests.enterprise.api.test_main" time="0.000"><error message="collection failure">ImportError while importing test module '/Users/agi_dev/LOCAL-REPOS/Lukhas/tests/enterprise/api/test_main.py'.
Hint: make sure your test modules/packages have valid Python names.
Traceback:
candidate/bridge/orchestration/__init__.py:13: in &lt;module&gt;
    from .multi_ai_orchestrator import MultiAIOrchestrator
candidate/bridge/orchestration/multi_ai_orchestrator.py:6: in &lt;module&gt;
    from candidate.bridge.llm_wrappers.unified_openai_client import UnifiedOpenAIClient
candidate/bridge/llm_wrappers/unified_openai_client.py:42: in &lt;module&gt;
    from openai import AsyncOpenAI, OpenAI
E   ModuleNotFoundError: No module named 'openai'

During handling of the above exception, another exception occurred:
tests/enterprise/api/test_main.py:8: in &lt;module&gt;
    from enterprise.api.main import app
enterprise/api/main.py:9: in &lt;module&gt;
    from candidate.bridge.orchestration.multi_ai_orchestrator import ModelOrchestrator
candidate/bridge/orchestration/__init__.py:16: in &lt;module&gt;
    from .multi_ai_orchestrator import ModelOrchestrator as MultiAIOrchestrator
candidate/bridge/orchestration/multi_ai_orchestrator.py:6: in &lt;module&gt;
    from candidate.bridge.llm_wrappers.unified_openai_client import UnifiedOpenAIClient
candidate/bridge/llm_wrappers/unified_openai_client.py:42: in &lt;module&gt;
    from openai import AsyncOpenAI, OpenAI
E   ModuleNotFoundError: No module named 'openai'</error></testcase><testcase classname="" name="tests.enterprise.compliance.test_compliance_api" time="0.000"><error message="collection failure">ImportError while importing test module '/Users/agi_dev/LOCAL-REPOS/Lukhas/tests/enterprise/compliance/test_compliance_api.py'.
Hint: make sure your test modules/packages have valid Python names.
Traceback:
tests/enterprise/compliance/test_compliance_api.py:8: in &lt;module&gt;
    from consent.api import ConsentService, get_consent_service
consent/api.py:24: in &lt;module&gt;
    from .service import (
consent/service.py:24: in &lt;module&gt;
    import asyncpg
E   ModuleNotFoundError: No module named 'asyncpg'</error></testcase></testsuite></testsuites>