<?xml version="1.0" encoding="utf-8"?><testsuites name="pytest tests"><testsuite name="pytest" errors="0" failures="3" skipped="6" tests="34" time="16.562" timestamp="2025-09-02T23:46:57.763687+01:00" hostname="g.local"><testcase classname="tests.smoke.test_health" name="test_repo_boots" time="0.001" /><testcase classname="tests.smoke.test_imports_light" name="test_lane_imports_have_file[accepted-lukhas]" time="0.001" /><testcase classname="tests.smoke.test_imports_light" name="test_lane_imports_have_file[candidate-candidate]" time="0.001" /><testcase classname="tests.smoke.test_imports_light" name="test_lane_imports_have_file[core-lukhas]" time="0.001" /><testcase classname="tests.smoke.test_imports_light" name="test_lane_imports_have_file[matriz-matriz]" time="0.008" /><testcase classname="tests.smoke.test_imports_light" name="test_lane_imports_have_file[archive-archive]" time="0.001" /><testcase classname="tests.branding.test_content_generation" name="test_single_domain_content" time="0.002"><failure message="pytest.PytestReturnNotNoneWarning: Test functions should return None, but tests/branding/test_content_generation.py::test_single_domain_content returned &lt;class 'dict'&gt;.&#10;Did you mean to use `assert` instead of `return`?&#10;See https://docs.pytest.org/en/stable/how-to/assert.html#return-not-none for more information.">../../Library/Python/3.9/lib/python/site-packages/_pytest/runner.py:344: in from_call
    result: TResult | None = func()
../../Library/Python/3.9/lib/python/site-packages/_pytest/runner.py:246: in &lt;lambda&gt;
    lambda: runtest_hook(item=item, **kwds), when=when, reraise=reraise
../../Library/Python/3.9/lib/python/site-packages/pluggy/_hooks.py:512: in __call__
    return self._hookexec(self.name, self._hookimpls.copy(), kwargs, firstresult)
../../Library/Python/3.9/lib/python/site-packages/pluggy/_manager.py:120: in _hookexec
    return self._inner_hookexec(hook_name, methods, kwargs, firstresult)
../../Library/Python/3.9/lib/python/site-packages/_pytest/logging.py:850: in pytest_runtest_call
    yield
../../Library/Python/3.9/lib/python/site-packages/_pytest/capture.py:900: in pytest_runtest_call
    return (yield)
../../Library/Python/3.9/lib/python/site-packages/_pytest/skipping.py:263: in pytest_runtest_call
    return (yield)
../../Library/Python/3.9/lib/python/site-packages/_pytest/runner.py:178: in pytest_runtest_call
    item.runtest()
../../Library/Python/3.9/lib/python/site-packages/_pytest/python.py:1671: in runtest
    self.ihook.pytest_pyfunc_call(pyfuncitem=self)
../../Library/Python/3.9/lib/python/site-packages/pluggy/_hooks.py:512: in __call__
    return self._hookexec(self.name, self._hookimpls.copy(), kwargs, firstresult)
../../Library/Python/3.9/lib/python/site-packages/pluggy/_manager.py:120: in _hookexec
    return self._inner_hookexec(hook_name, methods, kwargs, firstresult)
../../Library/Python/3.9/lib/python/site-packages/pluggy/_callers.py:53: in run_old_style_hookwrapper
    return result.get_result()
../../Library/Python/3.9/lib/python/site-packages/pluggy/_callers.py:38: in run_old_style_hookwrapper
    res = yield
../../Library/Python/3.9/lib/python/site-packages/_pytest/python.py:161: in pytest_pyfunc_call
    warnings.warn(
E   pytest.PytestReturnNotNoneWarning: Test functions should return None, but tests/branding/test_content_generation.py::test_single_domain_content returned &lt;class 'dict'&gt;.
E   Did you mean to use `assert` instead of `return`?
E   See https://docs.pytest.org/en/stable/how-to/assert.html#return-not-none for more information.</failure></testcase><testcase classname="tests.branding.test_content_generation" name="test_multiple_domains" time="0.002"><failure message="pytest.PytestReturnNotNoneWarning: Test functions should return None, but tests/branding/test_content_generation.py::test_multiple_domains returned &lt;class 'dict'&gt;.&#10;Did you mean to use `assert` instead of `return`?&#10;See https://docs.pytest.org/en/stable/how-to/assert.html#return-not-none for more information.">../../Library/Python/3.9/lib/python/site-packages/_pytest/runner.py:344: in from_call
    result: TResult | None = func()
../../Library/Python/3.9/lib/python/site-packages/_pytest/runner.py:246: in &lt;lambda&gt;
    lambda: runtest_hook(item=item, **kwds), when=when, reraise=reraise
../../Library/Python/3.9/lib/python/site-packages/pluggy/_hooks.py:512: in __call__
    return self._hookexec(self.name, self._hookimpls.copy(), kwargs, firstresult)
../../Library/Python/3.9/lib/python/site-packages/pluggy/_manager.py:120: in _hookexec
    return self._inner_hookexec(hook_name, methods, kwargs, firstresult)
../../Library/Python/3.9/lib/python/site-packages/_pytest/logging.py:850: in pytest_runtest_call
    yield
../../Library/Python/3.9/lib/python/site-packages/_pytest/capture.py:900: in pytest_runtest_call
    return (yield)
../../Library/Python/3.9/lib/python/site-packages/_pytest/skipping.py:263: in pytest_runtest_call
    return (yield)
../../Library/Python/3.9/lib/python/site-packages/_pytest/runner.py:178: in pytest_runtest_call
    item.runtest()
../../Library/Python/3.9/lib/python/site-packages/_pytest/python.py:1671: in runtest
    self.ihook.pytest_pyfunc_call(pyfuncitem=self)
../../Library/Python/3.9/lib/python/site-packages/pluggy/_hooks.py:512: in __call__
    return self._hookexec(self.name, self._hookimpls.copy(), kwargs, firstresult)
../../Library/Python/3.9/lib/python/site-packages/pluggy/_manager.py:120: in _hookexec
    return self._inner_hookexec(hook_name, methods, kwargs, firstresult)
../../Library/Python/3.9/lib/python/site-packages/pluggy/_callers.py:53: in run_old_style_hookwrapper
    return result.get_result()
../../Library/Python/3.9/lib/python/site-packages/pluggy/_callers.py:38: in run_old_style_hookwrapper
    res = yield
../../Library/Python/3.9/lib/python/site-packages/_pytest/python.py:161: in pytest_pyfunc_call
    warnings.warn(
E   pytest.PytestReturnNotNoneWarning: Test functions should return None, but tests/branding/test_content_generation.py::test_multiple_domains returned &lt;class 'dict'&gt;.
E   Did you mean to use `assert` instead of `return`?
E   See https://docs.pytest.org/en/stable/how-to/assert.html#return-not-none for more information.</failure></testcase><testcase classname="tests.branding.test_content_generation" name="test_style_guide_integration" time="0.001" /><testcase classname="tests.branding.test_content_generation" name="test_constellation_navigation" time="0.001" /><testcase classname="tests.lukhas.core.test_distributed_tracing_coverage" name="test_distributed_tracer_comprehensive_initialization" time="0.010" /><testcase classname="tests.lukhas.core.test_distributed_tracing_coverage" name="test_span_lifecycle_comprehensive" time="0.001" /><testcase classname="tests.lukhas.core.test_distributed_tracing_coverage" name="test_trace_context_propagation" time="0.000" /><testcase classname="tests.lukhas.core.test_distributed_tracing_coverage" name="test_metrics_and_observability" time="0.001" /><testcase classname="tests.lukhas.core.test_distributed_tracing_coverage" name="test_sampling_and_filtering" time="0.000" /><testcase classname="tests.lukhas.core.test_distributed_tracing_coverage" name="test_export_and_backends" time="0.001" /><testcase classname="tests.lukhas.core.test_distributed_tracing_coverage" name="test_consciousness_aware_tracing" time="0.000" /><testcase classname="tests.lukhas.core.test_distributed_tracing_coverage" name="test_error_handling_and_edge_cases" time="0.000" /><testcase classname="tests.lukhas.governance.test_real_consent_ledger" name="test_real_consent_ledger_initialization" time="0.126" /><testcase classname="tests.lukhas.governance.test_real_consent_ledger" name="test_real_consent_granting" time="0.000"><skipped type="pytest.skip" message="ConsentLedgerV1 or related classes not available">/Users/agi_dev/LOCAL-REPOS/Lukhas/tests/lukhas/governance/test_real_consent_ledger.py:62: ConsentLedgerV1 or related classes not available</skipped></testcase><testcase classname="tests.lukhas.governance.test_real_consent_ledger" name="test_real_consent_validation" time="0.000"><skipped type="pytest.skip" message="ConsentLedgerV1 not available">/Users/agi_dev/LOCAL-REPOS/Lukhas/tests/lukhas/governance/test_real_consent_ledger.py:97: ConsentLedgerV1 not available</skipped></testcase><testcase classname="tests.lukhas.governance.test_real_consent_ledger" name="test_real_consent_revocation" time="0.000"><skipped type="pytest.skip" message="ConsentLedgerV1 not available">/Users/agi_dev/LOCAL-REPOS/Lukhas/tests/lukhas/governance/test_real_consent_ledger.py:132: ConsentLedgerV1 not available</skipped></testcase><testcase classname="tests.lukhas.governance.test_real_consent_ledger" name="test_real_audit_trail" time="0.000"><skipped type="pytest.skip" message="ConsentLedgerV1 not available">/Users/agi_dev/LOCAL-REPOS/Lukhas/tests/lukhas/governance/test_real_consent_ledger.py:166: ConsentLedgerV1 not available</skipped></testcase><testcase classname="tests.lukhas.governance.test_real_consent_ledger" name="test_real_gdpr_compliance" time="15.859"><failure message="AttributeError: 'ConsentLedgerV1' object has no attribute 'export_user_data'">tests/lukhas/governance/test_real_consent_ledger.py:188: in test_real_gdpr_compliance
    user_data = ledger.export_user_data(user_id=user_id)
E   AttributeError: 'ConsentLedgerV1' object has no attribute 'export_user_data'</failure></testcase><testcase classname="tests.lukhas.governance.test_real_consent_ledger" name="test_real_trinity_framework_integration" time="0.001"><skipped type="pytest.skip" message="ConsentLedgerV1 or Trinity Framework integration not available">/Users/agi_dev/LOCAL-REPOS/Lukhas/tests/lukhas/governance/test_real_consent_ledger.py:243: ConsentLedgerV1 or Trinity Framework integration not available</skipped></testcase><testcase classname="tests.lukhas.governance.test_real_consent_ledger" name="test_real_consent_ledger_edge_cases" time="0.000"><skipped type="pytest.skip" message="ConsentLedgerV1 not available">/Users/agi_dev/LOCAL-REPOS/Lukhas/tests/lukhas/governance/test_real_consent_ledger.py:292: ConsentLedgerV1 not available</skipped></testcase><testcase classname="tests.lukhas.qi.test_qi_wrapper_comprehensive" name="test_qi_wrapper_comprehensive_initialization" time="0.133" /><testcase classname="tests.lukhas.qi.test_qi_wrapper_comprehensive" name="test_quantum_state_management" time="0.000" /><testcase classname="tests.lukhas.qi.test_qi_wrapper_comprehensive" name="test_quantum_algorithms_and_processing" time="0.000" /><testcase classname="tests.lukhas.qi.test_qi_wrapper_comprehensive" name="test_decoherence_and_noise_modeling" time="0.000" /><testcase classname="tests.lukhas.qi.test_qi_wrapper_comprehensive" name="test_consciousness_quantum_integration" time="0.000" /><testcase classname="tests.lukhas.qi.test_qi_wrapper_comprehensive" name="test_quantum_optimization_and_machine_learning" time="0.000" /><testcase classname="tests.lukhas.qi.test_qi_wrapper_comprehensive" name="test_quantum_communication_and_cryptography" time="0.000" /><testcase classname="tests.lukhas.qi.test_qi_wrapper_comprehensive" name="test_quantum_edge_cases_and_performance" time="0.000" /></testsuite></testsuites>