<?xml version="1.0" encoding="utf-8"?><testsuites name="pytest tests"><testsuite name="pytest" errors="0" failures="0" skipped="0" tests="2" time="0.222" timestamp="2025-09-04T02:02:44.901954+01:00" hostname="g.local"><testcase classname="tests.contract.test_healthz_voice_required" name="test_healthz_degraded_when_voice_required_and_probe_fails" time="0.030" /><testcase classname="tests.contract.test_healthz_voice_required" name="test_healthz_normal_when_probe_succeeds_and_not_required" time="0.001" /></testsuite></testsuites>