<?xml version="1.0" encoding="utf-8"?><testsuites name="pytest tests"><testsuite name="pytest" errors="0" failures="2" skipped="0" tests="6" time="0.228" timestamp="2025-09-02T10:02:54.537274+01:00" hostname="g.local"><testcase classname="tests.test_lukhas_id_naming_standardization" name="test_lukhas_id_generator" time="0.056"><failure message="ImportWarning: Could not import lukhas.governance.identity: cannot import name 'auth' from partially initialized module 'lukhas.governance.identity' (most likely due to a circular import) (/Users/agi_dev/LOCAL-REPOS/Lukhas/lukhas/governance/identity/__init__.py)">governance/identity/__init__.py:13: in &lt;module&gt;
    from lukhas.governance.identity import (
E   ImportError: cannot import name 'auth' from partially initialized module 'lukhas.governance.identity' (most likely due to a circular import) (/Users/agi_dev/LOCAL-REPOS/Lukhas/lukhas/governance/identity/__init__.py)

During handling of the above exception, another exception occurred:
tests/test_lukhas_id_naming_standardization.py:26: in test_lukhas_id_generator
    from candidate.governance.identity.core.id_service.lukhas_id_generator import (
candidate/governance/identity/__init__.py:24: in &lt;module&gt;
    from .interface import IdentityClient
candidate/governance/identity/interface.py:51: in &lt;module&gt;
    from governance.identity.core.sent.consent_manager import (
governance/__init__.py:13: in &lt;module&gt;
    from lukhas.governance import (
lukhas/governance/identity/__init__.py:24: in &lt;module&gt;
    from .interface import IdentityClient
lukhas/governance/identity/interface.py:45: in &lt;module&gt;
    from governance.identity.core.sent.consent_manager import (
governance/identity/__init__.py:31: in &lt;module&gt;
    warnings.warn(
E   ImportWarning: Could not import lukhas.governance.identity: cannot import name 'auth' from partially initialized module 'lukhas.governance.identity' (most likely due to a circular import) (/Users/agi_dev/LOCAL-REPOS/Lukhas/lukhas/governance/identity/__init__.py)</failure></testcase><testcase classname="tests.test_lukhas_id_naming_standardization" name="test_legacy_compatibility_with_deprecation_warnings" time="0.001" /><testcase classname="tests.test_lukhas_id_naming_standardization" name="test_universal_id_normalization" time="0.032" /><testcase classname="tests.test_lukhas_id_naming_standardization" name="test_authentication_flow_standardization" time="0.002"><failure message="ImportWarning: Could not import lukhas.governance.identity: cannot import name 'auth' from partially initialized module 'lukhas.governance.identity' (most likely due to a circular import) (/Users/agi_dev/LOCAL-REPOS/Lukhas/lukhas/governance/identity/__init__.py)">governance/identity/__init__.py:13: in &lt;module&gt;
    from lukhas.governance.identity import (
E   ImportError: cannot import name 'auth' from partially initialized module 'lukhas.governance.identity' (most likely due to a circular import) (/Users/agi_dev/LOCAL-REPOS/Lukhas/lukhas/governance/identity/__init__.py)

During handling of the above exception, another exception occurred:
tests/test_lukhas_id_naming_standardization.py:122: in test_authentication_flow_standardization
    from candidate.governance.identity.auth_integrations.wallet_bridge import create_wallet_bridge
candidate/governance/identity/__init__.py:24: in &lt;module&gt;
    from .interface import IdentityClient
candidate/governance/identity/interface.py:51: in &lt;module&gt;
    from governance.identity.core.sent.consent_manager import (
governance/__init__.py:13: in &lt;module&gt;
    from lukhas.governance import (
lukhas/governance/identity/__init__.py:24: in &lt;module&gt;
    from .interface import IdentityClient
lukhas/governance/identity/interface.py:45: in &lt;module&gt;
    from governance.identity.core.sent.consent_manager import (
governance/identity/__init__.py:31: in &lt;module&gt;
    warnings.warn(
E   ImportWarning: Could not import lukhas.governance.identity: cannot import name 'auth' from partially initialized module 'lukhas.governance.identity' (most likely due to a circular import) (/Users/agi_dev/LOCAL-REPOS/Lukhas/lukhas/governance/identity/__init__.py)</failure></testcase><testcase classname="tests.test_lukhas_id_naming_standardization" name="test_no_circular_imports" time="0.000" /><testcase classname="tests.test_lukhas_id_naming_standardization" name="test_comprehensive_migration_scenario" time="0.000" /></testsuite></testsuites>