<?xml version="1.0" encoding="utf-8"?><testsuites name="pytest tests"><testsuite name="pytest" errors="0" failures="0" skipped="5" tests="21" time="0.645" timestamp="2025-09-01T14:03:19.672727+01:00" hostname="g.local"><testcase classname="tests.bridge.test_branding_bridge_coverage" name="test_branding_bridge_import" time="0.033"><skipped type="pytest.skip" message="BrandingBridge not available">/Users/agi_dev/LOCAL-REPOS/Lukhas/tests/bridge/test_branding_bridge_coverage.py:21: BrandingBridge not available</skipped></testcase><testcase classname="tests.bridge.test_branding_bridge_coverage" name="test_branding_bridge_get_context" time="0.000"><skipped type="pytest.skip" message="BrandingBridge not available">/Users/agi_dev/LOCAL-REPOS/Lukhas/tests/bridge/test_branding_bridge_coverage.py:40: BrandingBridge not available</skipped></testcase><testcase classname="tests.bridge.test_branding_bridge_coverage" name="test_branding_bridge_message_validation" time="0.000"><skipped type="pytest.skip" message="BrandingBridge not available">/Users/agi_dev/LOCAL-REPOS/Lukhas/tests/bridge/test_branding_bridge_coverage.py:60: BrandingBridge not available</skipped></testcase><testcase classname="tests.bridge.test_branding_bridge_coverage" name="test_branding_bridge_tone_system" time="0.000"><skipped type="pytest.skip" message="BrandingBridge not available">/Users/agi_dev/LOCAL-REPOS/Lukhas/tests/bridge/test_branding_bridge_coverage.py:79: BrandingBridge not available</skipped></testcase><testcase classname="tests.bridge.test_branding_bridge_coverage" name="test_branding_bridge_error_handling" time="0.000"><skipped type="pytest.skip" message="BrandingBridge not available">/Users/agi_dev/LOCAL-REPOS/Lukhas/tests/bridge/test_branding_bridge_coverage.py:99: BrandingBridge not available</skipped></testcase><testcase classname="tests.bridge.test_branding_imports" name="test_branding_bridge_imports" time="0.000" /><testcase classname="tests.bridge.test_branding_imports" name="test_bridge_wrapper_imports" time="0.000" /><testcase classname="tests.bridge.test_branding_imports" name="test_llm_wrappers_imports" time="0.000" /><testcase classname="tests.bridge.test_unified_openai_client" name="test_client_initialization" time="0.001" /><testcase classname="tests.bridge.test_unified_openai_client" name="test_client_initialization_no_api_key" time="0.001" /><testcase classname="tests.bridge.test_unified_openai_client" name="test_create_conversation" time="0.001" /><testcase classname="tests.bridge.test_unified_openai_client" name="test_get_conversation" time="0.002" /><testcase classname="tests.bridge.test_unified_openai_client" name="test_get_nonexistent_conversation" time="0.001" /><testcase classname="tests.bridge.test_unified_openai_client" name="test_clear_conversation" time="0.001" /><testcase classname="tests.bridge.test_unified_openai_client" name="test_clear_nonexistent_conversation" time="0.001" /><testcase classname="tests.bridge.test_unified_openai_client" name="test_add_message_to_conversation" time="0.001" /><testcase classname="tests.bridge.test_unified_openai_client" name="test_conversation_history_trimming" time="0.001" /><testcase classname="tests.bridge.test_unified_openai_client" name="test_chat_completion_string_message" time="0.005" /><testcase classname="tests.bridge.test_unified_openai_client" name="test_chat_completion_with_conversation" time="0.003" /><testcase classname="tests.bridge.test_unified_openai_client" name="test_chat_completion_streaming" time="0.003" /><testcase classname="tests.bridge.test_unified_openai_client" name="test_embeddings" time="0.003" /></testsuite></testsuites>