<?xml version="1.0" encoding="utf-8"?><testsuites name="pytest tests"><testsuite name="pytest" errors="0" failures="0" skipped="6" tests="138" time="3.914" timestamp="2025-09-01T12:52:17.777647+00:00" hostname="devbox"><testcase classname="tests.bridge.test_anthropic_wrapper.TestAnthropicWrapper" name="test_lazy_loading_success" time="0.787" /><testcase classname="tests.bridge.test_anthropic_wrapper.TestAnthropicWrapper" name="test_lazy_loading_import_error_fallback" time="0.002" /><testcase classname="tests.bridge.test_anthropic_wrapper.TestAnthropicWrapper" name="test_method_delegation" time="0.005" /><testcase classname="tests.bridge.test_anthropic_wrapper.TestAnthropicWrapper" name="test_new_method_instantiates_correctly" time="0.003" /><testcase classname="tests.bridge.test_branding_bridge_coverage" name="test_branding_bridge_import" time="0.001"><skipped type="pytest.skip" message="BrandingBridge not available">/app/tests/bridge/test_branding_bridge_coverage.py:21: BrandingBridge not available</skipped></testcase><testcase classname="tests.bridge.test_branding_bridge_coverage" name="test_branding_bridge_get_context" time="0.001"><skipped type="pytest.skip" message="BrandingBridge not available">/app/tests/bridge/test_branding_bridge_coverage.py:40: BrandingBridge not available</skipped></testcase><testcase classname="tests.bridge.test_branding_bridge_coverage" name="test_branding_bridge_message_validation" time="0.001"><skipped type="pytest.skip" message="BrandingBridge not available">/app/tests/bridge/test_branding_bridge_coverage.py:60: BrandingBridge not available</skipped></testcase><testcase classname="tests.bridge.test_branding_bridge_coverage" name="test_branding_bridge_tone_system" time="0.001"><skipped type="pytest.skip" message="BrandingBridge not available">/app/tests/bridge/test_branding_bridge_coverage.py:79: BrandingBridge not available</skipped></testcase><testcase classname="tests.bridge.test_branding_bridge_coverage" name="test_branding_bridge_error_handling" time="0.001"><skipped type="pytest.skip" message="BrandingBridge not available">/app/tests/bridge/test_branding_bridge_coverage.py:99: BrandingBridge not available</skipped></testcase><testcase classname="tests.bridge.test_branding_imports" name="test_branding_bridge_imports" time="0.001" /><testcase classname="tests.bridge.test_branding_imports" name="test_bridge_wrapper_imports" time="0.001" /><testcase classname="tests.bridge.test_branding_imports" name="test_llm_wrappers_imports" time="0.001" /><testcase classname="tests.bridge.test_bridge_wrapper.TestExternalServiceIntegration" name="test_initialization_skipped_when_inactive" time="0.001" /><testcase classname="tests.bridge.test_bridge_wrapper.TestExternalServiceIntegration" name="test_initialization_success_dry_run" time="0.001" /><testcase classname="tests.bridge.test_bridge_wrapper.TestExternalServiceIntegration" name="test_call_llm_provider_inactive" time="0.001" /><testcase classname="tests.bridge.test_bridge_wrapper.TestExternalServiceIntegration" name="test_call_llm_provider_dry_run" time="0.001" /><testcase classname="tests.bridge.test_bridge_wrapper.TestMultiModelOrchestrator" name="test_consensus_process_success" time="0.104" /><testcase classname="tests.bridge.test_bridge_wrapper.TestMultiModelOrchestrator" name="test_consensus_process_no_valid_responses" time="0.111" /><testcase classname="tests.bridge.test_bridge_wrapper.TestBridgeWrapper" name="test_initialize_success" time="0.002" /><testcase classname="tests.bridge.test_bridge_wrapper.TestBridgeWrapper" name="test_initialize_failure" time="0.002" /><testcase classname="tests.bridge.test_bridge_wrapper.TestBridgeWrapper" name="test_multi_model_query" time="0.002" /><testcase classname="tests.bridge.test_bridge_wrapper.TestBridgeWrapper" name="test_service_operation" time="0.002" /><testcase classname="tests.bridge.test_bridge_wrapper" name="test_get_bridge_wrapper_singleton" time="0.001" /><testcase classname="tests.bridge.test_openai_modulated_service.TestOpenAIModulatedService" name="test_initialization" time="0.002" /><testcase classname="tests.bridge.test_openai_modulated_service.TestOpenAIModulatedService" name="test_generate_success" time="0.004" /><testcase classname="tests.bridge.test_openai_modulated_service.TestOpenAIModulatedService" name="test_generate_error" time="0.005" /><testcase classname="tests.bridge.test_openai_modulated_service.TestOpenAIModulatedService" name="test_build_messages" time="0.002" /><testcase classname="tests.bridge.test_openai_modulated_service.TestOpenAIModulatedService" name="test_normalize_response" time="0.002" /><testcase classname="tests.bridge.test_openai_modulated_service.TestOpenAIModulatedService" name="test_health_check_healthy" time="0.002" /><testcase classname="tests.bridge.test_openai_modulated_service.TestOpenAIModulatedService" name="test_initialization_import_error" time="0.001" /><testcase classname="tests.bridge.test_unified_openai_client" name="test_client_initialization" time="0.004" /><testcase classname="tests.bridge.test_unified_openai_client" name="test_client_initialization_no_api_key" time="0.001" /><testcase classname="tests.bridge.test_unified_openai_client" name="test_create_conversation" time="0.003" /><testcase classname="tests.bridge.test_unified_openai_client" name="test_get_conversation" time="0.003" /><testcase classname="tests.bridge.test_unified_openai_client" name="test_get_nonexistent_conversation" time="0.003" /><testcase classname="tests.bridge.test_unified_openai_client" name="test_clear_conversation" time="0.005" /><testcase classname="tests.bridge.test_unified_openai_client" name="test_clear_nonexistent_conversation" time="0.002" /><testcase classname="tests.bridge.test_unified_openai_client" name="test_add_message_to_conversation" time="0.002" /><testcase classname="tests.bridge.test_unified_openai_client" name="test_conversation_history_trimming" time="0.002" /><testcase classname="tests.bridge.test_unified_openai_client" name="test_chat_completion_string_message" time="0.005" /><testcase classname="tests.bridge.test_unified_openai_client" name="test_chat_completion_with_conversation" time="0.004" /><testcase classname="tests.bridge.test_unified_openai_client" name="test_chat_completion_streaming" time="0.007" /><testcase classname="tests.bridge.test_unified_openai_client" name="test_embeddings" time="0.008" /><testcase classname="tests.core.test_distributed_tracing.TestTraceSpan" name="test_span_creation_and_finish" time="0.012" /><testcase classname="tests.core.test_distributed_tracing.TestTraceContext" name="test_context_creation_and_propagation" time="0.001" /><testcase classname="tests.core.test_distributed_tracing.TestTraceCollector" name="test_add_and_get_trace" time="0.001" /><testcase classname="tests.core.test_distributed_tracing.TestDistributedTracer" name="test_start_trace_and_span" time="0.001" /><testcase classname="tests.core.test_distributed_tracing.TestDistributedTracer" name="test_thread_safety_of_context" time="0.015" /><testcase classname="tests.core.test_distributed_tracing.TestAIAgentTracer" name="test_trace_agent_operation" time="0.001" /><testcase classname="tests.core.test_distributed_tracing" name="test_global_instances" time="0.001" /><testcase classname="tests.core.test_distributed_tracing_snapshots.TestStateSnapshotter" name="test_take_and_restore_snapshot" time="0.006" /><testcase classname="tests.core.test_distributed_tracing_snapshots.TestStateSnapshotter" name="test_restore_no_snapshot" time="0.003" /><testcase classname="tests.core.test_distributed_tracing_snapshots.TestEventReplayer" name="test_replay_agent_state" time="0.004" /><testcase classname="tests.core.test_distributed_tracing_snapshots.TestEventReplayer" name="test_replay_trace_not_found" time="0.005" /><testcase classname="tests.core.test_distributed_tracing_snapshots" name="test_demo_function" time="0.000"><skipped type="pytest.skip" message="Demo function is complex to test and not critical for production.">/app/tests/core/test_distributed_tracing_snapshots.py:71: Demo function is complex to test and not critical for production.</skipped></testcase><testcase classname="tests.core.test_exceptions.TestLukhasError" name="test_base_error_initialization" time="0.001" /><testcase classname="tests.core.test_exceptions.TestLukhasError" name="test_to_dict" time="0.001" /><testcase classname="tests.core.test_exceptions.TestSpecificExceptions" name="test_guardian_rejection_error" time="0.001" /><testcase classname="tests.core.test_exceptions.TestSpecificExceptions" name="test_memory_drift_error" time="0.001" /><testcase classname="tests.core.test_exceptions.TestSpecificExceptions" name="test_module_timeout_error" time="0.001" /><testcase classname="tests.core.test_exceptions.TestSpecificExceptions" name="test_validation_error" time="0.003" /><testcase classname="tests.core.test_exceptions.TestConvenienceFunctions" name="test_raise_guardian_rejection" time="0.001" /><testcase classname="tests.core.test_exceptions.TestConvenienceFunctions" name="test_raise_if_drift_excessive_raises" time="0.001" /><testcase classname="tests.core.test_exceptions.TestConvenienceFunctions" name="test_raise_if_drift_excessive_does_not_raise" time="0.001" /><testcase classname="tests.core.test_exceptions_paths" name="test_exception_none_handling" time="0.001" /><testcase classname="tests.core.test_exceptions_paths" name="test_more_exception_types" time="0.001" /><testcase classname="tests.core.test_imports_touch" name="test_imports_touch" time="0.001" /><testcase classname="tests.core.test_time_tz" name="test_logger_jsonformatter_utc_timestamp" time="0.001" /><testcase classname="tests.core.test_time_tz" name="test_emotional_memory_manager_utc_timestamps" time="0.001" /><testcase classname="tests.governance.test_compliance_drift_monitor" name="test_initial_drift_score_is_zero" time="0.003" /><testcase classname="tests.governance.test_compliance_drift_monitor" name="test_no_drift_with_stable_high_compliance" time="0.015" /><testcase classname="tests.governance.test_compliance_drift_monitor" name="test_drift_detection_with_sudden_drop" time="0.011" /><testcase classname="tests.governance.test_compliance_drift_monitor" name="test_recalibration_is_triggered" time="0.013" /><testcase classname="tests.governance.test_compliance_drift_monitor" name="test_escalation_is_triggered" time="0.019" /><testcase classname="tests.governance.test_compliance_drift_monitor" name="test_compliance_history_is_maintained" time="0.011" /><testcase classname="tests.governance.test_consent_ledger_coverage" name="test_consent_ledger_api_import" time="0.003" /><testcase classname="tests.governance.test_consent_ledger_coverage" name="test_consent_ledger_null_provider" time="0.001" /><testcase classname="tests.governance.test_consent_ledger_coverage" name="test_consent_ledger_registry" time="0.001" /><testcase classname="tests.governance.test_consent_ledger_coverage" name="test_consent_ledger_with_metadata" time="0.002" /><testcase classname="tests.governance.test_consent_ledger_coverage" name="test_consent_ledger_error_handling" time="0.001" /><testcase classname="tests.governance.test_consent_ledger_coverage" name="test_consent_ledger_feature_flag" time="0.001" /><testcase classname="tests.governance.test_constitutional_ai.TestConstitutionalFramework" name="test_assess_safe_content" time="0.003" /><testcase classname="tests.governance.test_constitutional_ai.TestConstitutionalFramework" name="test_assess_harmful_content" time="0.002" /><testcase classname="tests.governance.test_constitutional_ai.TestConstitutionalFramework" name="test_assess_privacy_violation" time="0.002" /><testcase classname="tests.governance.test_constitutional_ai.TestConstitutionalFramework" name="test_drift_detection" time="0.002" /><testcase classname="tests.governance.test_constitutional_ai.TestConstitutionalFramework" name="test_get_drift_statistics_no_history" time="0.001" /><testcase classname="tests.governance.test_constitutional_ai.TestSafetyMonitor" name="test_monitor_safe_operation" time="0.004" /><testcase classname="tests.governance.test_constitutional_ai.TestSafetyMonitor" name="test_monitor_unsafe_operation" time="0.003" /><testcase classname="tests.governance.test_constitutional_ai.TestSafetyMonitor" name="test_assess_safety_delegation" time="0.003" /><testcase classname="tests.governance.test_constitutional_ai_safety" name="test_innovation_passes_with_high_scores" time="0.002" /><testcase classname="tests.governance.test_constitutional_ai_safety" name="test_innovation_fails_with_low_safety_score" time="0.002" /><testcase classname="tests.governance.test_constitutional_ai_safety" name="test_constitutional_violation_fails_validation" time="0.002" /><testcase classname="tests.governance.test_constitutional_ai_safety" name="test_value_alignment_failure" time="0.002" /><testcase classname="tests.governance.test_constitutional_ai_safety" name="test_capability_limit_exceeded" time="0.002" /><testcase classname="tests.governance.test_constitutional_ai_safety" name="test_irreversible_innovation_fails" time="0.002" /><testcase classname="tests.governance.test_constitutional_ai_safety" name="test_stakeholder_dissent_fails_validation" time="0.004" /><testcase classname="tests.governance.test_constitutional_ai_safety" name="test_civilizational_risk_fails_validation" time="0.003" /><testcase classname="tests.governance.test_guardian.TestGuardianSystemImplementation" name="test_initialization" time="0.001" /><testcase classname="tests.governance.test_guardian.TestGuardianSystemImplementation" name="test_initialization_with_custom_threshold" time="0.001" /><testcase classname="tests.governance.test_guardian.TestGuardianSystemImplementation" name="test_calculate_drift_identical_strings" time="0.001" /><testcase classname="tests.governance.test_guardian.TestGuardianSystemImplementation" name="test_calculate_drift_completely_different_strings" time="0.001" /><testcase classname="tests.governance.test_guardian.TestGuardianSystemImplementation" name="test_calculate_drift_with_partial_overlap" time="0.001" /><testcase classname="tests.governance.test_guardian.TestGuardianSystemImplementation" name="test_calculate_drift_with_empty_string" time="0.001" /><testcase classname="tests.governance.test_guardian.TestGuardianSystemImplementation" name="test_evaluate_compliance_safe_action" time="0.001" /><testcase classname="tests.governance.test_guardian.TestGuardianSystemImplementation" name="test_evaluate_compliance_harmful_action" time="0.001" /><testcase classname="tests.governance.test_guardian.TestGuardianSystemImplementation" name="test_evaluate_compliance_risky_context" time="0.001" /><testcase classname="tests.governance.test_guardian.TestGuardianSystemImplementation" name="test_detect_safety_violations_safe_content" time="0.001" /><testcase classname="tests.governance.test_guardian.TestGuardianSystemImplementation" name="test_detect_safety_violations_harmful_content" time="0.001" /><testcase classname="tests.governance.test_guardian.TestGuardianSystemImplementation" name="test_detect_safety_violations_privacy_content" time="0.001" /><testcase classname="tests.governance.test_guardian.TestGuardianSystem" name="test_check_safety_safe_content" time="0.001" /><testcase classname="tests.governance.test_guardian.TestGuardianSystem" name="test_check_safety_unsafe_content" time="0.001" /><testcase classname="tests.governance.test_guardian.TestGuardianSystem" name="test_check_safety_with_constitutional_violation" time="0.001" /><testcase classname="tests.governance.test_guardian.TestGuardianSystem" name="test_detect_drift_no_drift" time="0.001" /><testcase classname="tests.governance.test_guardian.TestGuardianSystem" name="test_detect_drift_significant_drift" time="0.001" /><testcase classname="tests.governance.test_guardian.TestGuardianSystem" name="test_evaluate_compliance_harmful_action" time="0.001" /><testcase classname="tests.governance.test_guardian.TestGuardianSystem" name="test_evaluate_ethics_compliant_action" time="0.001" /><testcase classname="tests.governance.test_guardian.TestGuardianSystem" name="test_get_status" time="0.001" /><testcase classname="tests.governance.test_guardian.TestGuardianSystem" name="test_initialization" time="0.001" /><testcase classname="tests.governance.test_guardian_wrapper.TestGuardianWrapper" name="test_detect_drift_dry_run" time="0.001" /><testcase classname="tests.governance.test_guardian_wrapper.TestGuardianWrapper" name="test_detect_drift_live_mode" time="0.005" /><testcase classname="tests.governance.test_guardian_wrapper.TestGuardianWrapper" name="test_evaluate_ethics_dry_run" time="0.001" /><testcase classname="tests.governance.test_guardian_wrapper.TestGuardianWrapper" name="test_evaluate_ethics_live_mode" time="0.006" /><testcase classname="tests.governance.test_guardian_wrapper.TestGuardianWrapper" name="test_check_safety_dry_run" time="0.001" /><testcase classname="tests.governance.test_guardian_wrapper.TestGuardianWrapper" name="test_get_guardian_status_dry_run" time="0.001" /><testcase classname="tests.governance.test_guardian_wrapper.TestGuardianWrapper" name="test_get_guardian_status_live_mode" time="0.006" /><testcase classname="tests.governance.test_policies_defaults" name="test_policy_engine_initialization" time="0.002" /><testcase classname="tests.governance.test_policies_defaults" name="test_policy_assessment" time="0.001" /><testcase classname="tests.governance.test_policies_min" name="test_policy_violation_defaults_list_not_none" time="0.001" /><testcase classname="tests.matriz.test_init.TestMatrizInit" name="test_successful_imports" time="0.001" /><testcase classname="tests.matriz.test_init.TestMatrizInit" name="test_matriz_node_is_alias" time="0.005" /><testcase classname="tests.matriz.test_init.TestMatrizInit" name="test_all_variable" time="0.008" /><testcase classname="tests.matriz.test_init.TestMatrizInit" name="test_import_error_handling" time="0.002" /><testcase classname="tests.matriz.test_runtime_policy.TestPolicyEngine" name="test_initialization" time="0.001" /><testcase classname="tests.matriz.test_runtime_policy.TestPolicyEngine" name="test_evaluate_trigger_allowed" time="0.001" /><testcase classname="tests.matriz.test_runtime_policy.TestPolicyEngine" name="test_evaluate_trigger_forbidden" time="0.001" /><testcase classname="tests.matriz.test_runtime_policy.TestPolicyEngine" name="test_evaluate_trigger_no_constitution" time="0.001" /><testcase classname="tests.matriz.test_runtime_policy.TestPolicyEngine" name="test_evaluate_trigger_not_a_list" time="0.001" /><testcase classname="tests.matriz.test_runtime_policy.TestPolicyEngine" name="test_evaluate_trigger_not_a_mapping" time="0.002" /></testsuite></testsuites>