<?xml version="1.0" encoding="utf-8"?><testsuites name="pytest tests"><testsuite name="pytest" errors="5" failures="0" skipped="0" tests="5" time="0.189" timestamp="2025-09-01T13:58:52.146654+01:00" hostname="g.local"><testcase classname="candidate.aka_qualia.tests.test_memory_performance.TestBatchWritePerformance" name="test_incremental_write_performance" time="0.007"><error message="failed on setup with &quot;AttributeError: 'SqlMemory' object has no attribute '_apply_migration'&quot;">.venv/lib/python3.9/site-packages/pytest_asyncio/plugin.py:683: in pytest_fixture_setup
    return (yield)
candidate/aka_qualia/tests/conftest.py:74: in sql_memory
    memory._apply_migration()
E   AttributeError: 'SqlMemory' object has no attribute '_apply_migration'</error></testcase><testcase classname="candidate.aka_qualia.tests.test_memory_performance.TestBatchWritePerformance" name="test_batch_vs_individual_performance" time="0.001"><error message="failed on setup with &quot;AttributeError: 'SqlMemory' object has no attribute '_apply_migration'&quot;">.venv/lib/python3.9/site-packages/pytest_asyncio/plugin.py:683: in pytest_fixture_setup
    return (yield)
candidate/aka_qualia/tests/conftest.py:74: in sql_memory
    memory._apply_migration()
E   AttributeError: 'SqlMemory' object has no attribute '_apply_migration'</error></testcase><testcase classname="candidate.aka_qualia.tests.test_memory_performance.TestQueryPerformance" name="test_user_history_query_performance" time="0.001"><error message="failed on setup with &quot;AttributeError: 'SqlMemory' object has no attribute '_apply_migration'&quot;">.venv/lib/python3.9/site-packages/pytest_asyncio/plugin.py:683: in pytest_fixture_setup
    return (yield)
candidate/aka_qualia/tests/conftest.py:74: in sql_memory
    memory._apply_migration()
E   AttributeError: 'SqlMemory' object has no attribute '_apply_migration'</error></testcase><testcase classname="candidate.aka_qualia.tests.test_memory_performance.TestQueryPerformance" name="test_glyph_search_performance" time="0.001"><error message="failed on setup with &quot;AttributeError: 'SqlMemory' object has no attribute '_apply_migration'&quot;">.venv/lib/python3.9/site-packages/pytest_asyncio/plugin.py:683: in pytest_fixture_setup
    return (yield)
candidate/aka_qualia/tests/conftest.py:74: in sql_memory
    memory._apply_migration()
E   AttributeError: 'SqlMemory' object has no attribute '_apply_migration'</error></testcase><testcase classname="candidate.aka_qualia.tests.test_memory_performance.TestQueryPerformance" name="test_large_result_set_performance" time="0.001"><error message="failed on setup with &quot;AttributeError: 'SqlMemory' object has no attribute '_apply_migration'&quot;">.venv/lib/python3.9/site-packages/pytest_asyncio/plugin.py:683: in pytest_fixture_setup
    return (yield)
candidate/aka_qualia/tests/conftest.py:74: in sql_memory
    memory._apply_migration()
E   AttributeError: 'SqlMemory' object has no attribute '_apply_migration'</error></testcase></testsuite></testsuites>