<?xml version="1.0" encoding="utf-8"?><testsuites name="pytest tests"><testsuite name="pytest" errors="0" failures="5" skipped="15" tests="72" time="5.760" timestamp="2025-09-01T23:00:04.222653+00:00" hostname="devbox"><testcase classname="" name="tests.phase2.test_orchestration_integration" time="0.000"><skipped message="collection skipped">('/app/tests/phase2/test_orchestration_integration.py', 43, "Skipped: Phase 2 modules not available: cannot import name 'WorkflowExecution' from 'candidate.orchestration.multi_model_orchestration' (/app/candidate/orchestration/multi_model_orchestration.py)")</skipped></testcase><testcase classname="" name="tests.phase2.test_performance_benchmarks" time="0.000"><skipped message="collection skipped">('/app/tests/phase2/test_performance_benchmarks.py', 49, "Skipped: Performance testing modules not available: No module named 'lukhas.identity.core'")</skipped></testcase><testcase classname="" name="tests.phase2.test_security_compliance" time="0.000"><skipped message="collection skipped">('/app/tests/phase2/test_security_compliance.py', 43, "Skipped: Security modules not available: cannot import name 'ComplianceEngine' from 'candidate.compliance.ai_compliance' (/app/candidate/compliance/ai_compliance.py)")</skipped></testcase><testcase classname="" name="tests.phase2.test_tool_execution_safety" time="0.000"><skipped message="collection skipped">('/app/tests/phase2/test_tool_execution_safety.py', 34, "Skipped: Tool execution modules not available: No module named 'candidate.tools.code_executor'")</skipped></testcase><testcase classname="tests.bio.test_bio_symbolic_tz" name="test_bio_symbolic_initialization" time="0.117"><skipped type="pytest.skip" message="Bio symbolic processor not available">/app/tests/bio/test_bio_symbolic_tz.py:16: Bio symbolic processor not available</skipped></testcase><testcase classname="tests.bio.test_bio_symbolic_tz" name="test_bio_utilities" time="0.001" /><testcase classname="tests.bio.test_bio_symbolic_tz" name="test_bio_init_imports" time="0.001" /><testcase classname="tests.bridge.test_branding_bridge_coverage" name="test_branding_bridge_import" time="0.001"><skipped type="pytest.skip" message="BrandingBridge not available">/app/tests/bridge/test_branding_bridge_coverage.py:21: BrandingBridge not available</skipped></testcase><testcase classname="tests.bridge.test_branding_bridge_coverage" name="test_branding_bridge_get_context" time="0.001"><skipped type="pytest.skip" message="BrandingBridge not available">/app/tests/bridge/test_branding_bridge_coverage.py:40: BrandingBridge not available</skipped></testcase><testcase classname="tests.bridge.test_branding_bridge_coverage" name="test_branding_bridge_message_validation" time="0.001"><skipped type="pytest.skip" message="BrandingBridge not available">/app/tests/bridge/test_branding_bridge_coverage.py:60: BrandingBridge not available</skipped></testcase><testcase classname="tests.bridge.test_branding_bridge_coverage" name="test_branding_bridge_tone_system" time="0.001"><skipped type="pytest.skip" message="BrandingBridge not available">/app/tests/bridge/test_branding_bridge_coverage.py:79: BrandingBridge not available</skipped></testcase><testcase classname="tests.bridge.test_branding_bridge_coverage" name="test_branding_bridge_error_handling" time="0.001"><skipped type="pytest.skip" message="BrandingBridge not available">/app/tests/bridge/test_branding_bridge_coverage.py:99: BrandingBridge not available</skipped></testcase><testcase classname="tests.bridge.test_branding_imports" name="test_branding_bridge_imports" time="0.001" /><testcase classname="tests.bridge.test_branding_imports" name="test_bridge_wrapper_imports" time="0.001" /><testcase classname="tests.bridge.test_branding_imports" name="test_llm_wrappers_imports" time="0.001" /><testcase classname="tests.bridge.test_unified_openai_client" name="test_client_initialization" time="0.003" /><testcase classname="tests.bridge.test_unified_openai_client" name="test_client_initialization_no_api_key" time="0.002" /><testcase classname="tests.bridge.test_unified_openai_client" name="test_create_conversation" time="0.002" /><testcase classname="tests.bridge.test_unified_openai_client" name="test_get_conversation" time="0.002" /><testcase classname="tests.bridge.test_unified_openai_client" name="test_get_nonexistent_conversation" time="0.002" /><testcase classname="tests.bridge.test_unified_openai_client" name="test_clear_conversation" time="0.002" /><testcase classname="tests.bridge.test_unified_openai_client" name="test_clear_nonexistent_conversation" time="0.002" /><testcase classname="tests.bridge.test_unified_openai_client" name="test_add_message_to_conversation" time="0.002" /><testcase classname="tests.bridge.test_unified_openai_client" name="test_conversation_history_trimming" time="0.002" /><testcase classname="tests.bridge.test_unified_openai_client" name="test_chat_completion_string_message" time="0.006" /><testcase classname="tests.bridge.test_unified_openai_client" name="test_chat_completion_with_conversation" time="0.004" /><testcase classname="tests.bridge.test_unified_openai_client" name="test_chat_completion_streaming" time="0.005" /><testcase classname="tests.bridge.test_unified_openai_client" name="test_embeddings" time="0.004" /><testcase classname="tests.candidate.bridge.orchestration.test_multi_ai_orchestrator" name="test_orchestrator_initialization" time="0.003" /><testcase classname="tests.candidate.bridge.orchestration.test_multi_ai_orchestrator" name="test_get_available_providers" time="0.003" /><testcase classname="tests.candidate.bridge.orchestration.test_multi_ai_orchestrator" name="test_generate_response_specific_provider" time="0.003" /><testcase classname="tests.candidate.bridge.orchestration.test_multi_ai_orchestrator" name="test_generate_response_fallback" time="0.003" /><testcase classname="tests.candidate.bridge.orchestration.test_multi_ai_orchestrator" name="test_generate_response_invalid_provider" time="0.003" /><testcase classname="tests.candidate.bridge.orchestration.test_multi_ai_orchestrator" name="test_generate_response_no_providers" time="0.003" /><testcase classname="tests.candidate.core.collective.test_collective_intelligence" name="test_consciousness_clustering_engine" time="0.002" /><testcase classname="tests.candidate.core.collective.test_collective_intelligence" name="test_swarm_recommendation_system" time="0.002" /><testcase classname="tests.candidate.core.collective.test_collective_intelligence" name="test_altruistic_ad_router" time="0.001" /><testcase classname="tests.candidate.core.collective.test_collective_intelligence" name="test_collective_ad_mind_facade" time="0.001" /><testcase classname="tests.candidate.core.test_nias_transcendence" name="test_consciousness_oracle_integration" time="0.002" /><testcase classname="tests.candidate.core.test_nias_transcendence" name="test_collective_intelligence_ethics" time="0.001" /><testcase classname="tests.candidate.tools.test_tool_executor" name="test_open_url_success" time="0.008" /><testcase classname="tests.candidate.tools.test_tool_executor" name="test_open_url_rate_limiting" time="0.005" /><testcase classname="tests.candidate.tools.test_tool_executor" name="test_open_url_non_html" time="0.005" /><testcase classname="tests.candidate.tools.test_tool_executor" name="test_open_url_too_large" time="0.006" /><testcase classname="tests.candidate.tools.test_tool_executor" name="test_open_url_invalid_url" time="0.001" /><testcase classname="tests.candidate.tools.test_tool_executor" name="test_open_url_browser_disabled" time="0.002" /><testcase classname="tests.candidate.tools.test_tool_executor" name="test_exec_code_python_success" time="0.005" /><testcase classname="tests.candidate.tools.test_tool_executor" name="test_exec_code_javascript_success" time="0.005" /><testcase classname="tests.candidate.tools.test_tool_executor" name="test_exec_code_bash_success" time="0.005" /><testcase classname="tests.candidate.tools.test_tool_executor" name="test_exec_code_disabled" time="0.001" /><testcase classname="tests.candidate.tools.test_tool_executor" name="test_exec_code_unsupported_language" time="0.001" /><testcase classname="tests.candidate.tools.test_tool_executor" name="test_exec_code_build_error" time="0.003" /><testcase classname="tests.candidate.tools.test_tool_executor" name="test_exec_code_security_violation" time="0.001" /><testcase classname="tests.consciousness.test_consciousness_basic" name="test_consciousness_wrapper_import" time="0.001"><failure message="DeprecationWarning: datetime.datetime.utcnow() is deprecated and scheduled for removal in a future version. Use timezone-aware objects to represent datetimes in UTC: datetime.datetime.now(datetime.UTC).">tests/consciousness/test_consciousness_basic.py:12: in test_consciousness_wrapper_import
    wrapper = ConsciousnessWrapper()
              ^^^^^^^^^^^^^^^^^^^^^^
lukhas/consciousness/consciousness_wrapper.py:163: in __init__
    self.state = ConsciousnessState(safety_mode=self.config.safety_mode)
                 ^^^^^^^^^^^^^^^^^^^^^^^^^^^^^^^^^^^^^^^^^^^^^^^^^^^^^^^
&lt;string&gt;:9: in __init__
    ???
E   DeprecationWarning: datetime.datetime.utcnow() is deprecated and scheduled for removal in a future version. Use timezone-aware objects to represent datetimes in UTC: datetime.datetime.now(datetime.UTC).</failure></testcase><testcase classname="tests.consciousness.test_consciousness_basic" name="test_consciousness_exports" time="0.001" /><testcase classname="tests.consent.test_api" name="test_grant_consent" time="0.115" /><testcase classname="tests.consent.test_api" name="test_get_consent_ledger" time="0.014" /><testcase classname="tests.consent.test_api" name="test_system_info" time="0.012" /><testcase classname="tests.core.test_exceptions_paths" name="test_exception_none_handling" time="0.001" /><testcase classname="tests.core.test_exceptions_paths" name="test_more_exception_types" time="0.001" /><testcase classname="tests.core.test_imports_touch" name="test_imports_touch" time="0.001" /><testcase classname="tests.core.test_time_tz" name="test_logger_jsonformatter_utc_timestamp" time="0.001" /><testcase classname="tests.core.test_time_tz" name="test_emotional_memory_manager_utc_timestamps" time="0.001" /><testcase classname="tests.emotion.test_emotion_wrapper_coverage" name="test_emotion_wrapper_import" time="0.013"><skipped type="pytest.skip" message="EmotionWrapper not available">/app/tests/emotion/test_emotion_wrapper_coverage.py:21: EmotionWrapper not available</skipped></testcase><testcase classname="tests.emotion.test_emotion_wrapper_coverage" name="test_emotion_wrapper_process_emotion" time="0.001"><skipped type="pytest.skip" message="EmotionWrapper not available">/app/tests/emotion/test_emotion_wrapper_coverage.py:41: EmotionWrapper not available</skipped></testcase><testcase classname="tests.emotion.test_emotion_wrapper_coverage" name="test_emotion_wrapper_state_management" time="0.001"><skipped type="pytest.skip" message="EmotionWrapper not available">/app/tests/emotion/test_emotion_wrapper_coverage.py:60: EmotionWrapper not available</skipped></testcase><testcase classname="tests.emotion.test_emotion_wrapper_coverage" name="test_emotion_wrapper_valence_update" time="0.001"><skipped type="pytest.skip" message="EmotionWrapper not available">/app/tests/emotion/test_emotion_wrapper_coverage.py:82: EmotionWrapper not available</skipped></testcase><testcase classname="tests.emotion.test_emotion_wrapper_coverage" name="test_emotion_wrapper_error_handling" time="0.001"><skipped type="pytest.skip" message="EmotionWrapper not available">/app/tests/emotion/test_emotion_wrapper_coverage.py:102: EmotionWrapper not available</skipped></testcase><testcase classname="tests.enterprise.api.test_main" name="test_health_check" time="0.010"><failure message="TypeError: AsyncClient.__init__() got an unexpected keyword argument 'app'">tests/enterprise/api/test_main.py:28: in test_health_check
    async with AsyncClient(app=test_app, base_url="http://test") as client:
               ^^^^^^^^^^^^^^^^^^^^^^^^^^^^^^^^^^^^^^^^^^^^^^^^^
E   TypeError: AsyncClient.__init__() got an unexpected keyword argument 'app'</failure></testcase><testcase classname="tests.enterprise.api.test_main" name="test_chat_completions_specific_provider" time="0.003"><failure message="TypeError: AsyncClient.__init__() got an unexpected keyword argument 'app'">tests/enterprise/api/test_main.py:40: in test_chat_completions_specific_provider
    async with AsyncClient(app=test_app, base_url="http://test") as client:
               ^^^^^^^^^^^^^^^^^^^^^^^^^^^^^^^^^^^^^^^^^^^^^^^^^
E   TypeError: AsyncClient.__init__() got an unexpected keyword argument 'app'</failure></testcase><testcase classname="tests.enterprise.api.test_main" name="test_chat_completions_fallback" time="0.003"><failure message="TypeError: AsyncClient.__init__() got an unexpected keyword argument 'app'">tests/enterprise/api/test_main.py:58: in test_chat_completions_fallback
    async with AsyncClient(app=test_app, base_url="http://test") as client:
               ^^^^^^^^^^^^^^^^^^^^^^^^^^^^^^^^^^^^^^^^^^^^^^^^^
E   TypeError: AsyncClient.__init__() got an unexpected keyword argument 'app'</failure></testcase><testcase classname="tests.enterprise.api.test_main" name="test_chat_completions_invalid_provider" time="0.003"><failure message="TypeError: AsyncClient.__init__() got an unexpected keyword argument 'app'">tests/enterprise/api/test_main.py:70: in test_chat_completions_invalid_provider
    async with AsyncClient(app=test_app, base_url="http://test") as client:
               ^^^^^^^^^^^^^^^^^^^^^^^^^^^^^^^^^^^^^^^^^^^^^^^^^
E   TypeError: AsyncClient.__init__() got an unexpected keyword argument 'app'</failure></testcase></testsuite></testsuites>