<?xml version="1.0" encoding="utf-8"?><testsuites name="pytest tests"><testsuite name="pytest" errors="0" failures="5" skipped="37" tests="253" time="9.811" timestamp="2025-09-01T23:08:52.921492+00:00" hostname="devbox"><testcase classname="" name="tests.phase2.test_orchestration_integration" time="0.000"><skipped message="collection skipped">('/app/tests/phase2/test_orchestration_integration.py', 43, "Skipped: Phase 2 modules not available: cannot import name 'WorkflowExecution' from 'candidate.orchestration.multi_model_orchestration' (/app/candidate/orchestration/multi_model_orchestration.py)")</skipped></testcase><testcase classname="" name="tests.phase2.test_performance_benchmarks" time="0.000"><skipped message="collection skipped">('/app/tests/phase2/test_performance_benchmarks.py', 49, "Skipped: Performance testing modules not available: No module named 'lukhas.identity.core'")</skipped></testcase><testcase classname="" name="tests.phase2.test_security_compliance" time="0.000"><skipped message="collection skipped">('/app/tests/phase2/test_security_compliance.py', 43, "Skipped: Security modules not available: cannot import name 'ComplianceEngine' from 'candidate.compliance.ai_compliance' (/app/candidate/compliance/ai_compliance.py)")</skipped></testcase><testcase classname="" name="tests.phase2.test_tool_execution_safety" time="0.000"><skipped message="collection skipped">('/app/tests/phase2/test_tool_execution_safety.py', 34, "Skipped: Tool execution modules not available: No module named 'candidate.tools.code_executor'")</skipped></testcase><testcase classname="tests.bio.test_bio_symbolic_tz" name="test_bio_symbolic_initialization" time="0.050"><skipped type="pytest.skip" message="Bio symbolic processor not available">/app/tests/bio/test_bio_symbolic_tz.py:16: Bio symbolic processor not available</skipped></testcase><testcase classname="tests.bio.test_bio_symbolic_tz" name="test_bio_utilities" time="0.001" /><testcase classname="tests.bio.test_bio_symbolic_tz" name="test_bio_init_imports" time="0.001" /><testcase classname="tests.bridge.test_branding_bridge_coverage" name="test_branding_bridge_import" time="0.001"><skipped type="pytest.skip" message="BrandingBridge not available">/app/tests/bridge/test_branding_bridge_coverage.py:21: BrandingBridge not available</skipped></testcase><testcase classname="tests.bridge.test_branding_bridge_coverage" name="test_branding_bridge_get_context" time="0.001"><skipped type="pytest.skip" message="BrandingBridge not available">/app/tests/bridge/test_branding_bridge_coverage.py:40: BrandingBridge not available</skipped></testcase><testcase classname="tests.bridge.test_branding_bridge_coverage" name="test_branding_bridge_message_validation" time="0.001"><skipped type="pytest.skip" message="BrandingBridge not available">/app/tests/bridge/test_branding_bridge_coverage.py:60: BrandingBridge not available</skipped></testcase><testcase classname="tests.bridge.test_branding_bridge_coverage" name="test_branding_bridge_tone_system" time="0.001"><skipped type="pytest.skip" message="BrandingBridge not available">/app/tests/bridge/test_branding_bridge_coverage.py:79: BrandingBridge not available</skipped></testcase><testcase classname="tests.bridge.test_branding_bridge_coverage" name="test_branding_bridge_error_handling" time="0.001"><skipped type="pytest.skip" message="BrandingBridge not available">/app/tests/bridge/test_branding_bridge_coverage.py:99: BrandingBridge not available</skipped></testcase><testcase classname="tests.bridge.test_branding_imports" name="test_branding_bridge_imports" time="0.001" /><testcase classname="tests.bridge.test_branding_imports" name="test_bridge_wrapper_imports" time="0.001" /><testcase classname="tests.bridge.test_branding_imports" name="test_llm_wrappers_imports" time="0.001" /><testcase classname="tests.bridge.test_unified_openai_client" name="test_client_initialization" time="0.003" /><testcase classname="tests.bridge.test_unified_openai_client" name="test_client_initialization_no_api_key" time="0.001" /><testcase classname="tests.bridge.test_unified_openai_client" name="test_create_conversation" time="0.002" /><testcase classname="tests.bridge.test_unified_openai_client" name="test_get_conversation" time="0.002" /><testcase classname="tests.bridge.test_unified_openai_client" name="test_get_nonexistent_conversation" time="0.002" /><testcase classname="tests.bridge.test_unified_openai_client" name="test_clear_conversation" time="0.002" /><testcase classname="tests.bridge.test_unified_openai_client" name="test_clear_nonexistent_conversation" time="0.002" /><testcase classname="tests.bridge.test_unified_openai_client" name="test_add_message_to_conversation" time="0.002" /><testcase classname="tests.bridge.test_unified_openai_client" name="test_conversation_history_trimming" time="0.002" /><testcase classname="tests.bridge.test_unified_openai_client" name="test_chat_completion_string_message" time="0.006" /><testcase classname="tests.bridge.test_unified_openai_client" name="test_chat_completion_with_conversation" time="0.004" /><testcase classname="tests.bridge.test_unified_openai_client" name="test_chat_completion_streaming" time="0.005" /><testcase classname="tests.bridge.test_unified_openai_client" name="test_embeddings" time="0.004" /><testcase classname="tests.candidate.bridge.orchestration.test_multi_ai_orchestrator" name="test_orchestrator_initialization" time="0.003" /><testcase classname="tests.candidate.bridge.orchestration.test_multi_ai_orchestrator" name="test_get_available_providers" time="0.003" /><testcase classname="tests.candidate.bridge.orchestration.test_multi_ai_orchestrator" name="test_generate_response_specific_provider" time="0.003" /><testcase classname="tests.candidate.bridge.orchestration.test_multi_ai_orchestrator" name="test_generate_response_fallback" time="0.003" /><testcase classname="tests.candidate.bridge.orchestration.test_multi_ai_orchestrator" name="test_generate_response_invalid_provider" time="0.003" /><testcase classname="tests.candidate.bridge.orchestration.test_multi_ai_orchestrator" name="test_generate_response_no_providers" time="0.002" /><testcase classname="tests.candidate.core.collective.test_collective_intelligence" name="test_consciousness_clustering_engine" time="0.002" /><testcase classname="tests.candidate.core.collective.test_collective_intelligence" name="test_swarm_recommendation_system" time="0.001" /><testcase classname="tests.candidate.core.collective.test_collective_intelligence" name="test_altruistic_ad_router" time="0.001" /><testcase classname="tests.candidate.core.collective.test_collective_intelligence" name="test_collective_ad_mind_facade" time="0.001" /><testcase classname="tests.candidate.core.test_nias_transcendence" name="test_consciousness_oracle_integration" time="0.002" /><testcase classname="tests.candidate.core.test_nias_transcendence" name="test_collective_intelligence_ethics" time="0.001" /><testcase classname="tests.candidate.tools.test_tool_executor" name="test_open_url_success" time="0.007" /><testcase classname="tests.candidate.tools.test_tool_executor" name="test_open_url_rate_limiting" time="0.005" /><testcase classname="tests.candidate.tools.test_tool_executor" name="test_open_url_non_html" time="0.006" /><testcase classname="tests.candidate.tools.test_tool_executor" name="test_open_url_too_large" time="0.009" /><testcase classname="tests.candidate.tools.test_tool_executor" name="test_open_url_invalid_url" time="0.002" /><testcase classname="tests.candidate.tools.test_tool_executor" name="test_open_url_browser_disabled" time="0.002" /><testcase classname="tests.candidate.tools.test_tool_executor" name="test_exec_code_python_success" time="0.006" /><testcase classname="tests.candidate.tools.test_tool_executor" name="test_exec_code_javascript_success" time="0.005" /><testcase classname="tests.candidate.tools.test_tool_executor" name="test_exec_code_bash_success" time="0.007" /><testcase classname="tests.candidate.tools.test_tool_executor" name="test_exec_code_disabled" time="0.001" /><testcase classname="tests.candidate.tools.test_tool_executor" name="test_exec_code_unsupported_language" time="0.001" /><testcase classname="tests.candidate.tools.test_tool_executor" name="test_exec_code_build_error" time="0.004" /><testcase classname="tests.candidate.tools.test_tool_executor" name="test_exec_code_security_violation" time="0.001" /><testcase classname="tests.consciousness.test_consciousness_basic" name="test_consciousness_wrapper_import" time="0.001" /><testcase classname="tests.consciousness.test_consciousness_basic" name="test_consciousness_exports" time="0.001" /><testcase classname="tests.consent.test_api" name="test_grant_consent" time="0.036" /><testcase classname="tests.consent.test_api" name="test_get_consent_ledger" time="0.013" /><testcase classname="tests.consent.test_api" name="test_system_info" time="0.014" /><testcase classname="tests.core.test_exceptions_paths" name="test_exception_none_handling" time="0.001" /><testcase classname="tests.core.test_exceptions_paths" name="test_more_exception_types" time="0.001" /><testcase classname="tests.core.test_imports_touch" name="test_imports_touch" time="0.001" /><testcase classname="tests.core.test_time_tz" name="test_logger_jsonformatter_utc_timestamp" time="0.001" /><testcase classname="tests.core.test_time_tz" name="test_emotional_memory_manager_utc_timestamps" time="0.001" /><testcase classname="tests.emotion.test_emotion_wrapper_coverage" name="test_emotion_wrapper_import" time="0.002"><skipped type="pytest.skip" message="EmotionWrapper not available">/app/tests/emotion/test_emotion_wrapper_coverage.py:21: EmotionWrapper not available</skipped></testcase><testcase classname="tests.emotion.test_emotion_wrapper_coverage" name="test_emotion_wrapper_process_emotion" time="0.001"><skipped type="pytest.skip" message="EmotionWrapper not available">/app/tests/emotion/test_emotion_wrapper_coverage.py:41: EmotionWrapper not available</skipped></testcase><testcase classname="tests.emotion.test_emotion_wrapper_coverage" name="test_emotion_wrapper_state_management" time="0.001"><skipped type="pytest.skip" message="EmotionWrapper not available">/app/tests/emotion/test_emotion_wrapper_coverage.py:60: EmotionWrapper not available</skipped></testcase><testcase classname="tests.emotion.test_emotion_wrapper_coverage" name="test_emotion_wrapper_valence_update" time="0.001"><skipped type="pytest.skip" message="EmotionWrapper not available">/app/tests/emotion/test_emotion_wrapper_coverage.py:82: EmotionWrapper not available</skipped></testcase><testcase classname="tests.emotion.test_emotion_wrapper_coverage" name="test_emotion_wrapper_error_handling" time="0.001"><skipped type="pytest.skip" message="EmotionWrapper not available">/app/tests/emotion/test_emotion_wrapper_coverage.py:102: EmotionWrapper not available</skipped></testcase><testcase classname="tests.enterprise.api.test_main" name="test_health_check" time="0.006" /><testcase classname="tests.enterprise.api.test_main" name="test_chat_completions_specific_provider" time="0.006" /><testcase classname="tests.enterprise.api.test_main" name="test_chat_completions_fallback" time="0.005" /><testcase classname="tests.enterprise.api.test_main" name="test_chat_completions_invalid_provider" time="0.006"><failure message="assert 500 == 400&#10; +  where 500 = &lt;Response [500 Internal Server Error]&gt;.status_code">tests/enterprise/api/test_main.py:75: in test_chat_completions_invalid_provider
    assert response.status_code == 400
E   assert 500 == 400
E    +  where 500 = &lt;Response [500 Internal Server Error]&gt;.status_code</failure></testcase><testcase classname="tests.enterprise.api.test_main" name="test_chat_completions_missing_prompt" time="0.007" /><testcase classname="tests.enterprise.compliance.test_compliance_api" name="test_list_policies" time="0.015" /><testcase classname="tests.enterprise.compliance.test_compliance_api" name="test_protect_data" time="0.015" /><testcase classname="tests.enterprise.compliance.test_compliance_api" name="test_unprotect_data" time="0.015" /><testcase classname="tests.enterprise.compliance.test_compliance_api" name="test_assessment" time="0.018" /><testcase classname="tests.enterprise.compliance.test_compliance_api" name="test_export_user_data" time="0.017" /><testcase classname="tests.enterprise.compliance.test_compliance_api" name="test_delete_user_data" time="0.015" /><testcase classname="tests.enterprise.compliance.test_compliance_api" name="test_update_user_data" time="0.015" /><testcase classname="tests.gdpr.tests.gdpr.test_erasure_validation" name="test_complete_user_data_erasure" time="0.017" /><testcase classname="tests.gdpr.tests.gdpr.test_erasure_validation" name="test_erasure_handles_shadow_data" time="0.017" /><testcase classname="tests.gdpr.tests.gdpr.test_erasure_validation" name="test_erasure_multiple_users_isolation" time="0.018" /><testcase classname="tests.gdpr.tests.gdpr.test_erasure_validation" name="test_erasure_compliance_scoring" time="0.020" /><testcase classname="tests.gdpr.tests.gdpr.test_erasure_validation" name="test_gdpr_article17_compliance_integration" time="0.030" /><testcase classname="tests.golden.test_memory_contract" name="test_memory_dump_contract" time="0.003" /><testcase classname="tests.governance.test_compliance_drift_monitor" name="test_initial_drift_score_is_zero" time="0.002" /><testcase classname="tests.governance.test_compliance_drift_monitor" name="test_no_drift_with_stable_high_compliance" time="0.007" /><testcase classname="tests.governance.test_compliance_drift_monitor" name="test_drift_detection_with_sudden_drop" time="0.005" /><testcase classname="tests.governance.test_compliance_drift_monitor" name="test_recalibration_is_triggered" time="0.008" /><testcase classname="tests.governance.test_compliance_drift_monitor" name="test_escalation_is_triggered" time="0.012" /><testcase classname="tests.governance.test_compliance_drift_monitor" name="test_compliance_history_is_maintained" time="0.006" /><testcase classname="tests.governance.test_consent_ledger_coverage" name="test_consent_ledger_api_import" time="0.001" /><testcase classname="tests.governance.test_consent_ledger_coverage" name="test_consent_ledger_null_provider" time="0.001" /><testcase classname="tests.governance.test_consent_ledger_coverage" name="test_consent_ledger_registry" time="0.001" /><testcase classname="tests.governance.test_consent_ledger_coverage" name="test_consent_ledger_with_metadata" time="0.001" /><testcase classname="tests.governance.test_consent_ledger_coverage" name="test_consent_ledger_error_handling" time="0.001" /><testcase classname="tests.governance.test_consent_ledger_coverage" name="test_consent_ledger_feature_flag" time="0.001" /><testcase classname="tests.governance.test_constitutional_ai_safety" name="test_innovation_passes_with_high_scores" time="0.003" /><testcase classname="tests.governance.test_constitutional_ai_safety" name="test_innovation_fails_with_low_safety_score" time="0.002" /><testcase classname="tests.governance.test_constitutional_ai_safety" name="test_constitutional_violation_fails_validation" time="0.002" /><testcase classname="tests.governance.test_constitutional_ai_safety" name="test_value_alignment_failure" time="0.004" /><testcase classname="tests.governance.test_constitutional_ai_safety" name="test_capability_limit_exceeded" time="0.002" /><testcase classname="tests.governance.test_constitutional_ai_safety" name="test_irreversible_innovation_fails" time="0.002" /><testcase classname="tests.governance.test_constitutional_ai_safety" name="test_stakeholder_dissent_fails_validation" time="0.002" /><testcase classname="tests.governance.test_constitutional_ai_safety" name="test_civilizational_risk_fails_validation" time="0.002" /><testcase classname="tests.governance.test_guardian.TestGuardianSystemImplementation" name="test_initialization" time="0.001" /><testcase classname="tests.governance.test_guardian.TestGuardianSystemImplementation" name="test_initialization_with_custom_threshold" time="0.001" /><testcase classname="tests.governance.test_guardian.TestGuardianSystemImplementation" name="test_calculate_drift_identical_strings" time="0.001" /><testcase classname="tests.governance.test_guardian.TestGuardianSystemImplementation" name="test_calculate_drift_completely_different_strings" time="0.001" /><testcase classname="tests.governance.test_guardian.TestGuardianSystemImplementation" name="test_calculate_drift_with_partial_overlap" time="0.001" /><testcase classname="tests.governance.test_guardian.TestGuardianSystemImplementation" name="test_calculate_drift_with_empty_string" time="0.001" /><testcase classname="tests.governance.test_guardian.TestGuardianSystemImplementation" name="test_evaluate_compliance_safe_action" time="0.001" /><testcase classname="tests.governance.test_guardian.TestGuardianSystemImplementation" name="test_evaluate_compliance_harmful_action" time="0.001" /><testcase classname="tests.governance.test_guardian.TestGuardianSystemImplementation" name="test_evaluate_compliance_risky_context" time="0.001" /><testcase classname="tests.governance.test_guardian.TestGuardianSystemImplementation" name="test_detect_safety_violations_safe_content" time="0.001" /><testcase classname="tests.governance.test_guardian.TestGuardianSystemImplementation" name="test_detect_safety_violations_harmful_content" time="0.001" /><testcase classname="tests.governance.test_guardian.TestGuardianSystemImplementation" name="test_detect_safety_violations_privacy_content" time="0.001" /><testcase classname="tests.governance.test_guardian.TestGuardianSystem" name="test_check_safety_safe_content" time="0.001" /><testcase classname="tests.governance.test_guardian.TestGuardianSystem" name="test_check_safety_unsafe_content" time="0.001" /><testcase classname="tests.governance.test_guardian.TestGuardianSystem" name="test_check_safety_with_constitutional_violation" time="0.001" /><testcase classname="tests.governance.test_guardian.TestGuardianSystem" name="test_detect_drift_no_drift" time="0.001" /><testcase classname="tests.governance.test_guardian.TestGuardianSystem" name="test_detect_drift_significant_drift" time="0.001" /><testcase classname="tests.governance.test_guardian.TestGuardianSystem" name="test_evaluate_compliance_harmful_action" time="0.001" /><testcase classname="tests.governance.test_guardian.TestGuardianSystem" name="test_evaluate_ethics_compliant_action" time="0.001" /><testcase classname="tests.governance.test_guardian.TestGuardianSystem" name="test_get_status" time="0.001" /><testcase classname="tests.governance.test_guardian.TestGuardianSystem" name="test_initialization" time="0.001" /><testcase classname="tests.governance.test_policies_defaults" name="test_policy_engine_initialization" time="0.001" /><testcase classname="tests.governance.test_policies_defaults" name="test_policy_assessment" time="0.001" /><testcase classname="tests.governance.test_policies_min" name="test_policy_violation_defaults_list_not_none" time="0.001" /><testcase classname="tests.identity.test_identity_basic" name="test_auth_service_import" time="0.002" /><testcase classname="tests.identity.test_identity_basic" name="test_lambda_id_import" time="0.001"><skipped type="pytest.skip" message="LambdaID not available">/app/tests/identity/test_identity_basic.py:29: LambdaID not available</skipped></testcase><testcase classname="tests.identity.test_identity_basic" name="test_identity_exports" time="0.001" /><testcase classname="tests.identity.test_signup_login.TestIdentityFlow" name="test_password_validation" time="0.001" /><testcase classname="tests.identity.test_signup_login.TestIdentityFlow" name="test_signup_login_jwt_cycle" time="0.001" /><testcase classname="tests.identity.test_webauthn_smoke" name="test_webauthn_manager_instantiation" time="0.001" /><testcase classname="tests.identity.test_webauthn_smoke" name="test_webauthn_manager_methods_exist" time="0.001" /><testcase classname="tests.identity.test_webauthn_smoke" name="test_get_device_type_distribution_empty" time="0.001" /><testcase classname="tests.integration.test_multi_ai_orchestration.TestMultiAIOrchestration" name="test_orchestrator_initialization" time="0.002"><skipped type="pytest.skip" message="Orchestration components not available">/app/tests/integration/test_multi_ai_orchestration.py:82: Orchestration components not available</skipped></testcase><testcase classname="tests.integration.test_multi_ai_orchestration.TestMultiAIOrchestration" name="test_simple_orchestration_request" time="0.001"><skipped type="pytest.skip" message="Orchestration components not available">/app/tests/integration/test_multi_ai_orchestration.py:103: Orchestration components not available</skipped></testcase><testcase classname="tests.integration.test_multi_ai_orchestration.TestMultiAIOrchestration" name="test_consensus_orchestration" time="0.001"><skipped type="pytest.skip" message="Orchestration components not available">/app/tests/integration/test_multi_ai_orchestration.py:130: Orchestration components not available</skipped></testcase><testcase classname="tests.integration.test_multi_ai_orchestration.TestMultiAIOrchestration" name="test_context_preservation" time="0.002"><skipped type="pytest.skip" message="Orchestration components not available">/app/tests/integration/test_multi_ai_orchestration.py:169: Orchestration components not available</skipped></testcase><testcase classname="tests.integration.test_multi_ai_orchestration.TestMultiAIOrchestration" name="test_performance_monitoring" time="0.001"><skipped type="pytest.skip" message="Orchestration components not available">/app/tests/integration/test_multi_ai_orchestration.py:209: Orchestration components not available</skipped></testcase><testcase classname="tests.integration.test_multi_ai_orchestration.TestMultiAIOrchestration" name="test_circuit_breaker_functionality" time="0.001"><skipped type="pytest.skip" message="Orchestration components not available">/app/tests/integration/test_multi_ai_orchestration.py:241: Orchestration components not available</skipped></testcase><testcase classname="tests.integration.test_multi_ai_orchestration.TestMultiAIOrchestration" name="test_api_gateway_integration" time="0.002"><skipped type="pytest.skip" message="API gateway components not available">/app/tests/integration/test_multi_ai_orchestration.py:254: API gateway components not available</skipped></testcase><testcase classname="tests.integration.test_multi_ai_orchestration.TestMultiAIOrchestration" name="test_orchestration_status_endpoint" time="0.001"><skipped type="pytest.skip" message="Orchestration components not available">/app/tests/integration/test_multi_ai_orchestration.py:267: Orchestration components not available</skipped></testcase><testcase classname="tests.integration.test_multi_ai_orchestration.TestMultiAIOrchestration" name="test_context_handoff_performance" time="0.001"><skipped type="pytest.skip" message="Orchestration components not available">/app/tests/integration/test_multi_ai_orchestration.py:282: Orchestration components not available</skipped></testcase><testcase classname="tests.integration.test_multi_ai_orchestration.TestMultiAIOrchestration" name="test_error_handling_and_recovery" time="0.002"><skipped type="pytest.skip" message="Orchestration components not available">/app/tests/integration/test_multi_ai_orchestration.py:303: Orchestration components not available</skipped></testcase><testcase classname="tests.integration.test_multi_ai_orchestration.TestMultiAIOrchestration" name="test_concurrent_orchestration_requests" time="0.001"><skipped type="pytest.skip" message="Orchestration components not available">/app/tests/integration/test_multi_ai_orchestration.py:322: Orchestration components not available</skipped></testcase><testcase classname="tests.integration.test_multi_ai_orchestration.TestMultiAIOrchestration" name="test_system_stress_test" time="0.002"><skipped type="pytest.skip" message="Orchestration components not available">/app/tests/integration/test_multi_ai_orchestration.py:360: Orchestration components not available</skipped></testcase><testcase classname="tests.integration.test_multi_ai_orchestration.TestEndToEndWorkflow" name="test_complete_ai_workflow" time="0.002"><skipped type="pytest.skip" message="Orchestration components not available">/app/tests/integration/test_multi_ai_orchestration.py:411: Orchestration components not available</skipped></testcase><testcase classname="tests.integration.test_multi_ai_orchestration.TestPerformanceBenchmarks" name="test_latency_benchmark" time="0.001"><skipped type="pytest.skip" message="Orchestration components not available">/app/tests/integration/test_multi_ai_orchestration.py:465: Orchestration components not available</skipped></testcase><testcase classname="tests.integration.test_multi_ai_orchestration.TestPerformanceBenchmarks" name="test_context_handoff_benchmark" time="0.001"><skipped type="pytest.skip" message="Orchestration components not available">/app/tests/integration/test_multi_ai_orchestration.py:503: Orchestration components not available</skipped></testcase><testcase classname="tests.matriz.test_invariants" name="test_valid_minimal_graph_compiles" time="0.005" /><testcase classname="tests.matriz.test_invariants" name="test_disallowed_edge_pair_detected" time="0.001" /><testcase classname="tests.matriz.test_orchestrator_schema" name="test_orchestrator_emits_schema_compliant_nodes" time="0.002" /><testcase classname="tests.matriz.test_orchestrator_schema" name="test_math_node_outputs_computation_node_schema" time="0.002" /><testcase classname="tests.matriz.test_orchestrator_smoke" name="test_orchestrator_importable" time="0.002"><skipped type="pytest.skip" message="Primary orchestrator not available: No module named 'lukhas.orchestration.brain'">/app/tests/matriz/test_orchestrator_smoke.py:17: Primary orchestrator not available: No module named 'lukhas.orchestration.brain'</skipped></testcase><testcase classname="tests.matriz.test_orchestrator_smoke" name="test_orchestrator_instantiation" time="0.001"><skipped type="pytest.skip" message="Primary orchestrator not available">/app/tests/matriz/test_orchestrator_smoke.py:35: Primary orchestrator not available</skipped></testcase><testcase classname="tests.matriz.test_orchestrator_smoke" name="test_matriz_module_structure" time="0.001"><skipped type="pytest.skip" message="MATRIZ orchestration modules not available">/app/tests/matriz/test_orchestrator_smoke.py:56: MATRIZ orchestration modules not available</skipped></testcase><testcase classname="tests.matriz.test_trace_fetch.TestTraceAPI" name="test_concurrent_trace_access" time="0.084" /><testcase classname="tests.matriz.test_trace_fetch.TestTraceAPI" name="test_edge_cases_and_error_handling" time="0.021" /><testcase classname="tests.matriz.test_trace_fetch.TestTraceAPI" name="test_fetch_existing_trace_success" time="0.008" /><testcase classname="tests.matriz.test_trace_fetch.TestTraceAPI" name="test_fetch_invalid_uuid_400" time="0.006" /><testcase classname="tests.matriz.test_trace_fetch.TestTraceAPI" name="test_fetch_nonexistent_trace_404" time="0.009" /><testcase classname="tests.matriz.test_trace_fetch.TestTraceAPI" name="test_fetch_recent_traces_endpoint" time="0.018" /><testcase classname="tests.matriz.test_trace_fetch.TestTraceAPI" name="test_fetch_trace_authentication_required" time="0.007" /><testcase classname="tests.matriz.test_trace_fetch.TestTraceAPI" name="test_fetch_trace_health_check" time="0.009" /><testcase classname="tests.matriz.test_trace_fetch.TestTraceAPI" name="test_fetch_trace_invalid_auth_401" time="0.006" /><testcase classname="tests.matriz.test_trace_fetch.TestTraceAPI" name="test_storage_provider_integration" time="0.004" /><testcase classname="tests.matriz.test_trace_fetch.TestTraceAPI" name="test_trace_response_model_validation" time="0.002" /><testcase classname="tests.matriz.test_trace_fetch.TestTraceAPIWithoutAuth" name="test_trace_access_without_required_auth" time="0.018" /><testcase classname="tests.memory.test_memory_basic" name="test_memory_wrapper_import" time="0.001" /><testcase classname="tests.memory.test_memory_basic" name="test_fold_system_import" time="0.001" /><testcase classname="tests.memory.test_memory_basic" name="test_memory_config" time="0.003" /><testcase classname="tests.memory_security.test_guardian_crypto_spine" name="test_memory_store_security" time="0.002" /><testcase classname="tests.memory_security.test_guardian_crypto_spine" name="test_memory_retrieve_security" time="0.002" /><testcase classname="tests.memory_security.test_guardian_crypto_spine" name="test_fold_operations_security" time="0.002" /><testcase classname="tests.memory_security.test_guardian_crypto_spine" name="test_cascade_deletion_security" time="0.002" /><testcase classname="tests.memory_security.test_guardian_crypto_spine" name="test_compliance_report_generation" time="0.001" /><testcase classname="tests.memory_security.test_guardian_crypto_spine" name="test_comprehensive_memory_security_workflow" time="0.002" /><testcase classname="tests.memory_security.test_guardian_crypto_spine" name="test_guardian_crypto_spine_audit_trail" time="0.001" /><testcase classname="tests.orchestration.test_kernel_bus_smoke" name="test_kernel_bus_emit_and_status_dry_run" time="0.001" /><testcase classname="tests.orchestration.test_orchestration_basic" name="test_kernel_bus_import" time="0.001" /><testcase classname="tests.orchestration.test_orchestration_basic" name="test_context_bus_import" time="0.001"><skipped type="pytest.skip" message="Context bus not available">/app/tests/orchestration/test_orchestration_basic.py:30: Context bus not available</skipped></testcase><testcase classname="tests.orchestration.test_orchestration_basic" name="test_orchestration_exports" time="0.001" /><testcase classname="tests.orchestration.test_orchestration_coverage" name="test_orchestration_imports" time="0.001" /><testcase classname="tests.orchestration.test_orchestration_coverage" name="test_kernel_bus_import" time="0.001" /><testcase classname="tests.orchestration.test_orchestration_coverage" name="test_context_bus_import" time="0.001"><skipped type="pytest.skip" message="ContextBus not available">/app/tests/orchestration/test_orchestration_coverage.py:55: ContextBus not available</skipped></testcase><testcase classname="tests.orchestration.test_orchestration_coverage" name="test_context_api_import" time="0.002"><skipped type="pytest.skip" message="Context API not available">/app/tests/orchestration/test_orchestration_coverage.py:72: Context API not available</skipped></testcase><testcase classname="tests.orchestration.test_orchestration_coverage" name="test_orchestration_initialization" time="0.001" /><testcase classname="tests.orchestration.test_orchestration_coverage" name="test_orchestration_error_handling" time="0.001" /><testcase classname="tests.qi.test_qi_basic" name="test_qi_wrapper_import" time="0.003" /><testcase classname="tests.qi.test_qi_basic" name="test_qi_exports" time="0.001" /><testcase classname="tests.qi.test_qi_wrapper_coverage" name="test_qi_wrapper_import" time="0.001" /><testcase classname="tests.qi.test_qi_wrapper_coverage" name="test_qi_wrapper_initialization" time="0.001" /><testcase classname="tests.qi.test_qi_wrapper_coverage" name="test_qi_wrapper_processing" time="0.002" /><testcase classname="tests.qi.test_qi_wrapper_coverage" name="test_qi_wrapper_safety_processing" time="0.003" /><testcase classname="tests.qi.test_qi_wrapper_coverage" name="test_qi_wrapper_initialization_state" time="0.002" /><testcase classname="tests.qi.test_qi_wrapper_coverage" name="test_qi_wrapper_error_handling" time="0.002" /><testcase classname="tests.security.test_authentication.TestAPIKeyValidation" name="test_api_key_format_validation" time="0.001" /><testcase classname="tests.security.test_authentication.TestAPIKeyValidation" name="test_api_key_generation" time="0.001" /><testcase classname="tests.security.test_authentication.TestAPIKeyValidation" name="test_api_key_signature_verification" time="0.001" /><testcase classname="tests.security.test_authentication.TestAPIKeyValidation" name="test_rate_limiting" time="0.002" /><testcase classname="tests.security.test_authentication.TestAuthenticationEndpoints" name="test_brute_force_protection" time="0.017" /><testcase classname="tests.security.test_authentication.TestAuthenticationEndpoints" name="test_token_refresh" time="0.691" /><testcase classname="tests.security.test_authentication.TestAuthenticationEndpoints" name="test_token_verification" time="0.692" /><testcase classname="tests.security.test_authentication.TestAuthenticationEndpoints" name="test_user_login_invalid_password" time="0.009" /><testcase classname="tests.security.test_authentication.TestAuthenticationEndpoints" name="test_user_login_valid" time="0.009"><failure message="AssertionError: 401 != 200">tests/security/test_authentication.py:216: in test_user_login_valid
    self.assertEqual(response.status_code, 200)
E   AssertionError: 401 != 200</failure></testcase><testcase classname="tests.security.test_authentication.TestAuthenticationEndpoints" name="test_user_logout" time="0.691" /><testcase classname="tests.security.test_authentication.TestAuthenticationEndpoints" name="test_user_registration_duplicate_username" time="0.010"><failure message="AssertionError: 400 != 201">tests/security/test_authentication.py:192: in test_user_registration_duplicate_username
    self.assertEqual(response1.status_code, 201)
E   AssertionError: 400 != 201</failure></testcase><testcase classname="tests.security.test_authentication.TestAuthenticationEndpoints" name="test_user_registration_invalid_password" time="0.008" /><testcase classname="tests.security.test_authentication.TestAuthenticationEndpoints" name="test_user_registration_valid" time="0.008"><failure message="AssertionError: 400 != 201">tests/security/test_authentication.py:153: in test_user_registration_valid
    self.assertEqual(response.status_code, 201)
E   AssertionError: 400 != 201</failure></testcase><testcase classname="tests.security.test_authentication.TestPasswordStrengthValidation" name="test_invalid_passwords" time="0.001" /><testcase classname="tests.security.test_authentication.TestPasswordStrengthValidation" name="test_valid_passwords" time="0.001" /><testcase classname="tests.security.test_authentication.TestConfigurablePasswordPolicy" name="test_custom_min_length" time="0.001" /><testcase classname="tests.security.test_authentication.TestConfigurablePasswordPolicy" name="test_custom_special_chars" time="0.001" /><testcase classname="tests.security.test_authentication.TestConfigurablePasswordPolicy" name="test_no_special_char_requirement" time="0.001" /><testcase classname="tests.security.test_authentication.TestConfigurablePasswordPolicy" name="test_no_uppercase_requirement" time="0.001" /><testcase classname="tests.security.test_authentication.TestLambdaIDGeneration" name="test_lambda_id_format" time="0.001" /><testcase classname="tests.security.test_authentication.TestJWTTokenSecurity" name="test_blacklisted_token_validation" time="0.001" /><testcase classname="tests.security.test_authentication.TestJWTTokenSecurity" name="test_expired_token_validation" time="0.001" /><testcase classname="tests.security.test_authentication.TestJWTTokenSecurity" name="test_jwt_token_generation_and_validation" time="0.001" /><testcase classname="tests.security.test_authentication.TestSecurityCompliance" name="test_input_validation_security" time="0.001" /><testcase classname="tests.security.test_authentication.TestSecurityCompliance" name="test_password_hashing_security" time="1.019" /><testcase classname="tests.security.test_authentication.TestSecurityCompliance" name="test_session_security" time="0.001" /><testcase classname="tests.security.test_enhanced_authentication.TestEnhancedAuthenticationSystem" name="test_generate_api_key" time="0.001" /><testcase classname="tests.security.test_enhanced_authentication.TestEnhancedAuthenticationSystem" name="test_revoke_api_key" time="0.001" /><testcase classname="tests.security.test_enhanced_authentication.TestEnhancedAuthenticationSystem" name="test_verify_api_key_invalid_id" time="0.001" /><testcase classname="tests.security.test_enhanced_authentication.TestEnhancedAuthenticationSystem" name="test_verify_api_key_invalid_secret" time="0.001" /><testcase classname="tests.security.test_enhanced_authentication.TestEnhancedAuthenticationSystem" name="test_verify_api_key_valid" time="0.001" /><testcase classname="tests.smoke.test_health" name="test_repo_boots" time="0.001" /><testcase classname="tests.smoke.test_imports_light" name="test_lane_imports_have_file[accepted-lukhas]" time="0.001" /><testcase classname="tests.smoke.test_imports_light" name="test_lane_imports_have_file[candidate-candidate]" time="0.001" /><testcase classname="tests.smoke.test_imports_light" name="test_lane_imports_have_file[core-lukhas]" time="0.001" /><testcase classname="tests.smoke.test_imports_light" name="test_lane_imports_have_file[archive-archive]" time="0.002" /><testcase classname="tests.test_aka_qualia.TestT1PackageStructure" name="test_protoqualia_ranges" time="0.001" /><testcase classname="tests.test_aka_qualia.TestT1PackageStructure" name="test_colorfield_validation" time="0.001" /><testcase classname="tests.test_aka_qualia.TestT1PackageStructure" name="test_risk_profile_severity_alignment" time="0.001" /><testcase classname="tests.test_aka_qualia.TestT1PackageStructure" name="test_regulation_actions_validation" time="0.001" /><testcase classname="tests.test_aka_qualia.TestT1PLSMonotonicity" name="test_threat_arousal_monotonicity" time="0.001" /><testcase classname="tests.test_aka_qualia.TestT1PLSMonotonicity" name="test_soothing_monotonicity" time="0.001" /><testcase classname="tests.test_aka_qualia.TestT1PLSMonotonicity" name="test_temporal_pressure_urgency" time="0.001" /><testcase classname="tests.test_aka_qualia.TestT1PLSMonotonicity" name="test_agency_signals_mapping" time="0.001" /><testcase classname="tests.test_aka_qualia.TestT2TEQGuardian" name="test_severity_threshold_classification" time="0.001" /><testcase classname="tests.test_aka_qualia.TestT2TEQGuardian" name="test_golden_severity_actions" time="0.002" /><testcase classname="tests.test_aka_qualia.TestT2TEQGuardian" name="test_extreme_arousal_detection" time="0.001" /><testcase classname="tests.test_aka_qualia.TestT2TEQGuardian" name="test_negative_tone_high_arousal_combo" time="0.001" /><testcase classname="tests.test_aka_qualia.TestVivoxIntegration" name="test_collapse_hash_generation" time="0.014" /><testcase classname="tests.test_aka_qualia.TestVivoxIntegration" name="test_drift_score_computation" time="0.010" /><testcase classname="tests.test_aka_qualia.TestVivoxIntegration" name="test_high_drift_detection" time="0.009" /><testcase classname="tests.test_aka_qualia.TestT1T2Integration" name="test_complete_cycle_safe_input" time="0.012" /><testcase classname="tests.test_aka_qualia.TestT1T2Integration" name="test_complete_cycle_dangerous_input" time="0.013"><failure message="AssertionError: assert &lt;SeverityLevel.LOW: 'low'&gt; in [&lt;SeverityLevel.MODERATE: 'moderate'&gt;, &lt;SeverityLevel.HIGH: 'high'&gt;]&#10; +  where &lt;SeverityLevel.LOW: 'low'&gt; = RiskProfile(score=0.2, reasons=['threat_colorfield: aka/red'], severity=&lt;SeverityLevel.LOW: 'low'&gt;).severity&#10; +    where RiskProfile(score=0.2, reasons=['threat_colorfield: aka/red'], severity=&lt;SeverityLevel.LOW: 'low'&gt;) = PhenomenalScene(proto=ProtoQualia(tone=-0.28301089054649375, arousal=0.23957888634687868, clarity=0.18420704205141666, embodiment=0.43707934900395456, colorfield='aka/red', temporal_feel=&lt;TemporalFeel.MUNDANE: 'mundane'&gt;, agency_feel=&lt;AgencyFeel.SHARED: 'shared'&gt;, narrative_gravity=0.21698951477118475), subject='observer', object='extreme', context={'memory_ctx': {'similarity_scores': [0.2]}, 'goals': {'maintain_safety': True}, 'ethics_state': {'drift_score': 0.1}, 'generation_params': {'temperature': 0.4, 'pls_version': 'v1_deterministic'}, 'teq_annotation': {'flagged_for_monitoring': True, 'risk_factors': ['threat_colorfield: aka/red'], 'severity': 'low'}}, risk=RiskProfile(score=0.2, reasons=['threat_colorfield: aka/red'], severity=&lt;SeverityLevel.LOW: 'low'&gt;), transform_chain=['sublimate_focus_shift_0.145'], timestamp=1756768142.7154887).risk">tests/test_aka_qualia.py:583: in test_complete_cycle_dangerous_input
    assert scene.risk.severity in [SeverityLevel.MODERATE, SeverityLevel.HIGH]
E   AssertionError: assert &lt;SeverityLevel.LOW: 'low'&gt; in [&lt;SeverityLevel.MODERATE: 'moderate'&gt;, &lt;SeverityLevel.HIGH: 'high'&gt;]
E    +  where &lt;SeverityLevel.LOW: 'low'&gt; = RiskProfile(score=0.2, reasons=['threat_colorfield: aka/red'], severity=&lt;SeverityLevel.LOW: 'low'&gt;).severity
E    +    where RiskProfile(score=0.2, reasons=['threat_colorfield: aka/red'], severity=&lt;SeverityLevel.LOW: 'low'&gt;) = PhenomenalScene(proto=ProtoQualia(tone=-0.28301089054649375, arousal=0.23957888634687868, clarity=0.18420704205141666, embodiment=0.43707934900395456, colorfield='aka/red', temporal_feel=&lt;TemporalFeel.MUNDANE: 'mundane'&gt;, agency_feel=&lt;AgencyFeel.SHARED: 'shared'&gt;, narrative_gravity=0.21698951477118475), subject='observer', object='extreme', context={'memory_ctx': {'similarity_scores': [0.2]}, 'goals': {'maintain_safety': True}, 'ethics_state': {'drift_score': 0.1}, 'generation_params': {'temperature': 0.4, 'pls_version': 'v1_deterministic'}, 'teq_annotation': {'flagged_for_monitoring': True, 'risk_factors': ['threat_colorfield: aka/red'], 'severity': 'low'}}, risk=RiskProfile(score=0.2, reasons=['threat_colorfield: aka/red'], severity=&lt;SeverityLevel.LOW: 'low'&gt;), transform_chain=['sublimate_focus_shift_0.145'], timestamp=1756768142.7154887).risk</failure></testcase></testsuite></testsuites>