<?xml version="1.0" encoding="utf-8"?><testsuites name="pytest tests"><testsuite name="pytest" errors="1" failures="0" skipped="4" tests="5" time="5.840" timestamp="2025-09-01T23:03:28.577939+00:00" hostname="devbox"><testcase classname="" name="tests.matriz.test_orchestrator_schema" time="0.000"><error message="collection failure">ImportError while importing test module '/app/tests/matriz/test_orchestrator_schema.py'.
Hint: make sure your test modules/packages have valid Python names.
Traceback:
/home/jules/.pyenv/versions/3.12.11/lib/python3.12/site-packages/_pytest/python.py:498: in importtestmodule
    mod = import_path(
/home/jules/.pyenv/versions/3.12.11/lib/python3.12/site-packages/_pytest/pathlib.py:549: in import_path
    mod = _import_module_using_spec(
/home/jules/.pyenv/versions/3.12.11/lib/python3.12/site-packages/_pytest/pathlib.py:725: in _import_module_using_spec
    spec.loader.exec_module(mod)  # type: ignore[union-attr]
    ^^^^^^^^^^^^^^^^^^^^^^^^^^^^
/home/jules/.pyenv/versions/3.12.11/lib/python3.12/site-packages/_pytest/assertion/rewrite.py:186: in exec_module
    exec(co, module.__dict__)
tests/matriz/test_orchestrator_schema.py:7: in &lt;module&gt;
    from matriz.core.node_interface import CognitiveNode
E   ModuleNotFoundError: No module named 'matriz.core'</error></testcase><testcase classname="" name="tests.phase2.test_orchestration_integration" time="0.000"><skipped message="collection skipped">('/app/tests/phase2/test_orchestration_integration.py', 43, "Skipped: Phase 2 modules not available: cannot import name 'WorkflowExecution' from 'candidate.orchestration.multi_model_orchestration' (/app/candidate/orchestration/multi_model_orchestration.py)")</skipped></testcase><testcase classname="" name="tests.phase2.test_performance_benchmarks" time="0.000"><skipped message="collection skipped">('/app/tests/phase2/test_performance_benchmarks.py', 49, "Skipped: Performance testing modules not available: No module named 'lukhas.identity.core'")</skipped></testcase><testcase classname="" name="tests.phase2.test_security_compliance" time="0.000"><skipped message="collection skipped">('/app/tests/phase2/test_security_compliance.py', 43, "Skipped: Security modules not available: cannot import name 'ComplianceEngine' from 'candidate.compliance.ai_compliance' (/app/candidate/compliance/ai_compliance.py)")</skipped></testcase><testcase classname="" name="tests.phase2.test_tool_execution_safety" time="0.000"><skipped message="collection skipped">('/app/tests/phase2/test_tool_execution_safety.py', 34, "Skipped: Tool execution modules not available: No module named 'candidate.tools.code_executor'")</skipped></testcase></testsuite></testsuites>