<?xml version="1.0" encoding="utf-8"?><testsuites name="pytest tests"><testsuite name="pytest" errors="0" failures="0" skipped="0" tests="13" time="1.270" timestamp="2025-09-01T01:46:26.857420+00:00" hostname="devbox"><testcase classname="tests.bridge.test_unified_openai_client" name="test_client_initialization" time="0.004" /><testcase classname="tests.bridge.test_unified_openai_client" name="test_client_initialization_no_api_key" time="0.002" /><testcase classname="tests.bridge.test_unified_openai_client" name="test_create_conversation" time="0.003" /><testcase classname="tests.bridge.test_unified_openai_client" name="test_get_conversation" time="0.003" /><testcase classname="tests.bridge.test_unified_openai_client" name="test_get_nonexistent_conversation" time="0.002" /><testcase classname="tests.bridge.test_unified_openai_client" name="test_clear_conversation" time="0.003" /><testcase classname="tests.bridge.test_unified_openai_client" name="test_clear_nonexistent_conversation" time="0.002" /><testcase classname="tests.bridge.test_unified_openai_client" name="test_add_message_to_conversation" time="0.003" /><testcase classname="tests.bridge.test_unified_openai_client" name="test_conversation_history_trimming" time="0.002" /><testcase classname="tests.bridge.test_unified_openai_client" name="test_chat_completion_string_message" time="0.006" /><testcase classname="tests.bridge.test_unified_openai_client" name="test_chat_completion_with_conversation" time="0.005" /><testcase classname="tests.bridge.test_unified_openai_client" name="test_chat_completion_streaming" time="0.008" /><testcase classname="tests.bridge.test_unified_openai_client" name="test_embeddings" time="0.007" /></testsuite></testsuites>