<?xml version="1.0" encoding="utf-8"?><testsuites name="pytest tests"><testsuite name="pytest" errors="0" failures="0" skipped="0" tests="8" time="7.372" timestamp="2025-08-30T08:00:05.807974+01:00" hostname="g.local"><testcase classname="tests.test_imports" name="test_imports_real[lukhas.core.common]" time="0.122" /><testcase classname="tests.test_imports" name="test_imports_real[lukhas.memory]" time="0.013" /><testcase classname="tests.test_imports" name="test_imports_real[lukhas.identity]" time="0.098" /><testcase classname="tests.test_imports" name="test_imports_real[lukhas.governance]" time="0.067" /><testcase classname="tests.test_imports" name="test_imports_real[lukhas.observability]" time="0.000" /><testcase classname="tests.test_basic_functions" name="test_memory_wrapper_initializes" time="0.000" /><testcase classname="tests.test_basic_functions" name="test_logger_emits" time="0.001" /><testcase classname="tests.core.test_imports_touch" name="test_imports_touch" time="0.000" /></testsuite></testsuites>