<?xml version="1.0" encoding="utf-8"?><testsuites name="pytest tests"><testsuite name="pytest" errors="0" failures="1" skipped="0" tests="2" time="53.475" timestamp="2025-08-28T15:54:29.210546+01:00" hostname="g.local"><testcase classname="tests.test_memory_fold_system.TestMemoryFoldSystem" name="test_1000_fold_capacity_and_performance" time="0.008" /><testcase classname="tests.test_memory_fold_system.TestMemoryFoldSystem" name="test_cascade_prevention_with_quarantine" time="0.005"><failure message="AssertionError: Contaminated entry should be in quarantine.&#10;assert 'contaminated_entry_0' in {}&#10; +  where {} = &lt;candidate.memory.protection.symbolic_quarantine_sanctum.SymbolicQuarantineSanctum object at 0x10cf89f50&gt;.quarantine_entries">self = &lt;test_memory_fold_system.TestMemoryFoldSystem object at 0x10cf6a790&gt;
sanctum = &lt;candidate.memory.protection.symbolic_quarantine_sanctum.SymbolicQuarantineSanctum object at 0x10cf89f50&gt;

    @pytest.mark.asyncio
    async def test_cascade_prevention_with_quarantine(self, sanctum):
        """Tests cascade prevention by ensuring contaminated data is quarantined."""
        total_operations = 100
        contaminated_entries = 0
    
        for i in range(total_operations):
            # Create a mix of normal and contaminated entries
            if i % 10 == 0:
                # This entry is designed to be caught by the scanner
                entry_id = f"contaminated_entry_{i}"
                content = {
                    "entry_id": entry_id,
                    "content": "This is a chaotic and unstable memory with high entropy and violations.",
                    "entropy": 0.9, # High entropy
                    "ΛVIOLATION": "ethical_breach"
                }
                is_contaminated = True
            else:
                entry_id = f"normal_entry_{i}"
                content = {
                    "entry_id": entry_id,
                    "content": f"Stable memory content {i}",
                    "entropy": 0.2
                }
                is_contaminated = False
    
            # Scan the entry
            findings = await sanctum.scan_for_contamination([content], auto_quarantine=True)
    
            if is_contaminated:
                assert len(findings) == 1, "Contaminated entry should be flagged."
                assert findings[0]['entry_id'] == entry_id
&gt;               assert entry_id in sanctum.quarantine_entries, "Contaminated entry should be in quarantine."
E               AssertionError: Contaminated entry should be in quarantine.
E               assert 'contaminated_entry_0' in {}
E                +  where {} = &lt;candidate.memory.protection.symbolic_quarantine_sanctum.SymbolicQuarantineSanctum object at 0x10cf89f50&gt;.quarantine_entries

tests/test_memory_fold_system.py:107: AssertionError</failure></testcase></testsuite></testsuites>