<?xml version="1.0" encoding="utf-8"?><testsuites name="pytest tests"><testsuite name="pytest" errors="0" failures="0" skipped="0" tests="7" time="3.208" timestamp="2025-08-30T13:45:32.637532+01:00" hostname="g.local"><testcase classname="tests.test_imports" name="test_imports_real[lukhas.core.common]" time="0.027" /><testcase classname="tests.test_imports" name="test_imports_real[lukhas.memory]" time="0.003" /><testcase classname="tests.test_imports" name="test_imports_real[lukhas.identity]" time="0.417" /><testcase classname="tests.test_imports" name="test_imports_real[lukhas.governance]" time="0.008" /><testcase classname="tests.test_imports" name="test_imports_real[lukhas.observability]" time="0.000" /><testcase classname="tests.test_integration" name="test_memory_flow_minimal" time="0.000" /><testcase classname="tests.golden.test_memory_contract" name="test_memory_dump_contract" time="0.001" /></testsuite></testsuites>