<?xml version="1.0" encoding="utf-8"?><testsuites name="pytest tests"><testsuite name="pytest" errors="0" failures="0" skipped="19" tests="56" time="4.472" timestamp="2025-08-30T12:36:50.773168+01:00" hostname="g.local"><testcase classname="tests.test_imports" name="test_imports_real[lukhas.core.common]" time="0.001" /><testcase classname="tests.test_imports" name="test_imports_real[lukhas.memory]" time="0.000" /><testcase classname="tests.test_imports" name="test_imports_real[lukhas.identity]" time="0.435" /><testcase classname="tests.test_imports" name="test_imports_real[lukhas.governance]" time="0.015" /><testcase classname="tests.test_imports" name="test_imports_real[lukhas.observability]" time="0.000" /><testcase classname="tests.test_integration" name="test_memory_flow_minimal" time="0.000" /><testcase classname="tests.golden.test_memory_contract" name="test_memory_dump_contract" time="0.001" /><testcase classname="tests.memory.test_memory_basic" name="test_memory_wrapper_import" time="0.000" /><testcase classname="tests.memory.test_memory_basic" name="test_fold_system_import" time="0.000" /><testcase classname="tests.memory.test_memory_basic" name="test_memory_config" time="0.001" /><testcase classname="tests.identity.test_identity_basic" name="test_auth_service_import" time="0.001" /><testcase classname="tests.identity.test_identity_basic" name="test_lambda_id_import" time="0.001"><skipped type="pytest.skip" message="LambdaID not available">/Users/agi_dev/LOCAL-REPOS/Lukhas/tests/identity/test_identity_basic.py:29: LambdaID not available</skipped></testcase><testcase classname="tests.identity.test_identity_basic" name="test_identity_exports" time="0.000" /><testcase classname="tests.identity.test_signup_login.TestIdentityFlow" name="test_password_validation" time="0.000" /><testcase classname="tests.identity.test_signup_login.TestIdentityFlow" name="test_signup_login_jwt_cycle" time="0.000" /><testcase classname="tests.consciousness.test_consciousness_basic" name="test_consciousness_wrapper_import" time="0.003" /><testcase classname="tests.consciousness.test_consciousness_basic" name="test_consciousness_exports" time="0.000" /><testcase classname="tests.core.test_exceptions_paths" name="test_exception_none_handling" time="0.000" /><testcase classname="tests.core.test_exceptions_paths" name="test_more_exception_types" time="0.000" /><testcase classname="tests.core.test_imports_touch" name="test_imports_touch" time="0.000" /><testcase classname="tests.core.test_time_tz" name="test_logger_jsonformatter_utc_timestamp" time="0.000" /><testcase classname="tests.core.test_time_tz" name="test_emotional_memory_manager_utc_timestamps" time="0.000" /><testcase classname="tests.bridge.test_branding_bridge_coverage" name="test_branding_bridge_import" time="0.000"><skipped type="pytest.skip" message="BrandingBridge not available">/Users/agi_dev/LOCAL-REPOS/Lukhas/tests/bridge/test_branding_bridge_coverage.py:21: BrandingBridge not available</skipped></testcase><testcase classname="tests.bridge.test_branding_bridge_coverage" name="test_branding_bridge_get_context" time="0.000"><skipped type="pytest.skip" message="BrandingBridge not available">/Users/agi_dev/LOCAL-REPOS/Lukhas/tests/bridge/test_branding_bridge_coverage.py:40: BrandingBridge not available</skipped></testcase><testcase classname="tests.bridge.test_branding_bridge_coverage" name="test_branding_bridge_message_validation" time="0.000"><skipped type="pytest.skip" message="BrandingBridge not available">/Users/agi_dev/LOCAL-REPOS/Lukhas/tests/bridge/test_branding_bridge_coverage.py:60: BrandingBridge not available</skipped></testcase><testcase classname="tests.bridge.test_branding_bridge_coverage" name="test_branding_bridge_tone_system" time="0.000"><skipped type="pytest.skip" message="BrandingBridge not available">/Users/agi_dev/LOCAL-REPOS/Lukhas/tests/bridge/test_branding_bridge_coverage.py:79: BrandingBridge not available</skipped></testcase><testcase classname="tests.bridge.test_branding_bridge_coverage" name="test_branding_bridge_error_handling" time="0.000"><skipped type="pytest.skip" message="BrandingBridge not available">/Users/agi_dev/LOCAL-REPOS/Lukhas/tests/bridge/test_branding_bridge_coverage.py:99: BrandingBridge not available</skipped></testcase><testcase classname="tests.qi.test_qi_wrapper_coverage" name="test_qi_wrapper_import" time="0.113" /><testcase classname="tests.qi.test_qi_wrapper_coverage" name="test_qi_wrapper_initialization" time="0.000" /><testcase classname="tests.qi.test_qi_wrapper_coverage" name="test_qi_wrapper_processing" time="0.000" /><testcase classname="tests.qi.test_qi_wrapper_coverage" name="test_qi_wrapper_safety_processing" time="0.002" /><testcase classname="tests.qi.test_qi_wrapper_coverage" name="test_qi_wrapper_initialization_state" time="0.001" /><testcase classname="tests.qi.test_qi_wrapper_coverage" name="test_qi_wrapper_error_handling" time="0.001" /><testcase classname="tests.governance.test_consent_ledger_coverage" name="test_consent_ledger_api_import" time="0.004" /><testcase classname="tests.governance.test_consent_ledger_coverage" name="test_consent_ledger_null_provider" time="0.000" /><testcase classname="tests.governance.test_consent_ledger_coverage" name="test_consent_ledger_registry" time="0.000" /><testcase classname="tests.governance.test_consent_ledger_coverage" name="test_consent_ledger_with_metadata" time="0.000" /><testcase classname="tests.governance.test_consent_ledger_coverage" name="test_consent_ledger_error_handling" time="0.003" /><testcase classname="tests.governance.test_consent_ledger_coverage" name="test_consent_ledger_feature_flag" time="0.001" /><testcase classname="tests.orchestration.test_orchestration_coverage" name="test_orchestration_imports" time="0.002" /><testcase classname="tests.orchestration.test_orchestration_coverage" name="test_kernel_bus_import" time="0.000" /><testcase classname="tests.orchestration.test_orchestration_coverage" name="test_context_bus_import" time="0.000"><skipped type="pytest.skip" message="ContextBus not available">/Users/agi_dev/LOCAL-REPOS/Lukhas/tests/orchestration/test_orchestration_coverage.py:55: ContextBus not available</skipped></testcase><testcase classname="tests.orchestration.test_orchestration_coverage" name="test_context_api_import" time="0.001"><skipped type="pytest.skip" message="Context API not available">/Users/agi_dev/LOCAL-REPOS/Lukhas/tests/orchestration/test_orchestration_coverage.py:72: Context API not available</skipped></testcase><testcase classname="tests.orchestration.test_orchestration_coverage" name="test_orchestration_initialization" time="0.000" /><testcase classname="tests.orchestration.test_orchestration_coverage" name="test_orchestration_error_handling" time="0.000" /><testcase classname="tests.vivox.test_vivox_wrapper_coverage" name="test_vivox_wrapper_import" time="0.006"><skipped type="pytest.skip" message="VIVOXWrapper not available">/Users/agi_dev/LOCAL-REPOS/Lukhas/tests/vivox/test_vivox_wrapper_coverage.py:21: VIVOXWrapper not available</skipped></testcase><testcase classname="tests.vivox.test_vivox_wrapper_coverage" name="test_vivox_wrapper_system_processing" time="0.000"><skipped type="pytest.skip" message="VIVOXWrapper not available">/Users/agi_dev/LOCAL-REPOS/Lukhas/tests/vivox/test_vivox_wrapper_coverage.py:41: VIVOXWrapper not available</skipped></testcase><testcase classname="tests.vivox.test_vivox_wrapper_coverage" name="test_vivox_wrapper_state_management" time="0.000"><skipped type="pytest.skip" message="VIVOXWrapper not available">/Users/agi_dev/LOCAL-REPOS/Lukhas/tests/vivox/test_vivox_wrapper_coverage.py:60: VIVOXWrapper not available</skipped></testcase><testcase classname="tests.vivox.test_vivox_wrapper_coverage" name="test_vivox_wrapper_consciousness_layers" time="0.000"><skipped type="pytest.skip" message="VIVOXWrapper not available">/Users/agi_dev/LOCAL-REPOS/Lukhas/tests/vivox/test_vivox_wrapper_coverage.py:81: VIVOXWrapper not available</skipped></testcase><testcase classname="tests.vivox.test_vivox_wrapper_coverage" name="test_vivox_wrapper_configuration" time="0.001"><skipped type="pytest.skip" message="VIVOXWrapper not available">/Users/agi_dev/LOCAL-REPOS/Lukhas/tests/vivox/test_vivox_wrapper_coverage.py:97: VIVOXWrapper not available</skipped></testcase><testcase classname="tests.vivox.test_vivox_wrapper_coverage" name="test_vivox_wrapper_error_handling" time="0.001"><skipped type="pytest.skip" message="VIVOXWrapper not available">/Users/agi_dev/LOCAL-REPOS/Lukhas/tests/vivox/test_vivox_wrapper_coverage.py:117: VIVOXWrapper not available</skipped></testcase><testcase classname="tests.emotion.test_emotion_wrapper_coverage" name="test_emotion_wrapper_import" time="0.003"><skipped type="pytest.skip" message="EmotionWrapper not available">/Users/agi_dev/LOCAL-REPOS/Lukhas/tests/emotion/test_emotion_wrapper_coverage.py:21: EmotionWrapper not available</skipped></testcase><testcase classname="tests.emotion.test_emotion_wrapper_coverage" name="test_emotion_wrapper_process_emotion" time="0.000"><skipped type="pytest.skip" message="EmotionWrapper not available">/Users/agi_dev/LOCAL-REPOS/Lukhas/tests/emotion/test_emotion_wrapper_coverage.py:41: EmotionWrapper not available</skipped></testcase><testcase classname="tests.emotion.test_emotion_wrapper_coverage" name="test_emotion_wrapper_state_management" time="0.000"><skipped type="pytest.skip" message="EmotionWrapper not available">/Users/agi_dev/LOCAL-REPOS/Lukhas/tests/emotion/test_emotion_wrapper_coverage.py:60: EmotionWrapper not available</skipped></testcase><testcase classname="tests.emotion.test_emotion_wrapper_coverage" name="test_emotion_wrapper_valence_update" time="0.000"><skipped type="pytest.skip" message="EmotionWrapper not available">/Users/agi_dev/LOCAL-REPOS/Lukhas/tests/emotion/test_emotion_wrapper_coverage.py:82: EmotionWrapper not available</skipped></testcase><testcase classname="tests.emotion.test_emotion_wrapper_coverage" name="test_emotion_wrapper_error_handling" time="0.001"><skipped type="pytest.skip" message="EmotionWrapper not available">/Users/agi_dev/LOCAL-REPOS/Lukhas/tests/emotion/test_emotion_wrapper_coverage.py:102: EmotionWrapper not available</skipped></testcase></testsuite></testsuites>