<?xml version="1.0" encoding="utf-8"?><testsuites name="pytest tests"><testsuite name="pytest" errors="0" failures="0" skipped="0" tests="13" time="4.849" timestamp="2025-08-30T15:30:32.376767+01:00" hostname="g.local"><testcase classname="tests.test_imports" name="test_imports_real[lukhas.core.common]" time="0.015" /><testcase classname="tests.test_imports" name="test_imports_real[lukhas.memory]" time="0.004" /><testcase classname="tests.test_imports" name="test_imports_real[lukhas.identity]" time="0.073" /><testcase classname="tests.test_imports" name="test_imports_real[lukhas.governance]" time="0.001" /><testcase classname="tests.test_imports" name="test_imports_real[lukhas.observability]" time="0.000" /><testcase classname="tests.test_integration" name="test_memory_flow_minimal" time="0.001" /><testcase classname="tests.golden.test_memory_contract" name="test_memory_dump_contract" time="0.005" /><testcase classname="tests.smoke.test_health" name="test_repo_boots" time="0.000" /><testcase classname="tests.smoke.test_imports_light" name="test_lane_imports_have_file[accepted-lukhas]" time="0.001" /><testcase classname="tests.smoke.test_imports_light" name="test_lane_imports_have_file[candidate-candidate]" time="0.001" /><testcase classname="tests.smoke.test_imports_light" name="test_lane_imports_have_file[core-lukhas]" time="0.000" /><testcase classname="tests.smoke.test_imports_light" name="test_lane_imports_have_file[matriz-matriz]" time="0.005" /><testcase classname="tests.smoke.test_imports_light" name="test_lane_imports_have_file[archive-archive]" time="0.001" /></testsuite></testsuites>