{
  "summary": {
    "ts": 1760362961,
    "timestamp_iso": "2025-10-13T13:42:41Z",
    "ruff": {
      "stats": {
        "ARG002": 2386,
        "W293": 1566,
        "E402": 1284,
        "TID252": 1269,
        "ARG001": 697,
        "F841": 341,
        "I001": 273,
        "RUF100": 258,
        "E712": 153,
        "RUF012": 141,
        "RUF010": 129,
        "E722": 127,
        "RUF006": 107,
        "F541": 106,
        "E702": 98,
        "RUF001": 86,
        "RUF013": 82,
        "ARG005": 78,
        "E701": 66,
        "E741": 38,
        "W292": 36,
        "RUF005": 30,
        "RUF003": 26,
        "RUF002": 23,
        "F811": 18,
        "ARG004": 14,
        "W291": 13,
        "F402": 11,
        "F706": 10,
        "F401": 9,
        "F821": 9,
        "RUF019": 9,
        "F405": 8,
        "E401": 6,
        "F403": 6,
        "F823": 6,
        "RUF015": 5,
        "ARG003": 4,
        "E731": 4,
        "E721": 2,
        "F404": 2,
        "RUF009": 2,
        "F822": 1
      },
      "count": {
        "total": 9637
      }
    },
    "tests": {
      "smoke": {
        "passed": 66,
        "failed": 26,
        "maxfail_stopped": true
      },
      "unit_core": {
        "summary": "it/aka_qualia/test_metrics.py\nERROR tests/unit/bio/core/test_bio_symbolic.py\nERROR tests/unit/branding/personal_brand/test_consciousness_authority_builder.py\nERROR tests/unit/branding/test_keatsian_replacer.py - FileNotFoundError: [Err...\n!!!!!!!!!!!!!!!!!!!!!!!!!! stopping after 5 failures !!!!!!!!!!!!!!!!!!!!!!!!!!!\n============================== 5 errors in 0.76s ==============================="
      }
    },
    "compat": {
      "task": "compat_hits",
      "ok": true,
      "rc": 0,
      "stdout": "[report_compat_hits] Total compat alias hits: 0\n[report_compat_hits] \u2705 PASS: 0 hits within limit 999999",
      "stderr": "",
      "parsed": "[report_compat_hits] Total compat alias hits: 0\n[report_compat_hits] \u2705 PASS: 0 hits within limit 999999"
    },
    "openapi": {
      "ok": false,
      "message": "OpenAPI spec not found"
    },
    "star_rules": {
      "ok": true,
      "rc": 0
    },
    "deps": null
  },
  "raw": {
    "ruff_statistics": {
      "task": "ruff_stats",
      "ok": false,
      "rc": 1,
      "stdout": "2386\tARG002\t[ ] unused-method-argument\n1566\tW293  \t[*] blank-line-with-whitespace\n1284\tE402  \t[ ] module-import-not-at-top-of-file\n1269\tTID252\t[ ] relative-imports\n 697\tARG001\t[ ] unused-function-argument\n 341\tF841  \t[*] unused-variable\n 273\tI001  \t[*] unsorted-imports\n 258\tRUF100\t[ ] unused-noqa\n 153\tE712  \t[*] true-false-comparison\n 141\tRUF012\t[ ] mutable-class-default\n 129\tRUF010\t[ ] explicit-f-string-type-conversion\n 127\tE722  \t[ ] bare-except\n 107\tRUF006\t[ ] asyncio-dangling-task\n 106\tF541  \t[*] f-string-missing-placeholders\n  98\tE702  \t[ ] multiple-statements-on-one-line-semicolon\n  86\tRUF001\t[ ] ambiguous-unicode-character-string\n  82\tRUF013\t[ ] implicit-optional\n  78\tARG005\t[ ] unused-lambda-argument\n  75\t      \t[ ] syntax-error\n  66\tE701  \t[ ] multiple-statements-on-one-line-colon\n  38\tE741  \t[ ] ambiguous-variable-name\n  36\tW292  \t[*] missing-newline-at-end-of-file\n  30\tRUF005\t[ ] collection-literal-concatenation\n  26\tRUF003\t[ ] ambiguous-unicode-character-comment\n  23\tRUF002\t[ ] ambiguous-unicode-character-docstring\n  18\tF811  \t[ ] redefined-while-unused\n  14\tARG004\t[ ] unused-static-method-argument\n  13\tW291  \t[*] trailing-whitespace\n  11\tF402  \t[ ] import-shadowed-by-loop-var\n  10\tF706  \t[ ] return-outside-function\n   9\tF401  \t[ ] unused-import\n   9\tF821  \t[ ] undefined-name\n   9\tRUF019\t[ ] unnecessary-key-check\n   8\tF405  \t[ ] undefined-local-with-import-star-usage\n   6\tE401  \t[*] multiple-imports-on-one-line\n   6\tF403  \t[ ] undefined-local-with-import-star\n   6\tF823  \t[ ] undefined-local\n   5\tRUF015\t[ ] unnecessary-iterable-allocation-for-first-element\n   4\tARG003\t[ ] unused-class-method-argument\n   4\tE731  \t[*] lambda-assignment\n   2\tE721  \t[ ] type-comparison\n   2\tF404  \t[ ] late-future-import\n   2\tRUF009\t[ ] function-call-in-dataclass-default-argument\n   1\tF822  \t[ ] undefined-export",
      "stderr": "/core/quantum_financial/test_quantum_financial_consciousness_engine.py:144: expected a comma-separated list of codes (e.g., `# noqa: F401, F841`).\nwarning: Invalid `# noqa` directive on tests/unit/candidate/core/quantum_financial/test_quantum_financial_consciousness_engine.py:145: expected a comma-separated list of codes (e.g., `# noqa: F401, F841`).\nwarning: Invalid `# noqa` directive on tests/unit/candidate/core/quantum_financial/test_quantum_financial_consciousness_engine.py:164: expected a comma-separated list of codes (e.g., `# noqa: F401, F841`).\nwarning: Invalid `# noqa` directive on tests/unit/candidate/core/quantum_financial/test_quantum_financial_consciousness_engine.py:165: expected a comma-separated list of codes (e.g., `# noqa: F401, F841`).\nwarning: Invalid `# noqa` directive on tests/unit/candidate/core/quantum_financial/test_quantum_financial_consciousness_engine.py:183: expected a comma-separated list of codes (e.g., `# noqa: F401, F841`).\nwarning: Invalid `# noqa` directive on tests/unit/candidate/core/quantum_financial/test_quantum_financial_consciousness_engine.py:188: expected a comma-separated list of codes (e.g., `# noqa: F401, F841`).\nwarning: Invalid `# noqa` directive on tests/unit/candidate/core/quantum_financial/test_quantum_financial_consciousness_engine.py:189: expected a comma-separated list of codes (e.g., `# noqa: F401, F841`).\nwarning: Invalid `# noqa` directive on tests/unit/candidate/core/quantum_financial/test_quantum_financial_consciousness_engine.py:208: expected a comma-separated list of codes (e.g., `# noqa: F401, F841`).\nwarning: Invalid `# noqa` directive on tests/unit/candidate/core/quantum_financial/test_quantum_financial_consciousness_engine.py:209: expected a comma-separated list of codes (e.g., `# noqa: F401, F841`).\nwarning: Invalid `# noqa` directive on tests/unit/candidate/core/quantum_financial/test_quantum_financial_consciousness_engine.py:227: expected a comma-separated list of codes (e.g., `# noqa: F401, F841`).",
      "parsed": {
        "ARG002": 2386,
        "W293": 1566,
        "E402": 1284,
        "TID252": 1269,
        "ARG001": 697,
        "F841": 341,
        "I001": 273,
        "RUF100": 258,
        "E712": 153,
        "RUF012": 141,
        "RUF010": 129,
        "E722": 127,
        "RUF006": 107,
        "F541": 106,
        "E702": 98,
        "RUF001": 86,
        "RUF013": 82,
        "ARG005": 78,
        "E701": 66,
        "E741": 38,
        "W292": 36,
        "RUF005": 30,
        "RUF003": 26,
        "RUF002": 23,
        "F811": 18,
        "ARG004": 14,
        "W291": 13,
        "F402": 11,
        "F706": 10,
        "F401": 9,
        "F821": 9,
        "RUF019": 9,
        "F405": 8,
        "E401": 6,
        "F403": 6,
        "F823": 6,
        "RUF015": 5,
        "ARG003": 4,
        "E731": 4,
        "E721": 2,
        "F404": 2,
        "RUF009": 2,
        "F822": 1
      }
    },
    "ruff_count": {
      "task": "ruff_count",
      "ok": true,
      "rc": 0,
      "stdout": "9637",
      "stderr": "",
      "parsed": {
        "total": 9637
      }
    },
    "pytest_smoke": {
      "task": "pytest_smoke",
      "ok": false,
      "rc": 1,
      "stdout": "est_auth.py::test_invalid_auth_scheme_returns_401 - Attri...\nFAILED tests/smoke/test_auth.py::test_error_format_openai_compatible - Assert...\nFAILED tests/smoke/test_auth_errors.py::test_missing_bearer_yields_auth_error\nFAILED tests/smoke/test_candidate_smoke.py::test_candidate_lane_accessible - ...\nFAILED tests/smoke/test_dreams_api.py::test_dreams_minimal - assert 401 == 200\nFAILED tests/smoke/test_error_envelope_minimal.py::test_envelope_500_minimal\nFAILED tests/smoke/test_error_handling.py::test_401_error_format_openai_compatible\nFAILED tests/smoke/test_experimental_smoke.py::test_experimental_lane_accessible\nFAILED tests/smoke/test_experimental_smoke.py::test_candidate_lane_accessible\nFAILED tests/smoke/test_idempotency.py::test_idempotency_key_replay_same_body_returns_cached\nFAILED tests/smoke/test_idempotency.py::test_idempotency_key_different_body_handled\nFAILED tests/smoke/test_idempotency.py::test_idempotency_key_works_for_responses\nFAILED tests/smoke/test_idempotency.py::test_without_idempotency_key_not_cached\nFAILED tests/smoke/test_metrics_tracking.py::test_metrics_track_requests - as...\nFAILED tests/smoke/test_metrics_tracking.py::test_error_tracking - assert 401...\nFAILED tests/smoke/test_openai_facade.py::test_responses_minimal - assert 401...\nFAILED tests/smoke/test_openai_facade.py::test_models_list - assert 401 == 200\nFAILED tests/smoke/test_responses_stream.py::test_streaming_responses_sse_protocol\nFAILED tests/smoke/test_responses_stream.py::test_streaming_vs_non_streaming\nFAILED tests/smoke/test_responses_stream.py::test_streaming_trace_header - re...\nFAILED tests/smoke/test_trace_header.py::test_trace_header_present_and_hex - ...\nFAILED tests/smoke/test_trace_header.py::test_trace_header_unique_across_requests\nFAILED tests/smoke/test_trace_header.py::test_trace_header_propagates_to_errors\nFAILED tests/smoke/test_tracing.py::test_no_trace_headers_when_otel_disabled\nFAILED tests/smoke/test_tracing.py::test_traced_matriz_operations - assert 40...",
      "stderr": "",
      "parsed": {
        "passed": 66,
        "failed": 26,
        "maxfail_stopped": true
      }
    },
    "pytest_core": {
      "task": "pytest_core",
      "ok": false,
      "rc": 1,
      "stdout": "============================= test session starts ==============================\nplatform darwin -- Python 3.9.6, pytest-8.4.2, pluggy-1.6.0\nrootdir: /Users/agi_dev/LOCAL-REPOS/Lukhas/tests/unit\nconfigfile: pytest.ini\nplugins: asyncio-0.24.0, anyio-4.9.0, xdist-3.8.0, timeout-2.4.0, hypothesis-6.140.0, cov-7.0.0\nasyncio: mode=auto, default_loop_scope=None\ncollected 43 items / 5 errors\n\n---- generated xml file: /Users/agi_dev/LOCAL-REPOS/Lukhas/test-results.xml ----\n=========================== short test summary info ============================\nERROR tests/unit/ai_orchestration/test_mcp_operational_support.py\nERROR tests/unit/aka_qualia/test_metrics.py\nERROR tests/unit/bio/core/test_bio_symbolic.py\nERROR tests/unit/branding/personal_brand/test_consciousness_authority_builder.py\nERROR tests/unit/branding/test_keatsian_replacer.py - FileNotFoundError: [Err...\n!!!!!!!!!!!!!!!!!!!!!!!!!! stopping after 5 failures !!!!!!!!!!!!!!!!!!!!!!!!!!!\n============================== 5 errors in 0.76s ===============================",
      "stderr": "",
      "parsed": {
        "summary": "it/aka_qualia/test_metrics.py\nERROR tests/unit/bio/core/test_bio_symbolic.py\nERROR tests/unit/branding/personal_brand/test_consciousness_authority_builder.py\nERROR tests/unit/branding/test_keatsian_replacer.py - FileNotFoundError: [Err...\n!!!!!!!!!!!!!!!!!!!!!!!!!! stopping after 5 failures !!!!!!!!!!!!!!!!!!!!!!!!!!!\n============================== 5 errors in 0.76s ==============================="
      }
    },
    "compat_hits": {
      "task": "compat_hits",
      "ok": true,
      "rc": 0,
      "stdout": "[report_compat_hits] Total compat alias hits: 0\n[report_compat_hits] \u2705 PASS: 0 hits within limit 999999",
      "stderr": "",
      "parsed": "[report_compat_hits] Total compat alias hits: 0\n[report_compat_hits] \u2705 PASS: 0 hits within limit 999999"
    },
    "openapi_validate": {
      "ok": false,
      "message": "OpenAPI spec not found"
    },
    "star_rules_coverage": {
      "ok": true,
      "rc": 0
    }
  }
}