{
  "test_suite": "LUKHAS AI Elite Tests",
  "description": "Tests that only 0.01% of engineers would create",
  "timestamp": 1755460425.9041212,
  "summary": {
    "total_tests": 50,
    "passed": 25,
    "failed": 25,
    "vulnerabilities_found": 4
  },
  "categories": {
    "security_adversarial": [
      "TestSecurityAdversarial::test_sql_injection_in_all_inputs",
      "TestSecurityAdversarial::test_command_injection_attempts",
      "TestSecurityAdversarial::test_xxe_xml_injection",
      "TestSecurityAdversarial::test_prototype_pollution_json",
      "TestSecurityAdversarial::test_path_traversal_attacks",
      "TestSecurityAdversarial::test_buffer_overflow_attempts",
      "TestSecurityAdversarial::test_integer_overflow_edge_cases",
      "TestSecurityAdversarial::test_race_condition_concurrent_writes",
      "TestSecurityAdversarial::test_timing_attack_password_comparison",
      "TestSecurityAdversarial::test_zip_bomb_protection",
      "TestSecurityAdversarial::test_regex_dos_catastrophic_backtracking",
      "TestSecurityAdversarial::test_deserialization_attack_pickle",
      "TestSecurityAdversarial::test_yaml_code_execution",
      "TestSecurityAdversarial::test_memory_exhaustion_fork_bomb",
      "TestSecurityAdversarial::test_symlink_attack_toctou",
      "TestSecurityAdversarial::test_side_channel_cache_timing",
      "TestSecurityAdversarial::test_unicode_normalization_bypass"
    ],
    "performance_extreme": [
      "TestPerformanceExtreme::test_memory_leak_detection",
      "TestPerformanceExtreme::test_cache_stampede_thundering_herd",
      "TestPerformanceExtreme::test_deadlock_detection_multiple_locks",
      "TestPerformanceExtreme::test_cpu_cache_false_sharing",
      "TestPerformanceExtreme::test_async_task_explosion",
      "TestPerformanceExtreme::test_gc_pathological_case",
      "TestPerformanceExtreme::test_lock_convoy_problem",
      "TestPerformanceExtreme::test_memory_fragmentation",
      "TestPerformanceExtreme::test_connection_pool_exhaustion",
      "TestPerformanceExtreme::test_branch_prediction_performance",
      "TestPerformanceExtreme::test_thread_local_storage_overhead",
      "TestPerformanceExtreme::test_network_buffer_bloat",
      "TestPerformanceExtreme::test_spinlock_vs_mutex_performance"
    ],
    "consciousness_edge": [
      "MemoryFold::test_consciousness_awareness_oscillation",
      "MemoryFold::test_consciousness_fork_and_merge",
      "MemoryFold::test_consciousness_bootstrapping",
      "MemoryFold::test_consciousness_death_and_revival"
    ],
    "chaos_engineering": []
  },
  "vulnerabilities_detected": [
    {
      "test": "TestSecurityAdversarial::test_sql_injection_in_all_inputs",
      "status": "FAILED",
      "details": "\u001b[1m============================= test session starts ==============================\u001b[0m\nplatform darwin -- Python 3.9.6, pytest-8.4.1, pluggy-1.6.0\nrootdir: /Users/agi_dev/LOCAL-REPOS/Lukhas\nconfigfi..."
    },
    {
      "test": "MemoryFold::test_memory_fold_cascade_prevention",
      "status": "FAILED",
      "details": "\u001b[1m============================= test session starts ==============================\u001b[0m\nplatform darwin -- Python 3.9.6, pytest-8.4.1, pluggy-1.6.0\nrootdir: /Users/agi_dev/LOCAL-REPOS/Lukhas\nconfigfi..."
    },
    {
      "test": "FaultInjection::test_deadlock_under_load",
      "status": "FAILED",
      "details": "\u001b[1m============================= test session starts ==============================\u001b[0m\nplatform darwin -- Python 3.9.6, pytest-8.4.1, pluggy-1.6.0\nrootdir: /Users/agi_dev/LOCAL-REPOS/Lukhas\nconfigfi..."
    },
    {
      "test": "FaultInjection::test_circuit_breaker_failure_cascade",
      "status": "FAILED",
      "details": "\u001b[1m============================= test session starts ==============================\u001b[0m\nplatform darwin -- Python 3.9.6, pytest-8.4.1, pluggy-1.6.0\nrootdir: /Users/agi_dev/LOCAL-REPOS/Lukhas\nconfigfi..."
    }
  ]
}