lukhas/core/common/exceptions.py:264: error: Unsupported operand types for / ("None" and "float")  [operator]
lukhas/core/common/exceptions.py:264: note: Left operand is of type "float | None"
lukhas/governance/auth_governance_policies.py:66: error: Incompatible types in assignment (expression has type "None", variable has type "list[str]")  [assignment]
lukhas/governance/auth_governance_policies.py:67: error: Incompatible types in assignment (expression has type "None", variable has type "dict[str, Any]")  [assignment]
lukhas/governance/auth_governance_policies.py:89: error: Incompatible types in assignment (expression has type "None", variable has type "list[str]")  [assignment]
lukhas/governance/auth_governance_policies.py:117: note: By default the bodies of untyped functions are not checked, consider using --check-untyped-defs  [annotation-unchecked]
lukhas/governance/auth_governance_policies.py:118: note: By default the bodies of untyped functions are not checked, consider using --check-untyped-defs  [annotation-unchecked]
lukhas/governance/auth_governance_policies.py:119: note: By default the bodies of untyped functions are not checked, consider using --check-untyped-defs  [annotation-unchecked]
lukhas/governance/auth_governance_policies.py:647: error: Need type annotation for "result"  [var-annotated]
lukhas/governance/auth_governance_policies.py:970: error: Unsupported target for indexed assignment ("object")  [index]
lukhas/governance/auth_governance_policies.py:980: error: Unsupported target for indexed assignment ("object")  [index]
lukhas/governance/auth_governance_policies.py:983: error: Need type annotation for "violation_counts" (hint: "violation_counts: dict[<type>, <type>] = ...")  [var-annotated]
lukhas/governance/auth_glyph_registry.py:67: error: Incompatible types in assignment (expression has type "None", variable has type "dict[str, Any]")  [assignment]
lukhas/governance/auth_glyph_registry.py:68: error: Incompatible types in assignment (expression has type "None", variable has type "datetime")  [assignment]
lukhas/governance/auth_glyph_registry.py:107: note: By default the bodies of untyped functions are not checked, consider using --check-untyped-defs  [annotation-unchecked]
lukhas/governance/auth_glyph_registry.py:108: note: By default the bodies of untyped functions are not checked, consider using --check-untyped-defs  [annotation-unchecked]
lukhas/governance/auth_glyph_registry.py:111: note: By default the bodies of untyped functions are not checked, consider using --check-untyped-defs  [annotation-unchecked]
lukhas/governance/auth_glyph_registry.py:384: error: Item "None" of "AuthGlyph | None" has no attribute "symbol"  [union-attr]
lukhas/governance/auth_glyph_registry.py:386: error: Item "None" of "AuthGlyph | None" has no attribute "symbol"  [union-attr]
lukhas/governance/auth_glyph_registry.py:390: error: Item "None" of "AuthGlyph | None" has no attribute "symbol"  [union-attr]
lukhas/governance/auth_glyph_registry.py:392: error: Item "None" of "AuthGlyph | None" has no attribute "symbol"  [union-attr]
lukhas/governance/auth_glyph_registry.py:396: error: Item "None" of "AuthGlyph | None" has no attribute "symbol"  [union-attr]
lukhas/governance/auth_glyph_registry.py:398: error: Item "None" of "AuthGlyph | None" has no attribute "symbol"  [union-attr]
lukhas/governance/auth_glyph_registry.py:455: error: Item "None" of "AuthGlyph | None" has no attribute "symbol"  [union-attr]
lukhas/governance/auth_glyph_registry.py:456: error: Item "None" of "AuthGlyph | None" has no attribute "symbol"  [union-attr]
lukhas/governance/auth_glyph_registry.py:457: error: Item "None" of "AuthGlyph | None" has no attribute "symbol"  [union-attr]
lukhas/governance/auth_glyph_registry.py:534: error: Incompatible types in assignment (expression has type "list[str]", target has type "str")  [assignment]
lukhas/governance/auth_glyph_registry.py:615: error: "Sequence[str]" has no attribute "append"  [attr-defined]
lukhas/governance/auth_glyph_registry.py:616: error: "Sequence[str]" has no attribute "append"  [attr-defined]
lukhas/governance/auth_glyph_registry.py:620: error: "Sequence[str]" has no attribute "append"  [attr-defined]
lukhas/governance/auth_glyph_registry.py:621: error: "Sequence[str]" has no attribute "append"  [attr-defined]
lukhas/governance/auth_glyph_registry.py:627: error: "Sequence[str]" has no attribute "append"  [attr-defined]
lukhas/governance/auth_glyph_registry.py:628: error: "Sequence[str]" has no attribute "append"  [attr-defined]
lukhas/governance/auth_glyph_registry.py:633: error: "Sequence[str]" has no attribute "append"  [attr-defined]
lukhas/governance/auth_glyph_registry.py:698: error: Unsupported target for indexed assignment ("object")  [index]
lukhas/governance/auth_glyph_registry.py:703: error: Unsupported operand types for + ("object" and "int")  [operator]
lukhas/governance/auth_glyph_registry.py:705: error: Unsupported operand types for + ("object" and "int")  [operator]
lukhas/governance/identity/connector.py:223: error: Incompatible default for argument "context" (default has type "None", argument has type "dict[Any, Any]")  [assignment]
lukhas/governance/identity/connector.py:223: note: PEP 484 prohibits implicit Optional. Accordingly, mypy has changed its default to no_implicit_optional=True
lukhas/governance/identity/connector.py:223: note: Use https://github.com/hauntsaninja/no_implicit_optional to automatically upgrade your codebase
lukhas/governance/identity/connector.py:388: error: Incompatible default for argument "user_intent" (default has type "None", argument has type "str")  [assignment]
lukhas/governance/identity/connector.py:388: note: PEP 484 prohibits implicit Optional. Accordingly, mypy has changed its default to no_implicit_optional=True
lukhas/governance/identity/connector.py:388: note: Use https://github.com/hauntsaninja/no_implicit_optional to automatically upgrade your codebase
lukhas/core/common/glyph.py:381: note: By default the bodies of untyped functions are not checked, consider using --check-untyped-defs  [annotation-unchecked]
lukhas/core/common/glyph.py:382: note: By default the bodies of untyped functions are not checked, consider using --check-untyped-defs  [annotation-unchecked]
lukhas/core/common/config.py:14: error: Library stubs not installed for "yaml"  [import-untyped]
lukhas/core/common/config.py:14: note: Hint: "python3 -m pip install types-PyYAML"
lukhas/core/common/config.py:14: note: (or run "mypy --install-types" to install all missing stub packages)
lukhas/core/common/config.py:14: note: See https://mypy.readthedocs.io/en/stable/running_mypy.html#missing-imports
lukhas/governance/identity/interface.py:47: error: Name "TierValidator" already defined (possibly by an import)  [no-redef]
lukhas/governance/identity/interface.py:57: error: Name "ActivityLogger" already defined (possibly by an import)  [no-redef]
lukhas/governance/identity/interface.py:63: error: Name "ConsentManager" already defined (possibly by an import)  [no-redef]
lukhas/governance/identity/interface.py:67: error: Name "LambdIDValidator" already defined (possibly by an import)  [no-redef]
branding/tone/tools/consciousness_wordsmith.py:69: error: Library stubs not installed for "yaml"  [import-untyped]
branding/tone/tools/consciousness_wordsmith.py:699: error: Incompatible types in assignment (expression has type "Path", variable has type "str | None")  [assignment]
branding/tone/tools/consciousness_wordsmith.py:702: error: Argument 1 to "open" has incompatible type "str | None"; expected "int | str | bytes | PathLike[str] | PathLike[bytes]"  [arg-type]
branding/tone/tools/consciousness_wordsmith.py:805: error: Name "filepath" is not defined  [name-defined]
branding/tone/tools/consciousness_wordsmith.py:808: error: Name "filepath" is not defined  [name-defined]
branding/tone/tools/consciousness_wordsmith.py:1199: error: Name "main" already defined on line 600  [no-redef]
config/env.py:13: error: Library stubs not installed for "yaml"  [import-untyped]
lukhas/memory/matriz_adapter.py:12: error: Module "lukhas.observability.matriz_decorators" has no attribute "matriz_record"  [attr-defined]
lukhas/memory/matriz_adapter.py:32: error: All conditional function variants must have identical signatures  [misc]
lukhas/memory/matriz_adapter.py:32: note: Original:
lukhas/memory/matriz_adapter.py:32: note:     def make_node(*, ntype: str, state: dict[str, float], provenance: dict[str, Any], labels: list[str] | None = ..., links: list[dict[Any, Any]] | None = ..., evidence: list[dict[Any, Any]] | None = ...) -> dict[Any, Any]
lukhas/memory/matriz_adapter.py:32: note: Redefinition:
lukhas/memory/matriz_adapter.py:32: note:     def make_node(**kwargs: Any) -> Any
lukhas/memory/matriz_adapter.py:35: error: All conditional function variants must have identical signatures  [misc]
lukhas/memory/matriz_adapter.py:35: note: Original:
lukhas/memory/matriz_adapter.py:35: note:     def emit(node: dict[Any, Any]) -> None
lukhas/memory/matriz_adapter.py:35: note: Redefinition:
lukhas/memory/matriz_adapter.py:35: note:     def emit(node: Any) -> Any
lukhas/memory/matriz_adapter.py:66: error: Function "get_matriz_context" could always be true in boolean context  [truthy-function]
lukhas/memory/fold_system.py:14: error: Module "lukhas.observability.matriz_decorators" has no attribute "matriz_record"  [attr-defined]
lukhas/memory/fold_system.py:55: note: By default the bodies of untyped functions are not checked, consider using --check-untyped-defs  [annotation-unchecked]
lukhas/memory/fold_system.py:56: note: By default the bodies of untyped functions are not checked, consider using --check-untyped-defs  [annotation-unchecked]
lukhas/memory/fold_system.py:218: error: Need type annotation for "importance_groups" (hint: "importance_groups: dict[<type>, <type>] = ...")  [var-annotated]
lukhas/memory/emotional/__init__.py:23: note: By default the bodies of untyped functions are not checked, consider using --check-untyped-defs  [annotation-unchecked]
lukhas/memory/emotional/__init__.py:24: note: By default the bodies of untyped functions are not checked, consider using --check-untyped-defs  [annotation-unchecked]
lukhas/memory/emotional/__init__.py:25: note: By default the bodies of untyped functions are not checked, consider using --check-untyped-defs  [annotation-unchecked]
lukhas/memory/emotional/__init__.py:153: error: Incompatible types in assignment (expression has type "float", target has type "int")  [assignment]
lukhas/memory/emotional/__init__.py:155: error: Incompatible return value type (got "dict[Any, int]", expected "dict[str, float]")  [return-value]
lukhas/memory/emotional/__init__.py:155: note: Perhaps you need a type annotation for "emotional_state"? Suggestion: "dict[str, float]"
lukhas/memory/emotional/__init__.py:212: error: Unsupported right operand type for in ("object")  [operator]
lukhas/memory/emotional/__init__.py:213: error: Unsupported target for indexed assignment ("object")  [index]
lukhas/memory/emotional/__init__.py:219: error: Value of type "object" is not indexable  [index]
lukhas/memory/emotional/__init__.py:226: error: Unsupported operand types for + ("object" and "int")  [operator]
lukhas/memory/emotional/__init__.py:229: error: "object" has no attribute "items"  [attr-defined]
lukhas/memory/emotional/__init__.py:235: error: "object" has no attribute "append"  [attr-defined]
lukhas/memory/emotional/__init__.py:244: error: "object" has no attribute "sort"  [attr-defined]
lukhas/governance/identity/__init__.py:29: error: Name "IdentityClient" already defined (possibly by an import)  [no-redef]
lukhas/governance/identity/__init__.py:115: error: Need type annotation for "_cache" (hint: "_cache: dict[<type>, <type>] = ...")  [var-annotated]
lukhas/governance/identity/__init__.py:179: error: Incompatible types in assignment (expression has type "IdentityImportBridge", target has type Module)  [assignment]
lukhas/governance/identity/__init__.py:190: error: Incompatible types in assignment (expression has type "IdentityImportBridge", target has type Module)  [assignment]
lukhas/governance/identity/__init__.py:192: error: Incompatible types in assignment (expression has type "IdentitySubmoduleBridge", target has type Module)  [assignment]
lukhas/core/supervisor_agent.py:108: error: "Sequence[str]" has no attribute "append"  [attr-defined]
lukhas/core/supervisor_agent.py:116: error: "Sequence[str]" has no attribute "append"  [attr-defined]
lukhas/core/supervisor_agent.py:121: error: "Sequence[str]" has no attribute "append"  [attr-defined]
lukhas/core/event_sourcing.py:320: error: Need type annotation for "capabilities" (hint: "capabilities: list[<type>] = ...")  [var-annotated]
lukhas/core/event_sourcing.py:321: error: Need type annotation for "memory" (hint: "memory: dict[<type>, <type>] = ...")  [var-annotated]
lukhas/core/event_sourcing.py:322: error: Need type annotation for "active_tasks" (hint: "active_tasks: list[<type>] = ...")  [var-annotated]
lukhas/core/event_sourcing.py:466: error: Unsupported target for indexed assignment ("object")  [index]
lukhas/core/event_sourcing.py:467: error: "object" has no attribute "get"  [attr-defined]
lukhas/core/event_sourcing.py:483: error: Unsupported operand types for + ("object" and "int")  [operator]
lukhas/core/distributed_tracing.py:53: error: Incompatible default for argument "fields" (default has type "None", argument has type "dict[str, Any]")  [assignment]
lukhas/core/distributed_tracing.py:53: note: PEP 484 prohibits implicit Optional. Accordingly, mypy has changed its default to no_implicit_optional=True
lukhas/core/distributed_tracing.py:53: note: Use https://github.com/hauntsaninja/no_implicit_optional to automatically upgrade your codebase
lukhas/core/distributed_tracing.py:70: error: Incompatible types in assignment (expression has type "None", variable has type "dict[str, str]")  [assignment]
lukhas/core/distributed_tracing.py:265: error: Need type annotation for "operation_counts"  [var-annotated]
lukhas/core/distributed_tracing.py:266: error: Need type annotation for "service_counts"  [var-annotated]
lukhas/core/distributed_tracing.py:308: error: Incompatible default for argument "collector" (default has type "None", argument has type "TraceCollector")  [assignment]
lukhas/core/distributed_tracing.py:308: note: PEP 484 prohibits implicit Optional. Accordingly, mypy has changed its default to no_implicit_optional=True
lukhas/core/distributed_tracing.py:308: note: Use https://github.com/hauntsaninja/no_implicit_optional to automatically upgrade your codebase
lukhas/core/distributed_tracing.py:748: error: Item "None" of "TraceContext | None" has no attribute "trace_id"  [union-attr]
lukhas/core/core_wrapper.py:397: error: Item "None" of "SymbolicReasoner | None" has no attribute "reason"  [union-attr]
lukhas/core/core_wrapper.py:404: error: Item "None" of "SymbolicReasoner | None" has no attribute "find_patterns"  [union-attr]
lukhas/core/actor_system.py:35: note: By default the bodies of untyped functions are not checked, consider using --check-untyped-defs  [annotation-unchecked]
lukhas/core/symbolism/tags.py:79: error: Incompatible default for argument "requester_privileges" (default has type "None", argument has type "list[str]")  [assignment]
lukhas/core/symbolism/tags.py:79: note: PEP 484 prohibits implicit Optional. Accordingly, mypy has changed its default to no_implicit_optional=True
lukhas/core/symbolism/tags.py:79: note: Use https://github.com/hauntsaninja/no_implicit_optional to automatically upgrade your codebase
lukhas/core/symbolism/tags.py:149: note: By default the bodies of untyped functions are not checked, consider using --check-untyped-defs  [annotation-unchecked]
lukhas/core/symbolism/tags.py:150: note: By default the bodies of untyped functions are not checked, consider using --check-untyped-defs  [annotation-unchecked]
lukhas/core/symbolism/tags.py:160: error: Incompatible default for argument "owner_id" (default has type "None", argument has type "str")  [assignment]
lukhas/core/symbolism/tags.py:160: note: PEP 484 prohibits implicit Optional. Accordingly, mypy has changed its default to no_implicit_optional=True
lukhas/core/symbolism/tags.py:160: note: Use https://github.com/hauntsaninja/no_implicit_optional to automatically upgrade your codebase
lukhas/core/symbolism/tags.py:201: error: Incompatible default for argument "requester_id" (default has type "None", argument has type "str")  [assignment]
lukhas/core/symbolism/tags.py:201: note: PEP 484 prohibits implicit Optional. Accordingly, mypy has changed its default to no_implicit_optional=True
lukhas/core/symbolism/tags.py:201: note: Use https://github.com/hauntsaninja/no_implicit_optional to automatically upgrade your codebase
lukhas/core/symbolism/tags.py:202: error: Incompatible default for argument "requester_privileges" (default has type "None", argument has type "list[str]")  [assignment]
lukhas/core/symbolism/tags.py:202: note: PEP 484 prohibits implicit Optional. Accordingly, mypy has changed its default to no_implicit_optional=True
lukhas/core/symbolism/tags.py:202: note: Use https://github.com/hauntsaninja/no_implicit_optional to automatically upgrade your codebase
lukhas/core/symbolism/tags.py:232: error: Incompatible default for argument "requester_id" (default has type "None", argument has type "str")  [assignment]
lukhas/core/symbolism/tags.py:232: note: PEP 484 prohibits implicit Optional. Accordingly, mypy has changed its default to no_implicit_optional=True
lukhas/core/symbolism/tags.py:232: note: Use https://github.com/hauntsaninja/no_implicit_optional to automatically upgrade your codebase
lukhas/core/symbolism/tags.py:233: error: Incompatible default for argument "requester_privileges" (default has type "None", argument has type "list[str]")  [assignment]
lukhas/core/symbolism/tags.py:233: note: PEP 484 prohibits implicit Optional. Accordingly, mypy has changed its default to no_implicit_optional=True
lukhas/core/symbolism/tags.py:233: note: Use https://github.com/hauntsaninja/no_implicit_optional to automatically upgrade your codebase
lukhas/core/symbolism/tags.py:256: error: Incompatible default for argument "requester_id" (default has type "None", argument has type "str")  [assignment]
lukhas/core/symbolism/tags.py:256: note: PEP 484 prohibits implicit Optional. Accordingly, mypy has changed its default to no_implicit_optional=True
lukhas/core/symbolism/tags.py:256: note: Use https://github.com/hauntsaninja/no_implicit_optional to automatically upgrade your codebase
lukhas/core/symbolism/tags.py:292: error: Unsupported target for indexed assignment ("object")  [index]
lukhas/core/symbolism/tags.py:295: error: Need type annotation for "permission_counts" (hint: "permission_counts: dict[<type>, <type>] = ...")  [var-annotated]
lukhas/core/common/logger.py:115: error: "object" has no attribute "append"  [attr-defined]
lukhas/core/common/logger.py:140: error: Incompatible types in assignment (expression has type "LoggerAdapter[Logger]", variable has type "Logger")  [assignment]
lukhas/core/common/logger.py:157: error: Argument 1 to "setLevel" of "Logger" has incompatible type "object"; expected "int | str"  [arg-type]
lukhas/core/common/logger.py:170: error: No overload variant of "get" of "dict" matches argument types "object", "str"  [call-overload]
lukhas/core/common/logger.py:170: note: Possible overload variants:
lukhas/core/common/logger.py:170: note:     def get(self, str, None = ..., /) -> str | None
lukhas/core/common/logger.py:170: note:     def get(self, str, str, /) -> str
lukhas/core/common/logger.py:170: note:     def [_T] get(self, str, _T, /) -> str | _T
lukhas/core/common/logger.py:171: error: Incompatible types in assignment (expression has type "LukhasFormatter", variable has type "JSONFormatter")  [assignment]
lukhas/core/common/logger.py:174: error: Unsupported right operand type for in ("object")  [operator]
lukhas/core/common/logger.py:180: error: Unsupported right operand type for in ("object")  [operator]
lukhas/core/common/logger.py:181: error: Argument 1 to "FileHandler" has incompatible type "object"; expected "str | PathLike[str]"  [arg-type]
lukhas/consciousness/consciousness_wrapper.py:29: error: Module "lukhas.observability.matriz_decorators" has no attribute "matriz_trace"  [attr-defined]
lukhas/consciousness/consciousness_wrapper.py:51: error: Name "EthicalSeverity" already defined (possibly by an import)  [no-redef]
lukhas/consciousness/consciousness_wrapper.py:58: error: Name "EthicalDecision" already defined (possibly by an import)  [no-redef]
lukhas/bio/utilities.py:237: error: Function "builtins.callable" is not valid as a type  [valid-type]
lukhas/bio/utilities.py:237: note: Perhaps you meant "typing.Callable" instead of "callable"?
lukhas/bio/utilities.py:254: error: callable? not callable  [misc]
lukhas/bio/core/bio_symbolic.py:66: note: By default the bodies of untyped functions are not checked, consider using --check-untyped-defs  [annotation-unchecked]
lukhas/bio/core/bio_symbolic.py:67: note: By default the bodies of untyped functions are not checked, consider using --check-untyped-defs  [annotation-unchecked]
lukhas/bio/core/bio_symbolic.py:68: note: By default the bodies of untyped functions are not checked, consider using --check-untyped-defs  [annotation-unchecked]
lukhas/bio/core/bio_symbolic.py:297: note: By default the bodies of untyped functions are not checked, consider using --check-untyped-defs  [annotation-unchecked]
lukhas/bio/core/bio_symbolic.py:342: error: Need type annotation for "glyph_counts" (hint: "glyph_counts: dict[<type>, <type>] = ...")  [var-annotated]
lukhas/bio/core/bio_symbolic.py:350: error: Argument "key" to "max" has incompatible type overloaded function; expected "Callable[[Any], SupportsDunderLT[Any] | SupportsDunderGT[Any]]"  [arg-type]
lukhas/qi/__init__.py:83: error: Name "QIWrapper" already defined (possibly by an import)  [no-redef]
lukhas/qi/__init__.py:182: error: Item "None" of "QIWrapper | None" has no attribute "process_with_constitutional_safety"  [union-attr]
lukhas/qi/__init__.py:194: error: Item "None" of "QIWrapper | None" has no attribute "make_quantum_decision"  [union-attr]
lukhas/qi/__init__.py:206: error: Item "None" of "QIWrapper | None" has no attribute "adapt_bio_inspired"  [union-attr]
lukhas/memory/memory_wrapper.py:12: error: Module "lukhas.observability.matriz_decorators" has no attribute "matriz_record"  [attr-defined]
lukhas/identity/webauthn.py:85: error: Need type annotation for "validation_cache" (hint: "validation_cache: dict[<type>, <type>] = ...")  [var-annotated]
lukhas/identity/webauthn.py:86: error: Need type annotation for "challenge_cache" (hint: "challenge_cache: dict[<type>, <type>] = ...")  [var-annotated]
lukhas/identity/webauthn.py:440: error: Argument 1 to "_constitutional_validation" of "WebAuthnManager" has incompatible type "str | None"; expected "str"  [arg-type]
lukhas/identity/webauthn.py:474: error: Argument 1 to "_update_consciousness_patterns" of "WebAuthnManager" has incompatible type "str | None"; expected "str"  [arg-type]
lukhas/identity/webauthn.py:707: error: Need type annotation for "device_dist" (hint: "device_dist: dict[<type>, <type>] = ...")  [var-annotated]
lukhas/governance/consent_ledger_impl.py:573: error: Incompatible return value type (got "None", expected "str")  [return-value]
lukhas/governance/consent_ledger_impl.py:733: error: "ConsentLedgerV1" has no attribute "_validate_consent_preconditions"  [attr-defined]
lukhas/governance/consent_ledger_impl.py:741: error: "ConsentLedgerV1" has no attribute "_validate_gdpr_compliance"  [attr-defined]
lukhas/governance/security/access_control.py:119: note: By default the bodies of untyped functions are not checked, consider using --check-untyped-defs  [annotation-unchecked]
lukhas/governance/security/access_control.py:190: note: By default the bodies of untyped functions are not checked, consider using --check-untyped-defs  [annotation-unchecked]
lukhas/governance/security/access_control.py:191: note: By default the bodies of untyped functions are not checked, consider using --check-untyped-defs  [annotation-unchecked]
lukhas/governance/security/access_control.py:192: note: By default the bodies of untyped functions are not checked, consider using --check-untyped-defs  [annotation-unchecked]
lukhas/governance/identity/auth_backend/audit_logger.py:497: error: Unsupported left operand type for - ("None")  [operator]
lukhas/governance/identity/auth_backend/audit_logger.py:497: note: Left operand is of type "datetime | None"
lukhas/governance/identity/auth_backend/audit_logger.py:515: error: Incompatible types in assignment (expression has type "str | None", target has type "str")  [assignment]
lukhas/governance/identity/auth_backend/audit_logger.py:552: error: Need type annotation for "event_type_counts" (hint: "event_type_counts: dict[<type>, <type>] = ...")  [var-annotated]
lukhas/governance/identity/auth_backend/audit_logger.py:559: error: Need type annotation for "severity_counts" (hint: "severity_counts: dict[<type>, <type>] = ...")  [var-annotated]
lukhas/governance/identity/auth_backend/audit_logger.py:596: error: Unsupported operand types for + ("object" and "int")  [operator]
lukhas/governance/identity/auth_backend/audit_logger.py:600: error: Unsupported operand types for + ("object" and "int")  [operator]
lukhas/governance/identity/auth_backend/audit_logger.py:602: error: Unsupported operand types for + ("object" and "int")  [operator]
lukhas/governance/identity/auth_backend/audit_logger.py:603: error: "object" has no attribute "append"  [attr-defined]
lukhas/governance/identity/auth_backend/audit_logger.py:608: error: Unsupported operand types for + ("object" and "int")  [operator]
lukhas/governance/identity/auth_backend/audit_logger.py:609: error: "object" has no attribute "append"  [attr-defined]
lukhas/governance/ethics/constitutional_ai.py:120: note: By default the bodies of untyped functions are not checked, consider using --check-untyped-defs  [annotation-unchecked]
lukhas/governance/ethics/constitutional_ai.py:121: note: By default the bodies of untyped functions are not checked, consider using --check-untyped-defs  [annotation-unchecked]
lukhas/governance/ethics/constitutional_ai.py:131: error: Incompatible default for argument "context" (default has type "None", argument has type "dict[str, Any]")  [assignment]
lukhas/governance/ethics/constitutional_ai.py:131: note: PEP 484 prohibits implicit Optional. Accordingly, mypy has changed its default to no_implicit_optional=True
lukhas/governance/ethics/constitutional_ai.py:131: note: Use https://github.com/hauntsaninja/no_implicit_optional to automatically upgrade your codebase
lukhas/governance/ethics/constitutional_ai.py:131: error: Incompatible default for argument "user_intent" (default has type "None", argument has type "str")  [assignment]
lukhas/governance/ethics/constitutional_ai.py:674: error: Incompatible default for argument "context" (default has type "None", argument has type "dict[str, Any]")  [assignment]
lukhas/governance/ethics/constitutional_ai.py:674: note: PEP 484 prohibits implicit Optional. Accordingly, mypy has changed its default to no_implicit_optional=True
lukhas/governance/ethics/constitutional_ai.py:674: note: Use https://github.com/hauntsaninja/no_implicit_optional to automatically upgrade your codebase
lukhas/governance/ethics/constitutional_ai.py:674: error: Incompatible default for argument "user_intent" (default has type "None", argument has type "str")  [assignment]
branding/tone/__init__.py:10: error: Cannot assign multiple types to name "ConsciousnessWordsmith" without an explicit "type[...]" annotation  [misc]
branding/tone/__init__.py:10: error: Incompatible types in assignment (expression has type "None", variable has type "type[LUKHASConsciousnessWordsmith]")  [assignment]
lukhas/vivox/vivox_wrapper.py:26: error: Module "lukhas.observability.matriz_decorators" has no attribute "matriz_trace"  [attr-defined]
lukhas/vivox/vivox_wrapper.py:48: error: Name "EthicalSeverity" already defined (possibly by an import)  [no-redef]
lukhas/vivox/vivox_wrapper.py:55: error: Name "EthicalDecision" already defined (possibly by an import)  [no-redef]
lukhas/vivox/vivox_wrapper.py:865: error: "None" not callable  [misc]
lukhas/memory/__init__.py:21: error: Cannot assign to a type  [misc]
lukhas/memory/__init__.py:21: error: Incompatible types in assignment (expression has type "None", variable has type "type[MemoryWrapper]")  [assignment]
lukhas/memory/__init__.py:22: error: Cannot assign to a type  [misc]
lukhas/memory/__init__.py:22: error: Incompatible types in assignment (expression has type "None", variable has type "type[MemoryFold]")  [assignment]
lukhas/memory/__init__.py:23: error: Cannot assign to a type  [misc]
lukhas/memory/__init__.py:23: error: Incompatible types in assignment (expression has type "None", variable has type "type[FoldManager]")  [assignment]
lukhas/memory/__init__.py:24: error: Cannot assign to a type  [misc]
lukhas/memory/__init__.py:24: error: Incompatible types in assignment (expression has type "None", variable has type "type[MemoryMatrizAdapter]")  [assignment]
lukhas/identity/lambda_id.py:38: error: Argument "authentication_id" to "verify_authentication_response" of "WebAuthnManager" has incompatible type "Any | None"; expected "str"  [arg-type]
lukhas/governance/auth_guardian_integration.py:32: error: Module "lukhas.governance.ethics.constitutional_ai" has no attribute "ConstitutionalAI"  [attr-defined]
lukhas/governance/auth_guardian_integration.py:73: error: Incompatible types in assignment (expression has type "None", variable has type "list[str]")  [assignment]
lukhas/governance/auth_guardian_integration.py:168: error: Need type annotation for "baseline_metrics" (hint: "baseline_metrics: dict[<type>, <type>] = ...")  [var-annotated]
lukhas/governance/auth_guardian_integration.py:169: error: Need type annotation for "recent_events" (hint: "recent_events: list[<type>] = ...")  [var-annotated]
lukhas/governance/guardian/__init__.py:56: error: Name "GuardianSystem" already defined (possibly by an import)  [no-redef]
lukhas/governance/auth_cross_module_integration.py:39: error: Incompatible types in assignment (expression has type "None", variable has type "AuthGlyphRegistry")  [assignment]
lukhas/governance/auth_cross_module_integration.py:40: error: Cannot assign to a type  [misc]
lukhas/governance/auth_cross_module_integration.py:40: error: Incompatible types in assignment (expression has type "None", variable has type "type[AuthenticationGuardian]")  [assignment]
lukhas/governance/auth_cross_module_integration.py:41: error: Cannot assign to a type  [misc]
lukhas/governance/auth_cross_module_integration.py:41: error: Incompatible types in assignment (expression has type "None", variable has type "type[AuthEventType]")  [assignment]
lukhas/governance/auth_cross_module_integration.py:110: error: Incompatible types in assignment (expression has type "None", variable has type "dict[str, Any]")  [assignment]
lukhas/governance/auth_cross_module_integration.py:209: note: By default the bodies of untyped functions are not checked, consider using --check-untyped-defs  [annotation-unchecked]
lukhas/governance/auth_cross_module_integration.py:210: note: By default the bodies of untyped functions are not checked, consider using --check-untyped-defs  [annotation-unchecked]
lukhas/governance/auth_cross_module_integration.py:211: note: By default the bodies of untyped functions are not checked, consider using --check-untyped-defs  [annotation-unchecked]
lukhas/governance/auth_cross_module_integration.py:212: note: By default the bodies of untyped functions are not checked, consider using --check-untyped-defs  [annotation-unchecked]
lukhas/governance/auth_cross_module_integration.py:544: error: Dict entry 1 has incompatible type "str": "ModuleType"; expected "str": "Callable[..., Any]"  [dict-item]
lukhas/governance/auth_cross_module_integration.py:545: error: Dict entry 2 has incompatible type "str": "str"; expected "str": "Callable[..., Any]"  [dict-item]
lukhas/governance/auth_cross_module_integration.py:566: error: Dict entry 1 has incompatible type "str": "ModuleType"; expected "str": "Callable[..., Any]"  [dict-item]
lukhas/governance/auth_cross_module_integration.py:567: error: Dict entry 2 has incompatible type "str": "str"; expected "str": "Callable[..., Any]"  [dict-item]
lukhas/governance/auth_cross_module_integration.py:588: error: Dict entry 1 has incompatible type "str": "ModuleType"; expected "str": "Callable[..., Any]"  [dict-item]
lukhas/governance/auth_cross_module_integration.py:589: error: Dict entry 2 has incompatible type "str": "str"; expected "str": "Callable[..., Any]"  [dict-item]
lukhas/governance/auth_cross_module_integration.py:610: error: Dict entry 1 has incompatible type "str": "ModuleType"; expected "str": "Callable[..., Any]"  [dict-item]
lukhas/governance/auth_cross_module_integration.py:611: error: Dict entry 2 has incompatible type "str": "str"; expected "str": "Callable[..., Any]"  [dict-item]
lukhas/governance/auth_cross_module_integration.py:632: error: Dict entry 1 has incompatible type "str": "ModuleType"; expected "str": "Callable[..., Any]"  [dict-item]
lukhas/governance/auth_cross_module_integration.py:633: error: Dict entry 2 has incompatible type "str": "str"; expected "str": "Callable[..., Any]"  [dict-item]
lukhas/governance/auth_cross_module_integration.py:653: error: Dict entry 1 has incompatible type "str": "ModuleType"; expected "str": "Callable[..., Any]"  [dict-item]
lukhas/governance/auth_cross_module_integration.py:654: error: Dict entry 2 has incompatible type "str": "str"; expected "str": "Callable[..., Any]"  [dict-item]
lukhas/governance/auth_cross_module_integration.py:673: error: Dict entry 1 has incompatible type "str": "ModuleType"; expected "str": "Callable[..., Any]"  [dict-item]
lukhas/governance/auth_cross_module_integration.py:674: error: Dict entry 2 has incompatible type "str": "str"; expected "str": "Callable[..., Any]"  [dict-item]
lukhas/governance/auth_cross_module_integration.py:693: error: Dict entry 1 has incompatible type "str": "ModuleType"; expected "str": "Callable[..., Any]"  [dict-item]
lukhas/governance/auth_cross_module_integration.py:694: error: Dict entry 2 has incompatible type "str": "str"; expected "str": "Callable[..., Any]"  [dict-item]
lukhas/governance/auth_cross_module_integration.py:715: error: Dict entry 1 has incompatible type "str": "ModuleType"; expected "str": "Callable[..., Any]"  [dict-item]
lukhas/governance/auth_cross_module_integration.py:716: error: Dict entry 2 has incompatible type "str": "str"; expected "str": "Callable[..., Any]"  [dict-item]
lukhas/governance/auth_cross_module_integration.py:735: error: Dict entry 1 has incompatible type "str": "ModuleType"; expected "str": "Callable[..., Any]"  [dict-item]
lukhas/governance/auth_cross_module_integration.py:736: error: Dict entry 2 has incompatible type "str": "str"; expected "str": "Callable[..., Any]"  [dict-item]
lukhas/governance/auth_cross_module_integration.py:756: error: Dict entry 1 has incompatible type "str": "ModuleType"; expected "str": "Callable[..., Any]"  [dict-item]
lukhas/governance/auth_cross_module_integration.py:757: error: Dict entry 2 has incompatible type "str": "str"; expected "str": "Callable[..., Any]"  [dict-item]
lukhas/governance/auth_cross_module_integration.py:794: error: "type[AuthEventType]" has no attribute "SESSION_END"  [attr-defined]
lukhas/emotion/emotion_wrapper.py:372: error: Need type annotation for "emotion_counts" (hint: "emotion_counts: dict[<type>, <type>] = ...")  [var-annotated]
branding/intelligence/brand_monitor.py:406: error: Argument "key" to "max" has incompatible type overloaded function; expected "Callable[[str], SupportsDunderLT[Any] | SupportsDunderGT[Any]]"  [arg-type]
branding/enforcement/real_time_validator.py:434: error: Need type annotation for "auto_corrections"  [var-annotated]
branding/enforcement/real_time_validator.py:471: error: Item "None" of "dict[Any, Any] | None" has no attribute "update"  [union-attr]
branding/enforcement/real_time_validator.py:775: error: Need type annotation for "issue_distribution" (hint: "issue_distribution: dict[<type>, <type>] = ...")  [var-annotated]
branding/enforcement/real_time_validator.py:776: error: Need type annotation for "severity_distribution" (hint: "severity_distribution: dict[<type>, <type>] = ...")  [var-annotated]
branding/enforcement/real_time_validator.py:808: error: Need type annotation for "issue_types" (hint: "issue_types: dict[<type>, <type>] = ...")  [var-annotated]
enterprise/performance/extreme_auth_optimization.py:108: note: By default the bodies of untyped functions are not checked, consider using --check-untyped-defs  [annotation-unchecked]
enterprise/performance/extreme_auth_optimization.py:387: error: "None" has no attribute "pipeline"  [attr-defined]
enterprise/performance/extreme_auth_optimization.py:403: error: Library stubs not installed for "aiofiles"  [import-untyped]
enterprise/performance/extreme_auth_optimization.py:403: note: Hint: "python3 -m pip install types-aiofiles"
enterprise/performance/extreme_auth_optimization.py:472: note: By default the bodies of untyped functions are not checked, consider using --check-untyped-defs  [annotation-unchecked]
lukhas/identity/auth_service.py:29: error: Module "lukhas.identity.wallet" has no attribute "WalletManager"  [attr-defined]
lukhas/identity/auth_service.py:86: error: Incompatible types in assignment (expression has type "None", variable has type "list[str]")  [assignment]
lukhas/identity/auth_service.py:103: error: Incompatible types in assignment (expression has type "None", variable has type "float")  [assignment]
lukhas/identity/auth_service.py:105: error: Incompatible types in assignment (expression has type "None", variable has type "list[str]")  [assignment]
lukhas/identity/auth_service.py:106: error: Incompatible types in assignment (expression has type "None", variable has type "dict[str, Any]")  [assignment]
lukhas/identity/auth_service.py:515: error: Argument 1 to "_create_enhanced_session_token" of "AuthenticationService" has incompatible type "Any | None"; expected "str"  [arg-type]
lukhas/identity/auth_service.py:612: error: Argument 1 to "_create_session_token" of "AuthenticationService" has incompatible type "Any | None"; expected "str"  [arg-type]
lukhas/identity/auth_service.py:642: error: "AuthenticationService" has no attribute "identity_manager"; maybe "qi_identity_manager"?  [attr-defined]
lukhas/identity/auth_service.py:833: error: Unsupported target for indexed assignment ("dict[str, object] | dict[str, Any] | dict[str, bool] | Any | str")  [index]
lukhas/identity/auth_service.py:834: error: Unsupported target for indexed assignment ("dict[str, object] | dict[str, Any] | dict[str, bool] | Any | str")  [index]
lukhas/identity/auth_service.py:837: error: Unsupported target for indexed assignment ("dict[str, object] | dict[str, Any] | dict[str, bool] | Any | str")  [index]
lukhas/identity/auth_service.py:840: error: Unsupported target for indexed assignment ("dict[str, object] | dict[str, Any] | dict[str, bool] | Any | str")  [index]
lukhas/identity/auth_service.py:841: error: Unsupported target for indexed assignment ("dict[str, object] | dict[str, Any] | dict[str, bool] | Any | str")  [index]
lukhas/governance/auth_integration_system.py:294: error: Unsupported target for indexed assignment ("Collection[str]")  [index]
lukhas/governance/auth_integration_system.py:299: error: "Collection[str]" has no attribute "append"  [attr-defined]
lukhas/governance/auth_integration_system.py:320: error: "Collection[str]" has no attribute "extend"  [attr-defined]
lukhas/governance/auth_integration_system.py:331: error: Value of type "Collection[str]" is not indexable  [index]
lukhas/governance/auth_integration_system.py:334: error: Value of type "Collection[str]" is not indexable  [index]
lukhas/governance/auth_integration_system.py:337: error: Value of type "Collection[str]" is not indexable  [index]
lukhas/governance/auth_integration_system.py:350: error: Unsupported target for indexed assignment ("Collection[str]")  [index]
lukhas/governance/auth_integration_system.py:363: error: "Collection[str]" has no attribute "append"  [attr-defined]
lukhas/governance/auth_integration_system.py:372: error: "Collection[str]" has no attribute "extend"  [attr-defined]
lukhas/governance/auth_integration_system.py:380: error: "Collection[str]" has no attribute "get"  [attr-defined]
lukhas/governance/auth_integration_system.py:384: error: Invalid index type "str" for "str"; expected type "SupportsIndex | slice[Any, Any, Any]"  [index]
lukhas/governance/auth_integration_system.py:412: error: "Collection[str]" has no attribute "get"  [attr-defined]
lukhas/governance/auth_integration_system.py:417: error: "Collection[str]" has no attribute "get"  [attr-defined]
lukhas/governance/auth_integration_system.py:424: error: Unsupported target for indexed assignment ("Collection[str]")  [index]
lukhas/governance/auth_integration_system.py:444: error: "Collection[str]" has no attribute "get"  [attr-defined]
lukhas/governance/auth_integration_system.py:445: error: "Collection[str]" has no attribute "get"  [attr-defined]
lukhas/governance/auth_integration_system.py:449: error: "Collection[str]" has no attribute "get"  [attr-defined]
lukhas/governance/auth_integration_system.py:470: error: Unsupported target for indexed assignment ("Collection[str]")  [index]
lukhas/governance/auth_integration_system.py:488: error: "Collection[str]" has no attribute "get"  [attr-defined]
lukhas/governance/auth_integration_system.py:506: error: "str" has no attribute "get"  [attr-defined]
lukhas/governance/auth_integration_system.py:509: error: "str" has no attribute "get"  [attr-defined]
lukhas/core/efficient_communication.py:107: note: By default the bodies of untyped functions are not checked, consider using --check-untyped-defs  [annotation-unchecked]
lukhas/core/efficient_communication.py:108: note: By default the bodies of untyped functions are not checked, consider using --check-untyped-defs  [annotation-unchecked]
lukhas/core/efficient_communication.py:179: note: By default the bodies of untyped functions are not checked, consider using --check-untyped-defs  [annotation-unchecked]
lukhas/core/efficient_communication.py:180: note: By default the bodies of untyped functions are not checked, consider using --check-untyped-defs  [annotation-unchecked]
lukhas/core/efficient_communication.py:504: note: By default the bodies of untyped functions are not checked, consider using --check-untyped-defs  [annotation-unchecked]
lukhas/core/common/decorators.py:266: error: Need type annotation for "cache" (hint: "cache: dict[<type>, <type>] = ...")  [var-annotated]
lukhas/core/common/decorators.py:267: error: Need type annotation for "cache_times" (hint: "cache_times: dict[<type>, <type>] = ...")  [var-annotated]
lukhas/core/common/decorators.py:310: error: "_Wrapped[[VarArg(Any), KwArg(Any)], Any, [VarArg(Any), KwArg(Any)], Any]" has no attribute "clear_cache"  [attr-defined]
lukhas/core/common/decorators.py:310: error: "clear" of "MutableMapping" does not return a value (it only ever returns None)  [func-returns-value]
branding/enforcement/__init__.py:11: error: Cannot assign to a type  [misc]
branding/enforcement/__init__.py:11: error: Incompatible types in assignment (expression has type "None", variable has type "type[RealTimeBrandValidator]")  [assignment]
branding/adapters/voice_adapter.py:38: error: Name "VoicePersonalityIntegrator" already defined (possibly by an import)  [no-redef]
branding/adapters/voice_adapter.py:45: error: Name "VoiceIntegration" already defined (possibly by an import)  [no-redef]
branding/adapters/voice_adapter.py:49: error: Name "EmotionalModulator" already defined (possibly by an import)  [no-redef]
branding/adapters/voice_adapter.py:132: error: Incompatible default for argument "voice_profile" (default has type "None", argument has type "str")  [assignment]
branding/adapters/voice_adapter.py:132: note: PEP 484 prohibits implicit Optional. Accordingly, mypy has changed its default to no_implicit_optional=True
branding/adapters/voice_adapter.py:132: note: Use https://github.com/hauntsaninja/no_implicit_optional to automatically upgrade your codebase
lukhas/governance/identity/extreme_performance_connector.py:547: error: "Coroutine[Any, Any, Any]" not callable  [operator]
lukhas/governance/identity/auth_backend/extreme_performance_audit_logger.py:332: error: "None" has no attribute "calculate_hash_async"  [attr-defined]
lukhas/governance/identity/auth_backend/extreme_performance_audit_logger.py:350: error: "None" has no attribute "pipeline"  [attr-defined]
lukhas/governance/__init__.py:34: error: Module "lukhas.governance.guardian" has no attribute "Guardian"  [attr-defined]
lukhas/governance/__init__.py:65: error: Cannot assign to a type  [misc]
lukhas/governance/__init__.py:65: error: Incompatible types in assignment (expression has type "None", variable has type "type[EthicalSeverity]")  [assignment]
lukhas/governance/__init__.py:66: error: Cannot assign to a type  [misc]
lukhas/governance/__init__.py:66: error: Incompatible types in assignment (expression has type "None", variable has type "type[GovernanceAction]")  [assignment]
lukhas/governance/__init__.py:67: error: Cannot assign to a type  [misc]
lukhas/governance/__init__.py:67: error: Incompatible types in assignment (expression has type "None", variable has type "type[EthicalDecision]")  [assignment]
lukhas/governance/__init__.py:68: error: Cannot assign to a type  [misc]
lukhas/governance/__init__.py:68: error: Incompatible types in assignment (expression has type "None", variable has type "type[DriftResult]")  [assignment]
lukhas/governance/__init__.py:69: error: Cannot assign to a type  [misc]
lukhas/governance/__init__.py:69: error: Incompatible types in assignment (expression has type "None", variable has type "type[SafetyResult]")  [assignment]
lukhas/governance/__init__.py:76: error: Module "lukhas.governance.ethics.constitutional_ai" has no attribute "ConstitutionalAI"  [attr-defined]
lukhas/governance/__init__.py:137: error: Cannot assign to a type  [misc]
lukhas/governance/__init__.py:137: error: Incompatible types in assignment (expression has type "None", variable has type "type[AuthenticationGuardian]")  [assignment]
lukhas/governance/__init__.py:138: error: Cannot assign to a type  [misc]
lukhas/governance/__init__.py:138: error: Incompatible types in assignment (expression has type "None", variable has type "type[AuthEventType]")  [assignment]
lukhas/governance/__init__.py:139: error: Cannot assign to a type  [misc]
lukhas/governance/__init__.py:139: error: Incompatible types in assignment (expression has type "None", variable has type "type[AuthDriftMetrics]")  [assignment]
lukhas/governance/__init__.py:140: error: Cannot assign to a type  [misc]
lukhas/governance/__init__.py:140: error: Incompatible types in assignment (expression has type "None", variable has type "type[ConstitutionalAuthPrinciples]")  [assignment]
lukhas/governance/__init__.py:141: error: Cannot assign to a type  [misc]
lukhas/governance/__init__.py:141: error: Incompatible types in assignment (expression has type "None", variable has type "type[AuthGlyphRegistry]")  [assignment]
lukhas/governance/__init__.py:142: error: Cannot assign to a type  [misc]
lukhas/governance/__init__.py:142: error: Incompatible types in assignment (expression has type "None", variable has type "type[AuthGlyph]")  [assignment]
lukhas/governance/__init__.py:143: error: Cannot assign to a type  [misc]
lukhas/governance/__init__.py:143: error: Incompatible types in assignment (expression has type "None", variable has type "type[SymbolicIdentity]")  [assignment]
lukhas/governance/__init__.py:144: error: Cannot assign to a type  [misc]
lukhas/governance/__init__.py:144: error: Incompatible types in assignment (expression has type "None", variable has type "type[AuthGlyphCategory]")  [assignment]
lukhas/governance/__init__.py:145: error: Incompatible types in assignment (expression has type "None", variable has type "AuthGlyphRegistry")  [assignment]
lukhas/governance/__init__.py:146: error: Cannot assign to a type  [misc]
lukhas/governance/__init__.py:146: error: Incompatible types in assignment (expression has type "None", variable has type "type[AuthGovernancePolicyEngine]")  [assignment]
lukhas/governance/__init__.py:147: error: Cannot assign to a type  [misc]
lukhas/governance/__init__.py:147: error: Incompatible types in assignment (expression has type "None", variable has type "type[PolicyRule]")  [assignment]
lukhas/governance/__init__.py:148: error: Cannot assign to a type  [misc]
lukhas/governance/__init__.py:148: error: Incompatible types in assignment (expression has type "None", variable has type "type[PolicyViolation]")  [assignment]
lukhas/governance/__init__.py:149: error: Cannot assign to a type  [misc]
lukhas/governance/__init__.py:149: error: Incompatible types in assignment (expression has type "None", variable has type "type[PolicyAssessment]")  [assignment]
lukhas/governance/__init__.py:150: error: Cannot assign to a type  [misc]
lukhas/governance/__init__.py:150: error: Incompatible types in assignment (expression has type "None", variable has type "type[PolicyCategory]")  [assignment]
lukhas/governance/__init__.py:151: error: Cannot assign to a type  [misc]
lukhas/governance/__init__.py:151: error: Incompatible types in assignment (expression has type "None", variable has type "type[PolicySeverity]")  [assignment]
lukhas/governance/__init__.py:152: error: Incompatible types in assignment (expression has type "None", variable has type "AuthGovernancePolicyEngine")  [assignment]
lukhas/governance/__init__.py:153: error: Cannot assign to a type  [misc]
lukhas/governance/__init__.py:153: error: Incompatible types in assignment (expression has type "None", variable has type "type[AuthCrossModuleIntegrator]")  [assignment]
lukhas/governance/__init__.py:154: error: Cannot assign to a type  [misc]
lukhas/governance/__init__.py:154: error: Incompatible types in assignment (expression has type "None", variable has type "type[TrinityFrameworkIntegration]")  [assignment]
lukhas/governance/__init__.py:155: error: Cannot assign to a type  [misc]
lukhas/governance/__init__.py:155: error: Incompatible types in assignment (expression has type "None", variable has type "type[AuthModuleMessage]")  [assignment]
lukhas/governance/__init__.py:156: error: Cannot assign to a type  [misc]
lukhas/governance/__init__.py:156: error: Incompatible types in assignment (expression has type "None", variable has type "type[ModuleAuthContext]")  [assignment]
lukhas/governance/__init__.py:157: error: Cannot assign to a type  [misc]
lukhas/governance/__init__.py:157: error: Incompatible types in assignment (expression has type "None", variable has type "type[ModuleType]")  [assignment]
lukhas/governance/__init__.py:158: error: Cannot assign to a type  [misc]
lukhas/governance/__init__.py:158: error: Incompatible types in assignment (expression has type "None", variable has type "type[AuthMessageType]")  [assignment]
lukhas/governance/__init__.py:159: error: Incompatible types in assignment (expression has type "None", variable has type "AuthCrossModuleIntegrator")  [assignment]
lukhas/governance/__init__.py:160: error: Cannot assign to a type  [misc]
lukhas/governance/__init__.py:160: error: Incompatible types in assignment (expression has type "None", variable has type "type[LUKHASAuthIntegrationSystem]")  [assignment]
lukhas/governance/__init__.py:161: error: Cannot assign to a type  [misc]
lukhas/governance/__init__.py:161: error: Incompatible types in assignment (expression has type "None", variable has type "type[IntegrationHealthStatus]")  [assignment]
lukhas/governance/__init__.py:162: error: Cannot assign to a type  [misc]
lukhas/governance/__init__.py:162: error: Incompatible types in assignment (expression has type "None", variable has type "type[AuthIntegrationMetrics]")  [assignment]
lukhas/governance/__init__.py:163: error: Incompatible types in assignment (expression has type "None", variable has type "LUKHASAuthIntegrationSystem")  [assignment]
lukhas/core/colonies/__init__.py:62: error: Need type annotation for "actors" (hint: "actors: dict[<type>, <type>] = ...")  [var-annotated]
lukhas/core/colonies/__init__.py:74: error: Need type annotation for "colony_types" (hint: "colony_types: dict[<type>, <type>] = ...")  [var-annotated]
lukhas/core/colonies/__init__.py:132: error: Name "SupervisorAgent" already defined (possibly by an import)  [no-redef]
lukhas/core/colonies/__init__.py:138: error: All conditional function variants must have identical signatures  [misc]
lukhas/core/colonies/__init__.py:138: note: Original:
lukhas/core/colonies/__init__.py:138: note:     def get_supervisor_agent() -> SupervisorAgent
lukhas/core/colonies/__init__.py:138: note: Redefinition:
lukhas/core/colonies/__init__.py:138: note:     def get_supervisor_agent() -> Any
lukhas/core/colonies/__init__.py:141: error: Name "EfficientCommunicationFabric" already defined (possibly by an import)  [no-redef]
lukhas/core/colonies/__init__.py:150: error: All conditional function variants must have identical signatures  [misc]
lukhas/core/colonies/__init__.py:150: note: Original:
lukhas/core/colonies/__init__.py:150: note:     def get_global_communication_fabric() -> EfficientCommunicationFabric
lukhas/core/colonies/__init__.py:150: note: Redefinition:
lukhas/core/colonies/__init__.py:150: note:     def get_global_communication_fabric() -> Any
lukhas/core/colonies/__init__.py:153: error: Name "MessagePriority" already defined (possibly by an import)  [no-redef]
lukhas/core/colonies/__init__.py:161: error: Name "AIAgentAggregate" already defined (possibly by an import)  [no-redef]
lukhas/core/colonies/__init__.py:168: error: All conditional function variants must have identical signatures  [misc]
lukhas/core/colonies/__init__.py:168: note: Original:
lukhas/core/colonies/__init__.py:168: note:     def get_global_event_store() -> EventStore
lukhas/core/colonies/__init__.py:168: note: Redefinition:
lukhas/core/colonies/__init__.py:168: note:     def get_global_event_store() -> Any
lukhas/core/colonies/__init__.py:172: error: All conditional function variants must have identical signatures  [misc]
lukhas/core/colonies/__init__.py:172: note: Original:
lukhas/core/colonies/__init__.py:172: note:     def create_ai_tracer(agent_id: str) -> AIAgentTracer
lukhas/core/colonies/__init__.py:172: note: Redefinition:
lukhas/core/colonies/__init__.py:172: note:     def create_ai_tracer(tracer_id: str) -> Any
lukhas/core/colonies/__init__.py:176: error: Name "TagScope" already defined (possibly by an import)  [no-redef]
lukhas/bridge/llm_wrappers/unified_openai_client.py:29: error: All conditional function variants must have identical signatures  [misc]
lukhas/bridge/llm_wrappers/unified_openai_client.py:29: note: Original:
lukhas/bridge/llm_wrappers/unified_openai_client.py:29: note:     def retry(max_attempts: int = ..., delay: float = ..., backoff: float = ..., exceptions: tuple[type[Exception], ...] = ..., on_retry: Callable[[Exception, int], None] | None = ...) -> Callable[..., Any]
lukhas/bridge/llm_wrappers/unified_openai_client.py:29: note: Redefinition:
lukhas/bridge/llm_wrappers/unified_openai_client.py:29: note:     def retry(*args: Any, **kwargs: Any) -> Any
lukhas/bridge/llm_wrappers/unified_openai_client.py:37: error: All conditional function variants must have identical signatures  [misc]
lukhas/bridge/llm_wrappers/unified_openai_client.py:37: note: Original:
lukhas/bridge/llm_wrappers/unified_openai_client.py:37: note:     def with_timeout(timeout: float, error_message: str | None = ...) -> Callable[..., Any]
lukhas/bridge/llm_wrappers/unified_openai_client.py:37: note: Redefinition:
lukhas/bridge/llm_wrappers/unified_openai_client.py:37: note:     def with_timeout(*args: Any, **kwargs: Any) -> Any
lukhas/bridge/llm_wrappers/unified_openai_client.py:53: error: Incompatible types in assignment (expression has type "None", variable has type "LUKHASConfig")  [assignment]
lukhas/bridge/llm_wrappers/unified_openai_client.py:143: error: Incompatible types in assignment (expression has type "str | None", variable has type "str")  [assignment]
branding/integrations/llm_bridge.py:72: error: Need type annotation for "providers" (hint: "providers: dict[<type>, <type>] = ...")  [var-annotated]
branding/integrations/llm_bridge.py:73: error: Need type annotation for "provider_status" (hint: "provider_status: dict[<type>, <type>] = ...")  [var-annotated]
lukhas/bridge/llm_wrappers/openai_modulated_service.py:28: error: Cannot assign to a type  [misc]
lukhas/bridge/llm_wrappers/openai_modulated_service.py:28: error: Incompatible types in assignment (expression has type "None", variable has type "type[UnifiedOpenAIClient]")  [assignment]
lukhas/bridge/llm_wrappers/__init__.py:32: error: Cannot assign to a type  [misc]
lukhas/bridge/llm_wrappers/__init__.py:32: error: Incompatible types in assignment (expression has type "None", variable has type "type[UnifiedOpenAIClient]")  [assignment]
lukhas/bridge/llm_wrappers/__init__.py:33: error: Cannot assign multiple types to name "GPTClient" without an explicit "type[...]" annotation  [misc]
lukhas/bridge/llm_wrappers/__init__.py:33: error: Incompatible types in assignment (expression has type "None", variable has type "type[UnifiedOpenAIClient]")  [assignment]
lukhas/bridge/llm_wrappers/__init__.py:34: error: Cannot assign multiple types to name "LukhasOpenAIClient" without an explicit "type[...]" annotation  [misc]
lukhas/bridge/llm_wrappers/__init__.py:34: error: Incompatible types in assignment (expression has type "None", variable has type "type[UnifiedOpenAIClient]")  [assignment]
lukhas/bridge/llm_wrappers/__init__.py:35: error: Cannot assign multiple types to name "OpenAIWrapper" without an explicit "type[...]" annotation  [misc]
lukhas/bridge/llm_wrappers/__init__.py:35: error: Incompatible types in assignment (expression has type "None", variable has type "type[UnifiedOpenAIClient]")  [assignment]
Found 326 errors in 51 files (checked 98 source files)
