<?xml version="1.0" encoding="utf-8"?><testsuites name="pytest tests"><testsuite name="pytest" errors="1" failures="0" skipped="0" tests="1" time="0.175" timestamp="2025-09-01T12:10:04.022733+01:00" hostname="g.local"><testcase classname="" name="tests.gdpr.test_erasure_validation" time="0.000"><error message="collection failure">test_erasure_validation.py:24: in &lt;module&gt;
    from candidate.aka_qualia.models import PhenomenalGlyph, PhenomenalScene, ProtoQualia
../../candidate/aka_qualia/__init__.py:36: in &lt;module&gt;
    from candidate.aka_qualia.core import AkaQualia
../../candidate/aka_qualia/core.py:24: in &lt;module&gt;
    from candidate.aka_qualia.oneiric_hook import OneiricHook, create_oneiric_hook
../../candidate/aka_qualia/oneiric_hook.py:18: in &lt;module&gt;
    import requests
../../../../Library/Python/3.9/lib/python/site-packages/requests/__init__.py:43: in &lt;module&gt;
    import urllib3
../../../../Library/Python/3.9/lib/python/site-packages/urllib3/__init__.py:35: in &lt;module&gt;
    warnings.warn(
E   urllib3.exceptions.NotOpenSSLWarning: urllib3 v2 only supports OpenSSL 1.1.1+, currently the 'ssl' module is compiled with 'LibreSSL 2.8.3'. See: https://github.com/urllib3/urllib3/issues/3020</error></testcase></testsuite></testsuites>